Log file open, 02/26/20 14:27:54
LogWindows: Failed to load 'aqProf.dll' (GetLastError=126)
LogWindows: File 'aqProf.dll' does not exist
LogWindows: Failed to load 'VtuneApi.dll' (GetLastError=126)
LogWindows: File 'VtuneApi.dll' does not exist
LogWindows: Failed to load 'VtuneApi32e.dll' (GetLastError=126)
LogWindows: File 'VtuneApi32e.dll' does not exist
LogConsoleResponse: Display: Failed to find resolution value strings in scalability ini. Falling back to default.
LogInit: Display: Running engine for game: RealeaseGame
LogPlatformFile: Not using cached read wrapper
LogTaskGraph: Started task graph with 5 named threads and 23 total threads with 3 sets of task threads.
LogStats: Stats thread started at 0.064334
LogD3D11RHI: Loaded GFSDK_Aftermath_Lib.x64.dll
LogICUInternationalization: ICU TimeZone Detection - Raw Offset: +1:00, Platform Override: ''
LogPluginManager: Mounting plugin Paper2D
LogPluginManager: Mounting plugin AISupport
LogPluginManager: Mounting plugin LightPropagationVolume
LogPluginManager: Mounting plugin ActorLayerUtilities
LogPluginManager: Mounting plugin AnimationSharing
LogPluginManager: Mounting plugin CLionSourceCodeAccess
LogPluginManager: Mounting plugin CodeLiteSourceCodeAccess
LogPluginManager: Mounting plugin GitSourceControl
LogPluginManager: Mounting plugin KDevelopSourceCodeAccess
LogPluginManager: Mounting plugin NullSourceCodeAccess
LogPluginManager: Mounting plugin PerforceSourceControl
LogPluginManager: Mounting plugin PlasticSourceControl
LogPluginManager: Mounting plugin SubversionSourceControl
LogPluginManager: Mounting plugin UObjectPlugin
LogPluginManager: Mounting plugin VisualStudioCodeSourceCodeAccess
LogPluginManager: Mounting plugin VisualStudioSourceCodeAccess
LogPluginManager: Mounting plugin XCodeSourceCodeAccess
LogPluginManager: Mounting plugin AssetManagerEditor
LogPluginManager: Mounting plugin CryptoKeys
LogPluginManager: Mounting plugin CurveEditorTools
LogPluginManager: Mounting plugin DataValidation
LogPluginManager: Mounting plugin FacialAnimation
LogPluginManager: Mounting plugin GameplayTagsEditor
LogPluginManager: Mounting plugin MacGraphicsSwitching
LogPluginManager: Mounting plugin MaterialAnalyzer
LogPluginManager: Mounting plugin MobileLauncherProfileWizard
LogPluginManager: Mounting plugin PluginBrowser
LogPluginManager: Mounting plugin SpeedTreeImporter
LogPluginManager: Mounting plugin DatasmithContent
LogPluginManager: Mounting plugin VariantManagerContent
LogPluginManager: Mounting plugin AlembicImporter
LogPluginManager: Mounting plugin AutomationUtils
LogPluginManager: Mounting plugin BackChannel
LogPluginManager: Mounting plugin CharacterAI
LogPluginManager: Mounting plugin GeometryCache
LogPluginManager: Mounting plugin PlatformCrypto
LogPluginManager: Mounting plugin ProxyLODPlugin
LogPluginManager: Mounting plugin SkeletalReduction
LogPluginManager: Mounting plugin MagicLeap
LogPluginManager: Mounting plugin MagicLeapMedia
LogPluginManager: Mounting plugin MLSDK
LogPluginManager: Mounting plugin AndroidMedia
LogPluginManager: Mounting plugin AvfMedia
LogPluginManager: Mounting plugin ImgMedia
LogPluginManager: Mounting plugin MediaCompositing
LogPluginManager: Mounting plugin MediaPlayerEditor
LogPluginManager: Mounting plugin WebMMedia
LogPluginManager: Mounting plugin WmfMedia
LogPluginManager: Mounting plugin TcpMessaging
LogPluginManager: Mounting plugin UdpMessaging
LogPluginManager: Mounting plugin ActorSequence
LogPluginManager: Mounting plugin LevelSequenceEditor
LogPluginManager: Mounting plugin MatineeToLevelSequence
LogPluginManager: Mounting plugin NetcodeUnitTest
LogPluginManager: Mounting plugin NUTUnrealEngine4
LogPluginManager: Mounting plugin OnlineSubsystemGooglePlay
LogPluginManager: Mounting plugin OnlineSubsystemIOS
LogPluginManager: Mounting plugin OnlineSubsystem
LogPluginManager: Mounting plugin OnlineSubsystemNull
LogPluginManager: Mounting plugin OnlineSubsystemUtils
LogPluginManager: Mounting plugin LauncherChunkInstaller
LogPluginManager: Mounting plugin AndroidDeviceProfileSelector
LogPluginManager: Mounting plugin AndroidMoviePlayer
LogPluginManager: Mounting plugin AndroidPermission
LogPluginManager: Mounting plugin AppleImageUtils
LogPluginManager: Mounting plugin AppleMoviePlayer
LogPluginManager: Mounting plugin ArchVisCharacter
LogPluginManager: Mounting plugin AssetTags
LogPluginManager: Mounting plugin AudioCapture
LogPluginManager: Mounting plugin CableComponent
LogPluginManager: Mounting plugin CustomMeshComponent
LogPluginManager: Mounting plugin EditableMesh
LogPluginManager: Mounting plugin ExampleDeviceProfileSelector
LogPluginManager: Mounting plugin GoogleCloudMessaging
LogPluginManager: Mounting plugin IOSDeviceProfileSelector
LogPluginManager: Mounting plugin LinuxDeviceProfileSelector
LogPluginManager: Mounting plugin LocationServicesBPLibrary
LogPluginManager: Mounting plugin MobilePatchingUtils
LogPluginManager: Mounting plugin OculusVR
LogPluginManager: Mounting plugin PhysXVehicles
LogPluginManager: Mounting plugin PostSplashScreen
LogPluginManager: Mounting plugin ProceduralMeshComponent
LogPluginManager: Mounting plugin RuntimePhysXCooking
LogPluginManager: Mounting plugin SignificanceManager
LogPluginManager: Mounting plugin SteamVR
LogPluginManager: Mounting plugin WebMMoviePlayer
LogPluginManager: Mounting plugin WindowsMoviePlayer
LogPluginManager: Mounting plugin ScreenshotTools
LogInit: Using libcurl 7.55.1-DEV
LogInit:  - built for x86_64-pc-win32
LogInit:  - supports SSL with OpenSSL/1.1.1
LogInit:  - supports HTTP deflate (compression) using libz 1.2.8
LogInit:  - other features:
LogInit:      CURL_VERSION_SSL
LogInit:      CURL_VERSION_LIBZ
LogInit:      CURL_VERSION_IPV6
LogInit:      CURL_VERSION_ASYNCHDNS
LogInit:      CURL_VERSION_LARGEFILE
LogInit:      CURL_VERSION_IDN
LogInit:  CurlRequestOptions (configurable via config and command line):
LogInit:  - bVerifyPeer = true  - Libcurl will verify peer certificate
LogInit:  - bUseHttpProxy = false  - Libcurl will NOT use HTTP proxy
LogInit:  - bDontReuseConnections = false  - Libcurl will reuse connections
LogInit:  - MaxHostConnections = 16  - Libcurl will limit the number of connections to a host
LogInit:  - LocalHostAddr = Default
LogInit:  - BufferSize = 65536
LogOnline: OSS: Creating online subsystem instance for: NULL
LogInit: WinSock: version 1.1 (2.2), MaxSocks=32767, MaxUdp=65467
LogOnline: OSS: TryLoadSubsystemAndSetDefault: Loaded subsystem for module [NULL]
LogHMD: Failed initializing OVRPlugin 1.40.0
LogInit: Build: ++UE4+Release-4.24-CL-11590370
LogInit: Engine Version: 4.24.3-11590370+++UE4+Release-4.24
LogInit: Compatible Engine Version: 4.24.0-10570792+++UE4+Release-4.24
LogInit: Net CL: 10570792
LogInit: OS: Windows 10 (Release 1903) (), CPU: Intel(R) Core(TM) i7-7700HQ CPU @ 2.80GHz, GPU: Intel(R) HD Graphics 630
LogInit: Compiled (64-bit): Feb 24 2020 15:39:18
LogInit: Compiled with Visual C++: 19.16.27032.01
LogInit: Build Configuration: Development
LogInit: Branch Name: ++UE4+Release-4.24
LogInit: Command Line: 
LogInit: Base Directory: D:/Unreal/UE_4.24/Engine/Binaries/Win64/
LogInit: Installed Engine Build: 1
LogDevObjectVersion: Number of dev versions registered: 25
LogDevObjectVersion:   Dev-Blueprints (B0D832E4-1F89-4F0D-ACCF-7EB736FD4AA2): 10
LogDevObjectVersion:   Dev-Build (E1C64328-A22C-4D53-A36C-8E866417BD8C): 0
LogDevObjectVersion:   Dev-Core (375EC13C-06E4-48FB-B500-84F0262A717E): 3
LogDevObjectVersion:   Dev-Editor (E4B068ED-F494-42E9-A231-DA0B2E46BB41): 37
LogDevObjectVersion:   Dev-Framework (CFFC743F-43B0-4480-9391-14DF171D2073): 36
LogDevObjectVersion:   Dev-Mobile (B02B49B5-BB20-44E9-A304-32B752E40360): 2
LogDevObjectVersion:   Dev-Networking (A4E4105C-59A1-49B5-A7C5-40C4547EDFEE): 0
LogDevObjectVersion:   Dev-Online (39C831C9-5AE6-47DC-9A44-9C173E1C8E7C): 0
LogDevObjectVersion:   Dev-Physics (78F01B33-EBEA-4F98-B9B4-84EACCB95AA2): 2
LogDevObjectVersion:   Dev-Platform (6631380F-2D4D-43E0-8009-CF276956A95A): 0
LogDevObjectVersion:   Dev-Rendering (12F88B9F-8875-4AFC-A67C-D90C383ABD29): 36
LogDevObjectVersion:   Dev-Sequencer (7B5AE74C-D270-4C10-A958-57980B212A5A): 11
LogDevObjectVersion:   Dev-VR (D7296918-1DD6-4BDD-9DE2-64A83CC13884): 2
LogDevObjectVersion:   Dev-LoadTimes (C2A15278-BFE7-4AFE-6C17-90FF531DF755): 1
LogDevObjectVersion:   Private-Geometry (6EACA3D4-40EC-4CC1-B786-8BED09428FC5): 3
LogDevObjectVersion:   Dev-AnimPhys (29E575DD-E0A3-4627-9D10-D276232CDCEA): 17
LogDevObjectVersion:   Dev-Anim (AF43A65D-7FD3-4947-9873-3E8ED9C1BB05): 2
LogDevObjectVersion:   Dev-ReflectionCapture (6B266CEC-1EC7-4B8F-A30B-E4D90942FC07): 1
LogDevObjectVersion:   Dev-Automation (0DF73D61-A23F-47EA-B727-89E90C41499A): 1
LogDevObjectVersion:   FortniteMain (601D1886-AC64-4F84-AA16-D3DE0DEAC7D6): 31
LogDevObjectVersion:   Dev-Enterprise (9DFFBCD6-494F-0158-E221-12823C92A888): 8
LogDevObjectVersion:   Dev-Niagara (F2AED0AC-9AFE-416F-8664-AA7FFA26D6FC): 1
LogDevObjectVersion:   Dev-Destruction (174F1F0B-B4C6-45A5-B13F-2EE8D0FB917D): 9
LogDevObjectVersion:   Dev-Physics-Ext (35F94A83-E258-406C-A318-09F59610247C): 8
LogDevObjectVersion:   Dev-CineCamera (B2E18506-4273-CFC2-A54E-F4BB758BBA07): 1
LogInit: Presizing for max 25165824 objects, including 0 objects not considered by GC, pre-allocating 0 bytes for permanent pool.
LogInit: Object subsystem initialized
LogConfig: Setting CVar [[con.DebugEarlyDefault:1]]
LogConfig: Setting CVar [[r.setres:1280x720]]
[2020.02.26-13.27.55:552][  0]LogConfig: Setting CVar [[r.VSync:0]]
[2020.02.26-13.27.55:552][  0]LogConfig: Setting CVar [[r.RHICmdBypass:0]]
[2020.02.26-13.27.55:552][  0]LogConfig: Applying CVar settings from Section [/Script/Engine.RendererSettings] File [D:/startup/StartUp/RealeaseGame/Saved/Config/Windows/Engine.ini]
[2020.02.26-13.27.55:552][  0]LogConfig: Setting CVar [[r.GPUCrashDebugging:0]]
[2020.02.26-13.27.55:552][  0]LogConfig: Setting CVar [[r.MobileHDR:1]]
[2020.02.26-13.27.55:552][  0]LogConfig: Setting CVar [[r.Mobile.DisableVertexFog:1]]
[2020.02.26-13.27.55:552][  0]LogConfig: Setting CVar [[r.Shadow.CSM.MaxMobileCascades:2]]
[2020.02.26-13.27.55:552][  0]LogConfig: Setting CVar [[r.MobileMSAA:1]]
[2020.02.26-13.27.55:552][  0]LogConfig: Setting CVar [[r.Mobile.UseLegacyShadingModel:0]]
[2020.02.26-13.27.55:552][  0]LogConfig: Setting CVar [[r.Mobile.UseHWsRGBEncoding:0]]
[2020.02.26-13.27.55:552][  0]LogConfig: Setting CVar [[r.Mobile.AllowDitheredLODTransition:0]]
[2020.02.26-13.27.55:552][  0]LogConfig: Setting CVar [[r.Mobile.AllowSoftwareOcclusion:0]]
[2020.02.26-13.27.55:552][  0]LogConfig: Setting CVar [[r.DiscardUnusedQuality:0]]
[2020.02.26-13.27.55:552][  0]LogConfig: Setting CVar [[r.AllowOcclusionQueries:1]]
[2020.02.26-13.27.55:552][  0]LogConfig: Setting CVar [[r.MinScreenRadiusForLights:0.030000]]
[2020.02.26-13.27.55:552][  0]LogConfig: Setting CVar [[r.MinScreenRadiusForDepthPrepass:0.030000]]
[2020.02.26-13.27.55:552][  0]LogConfig: Setting CVar [[r.MinScreenRadiusForCSMDepth:0.010000]]
[2020.02.26-13.27.55:552][  0]LogConfig: Setting CVar [[r.PrecomputedVisibilityWarning:0]]
[2020.02.26-13.27.55:552][  0]LogConfig: Setting CVar [[r.TextureStreaming:1]]
[2020.02.26-13.27.55:552][  0]LogConfig: Setting CVar [[Compat.UseDXT5NormalMaps:0]]
[2020.02.26-13.27.55:552][  0]LogConfig: Setting CVar [[r.VirtualTextures:0]]
[2020.02.26-13.27.55:552][  0]LogConfig: Setting CVar [[r.VirtualTexturedLightmaps:0]]
[2020.02.26-13.27.55:552][  0]LogConfig: Setting CVar [[r.VT.TileSize:128]]
[2020.02.26-13.27.55:552][  0]LogConfig: Setting CVar [[r.VT.TileBorderSize:4]]
[2020.02.26-13.27.55:552][  0]LogConfig: Setting CVar [[r.vt.FeedbackFactor:16]]
[2020.02.26-13.27.55:552][  0]LogConfig: Setting CVar [[r.VT.EnableCompressZlib:1]]
[2020.02.26-13.27.55:552][  0]LogConfig: Setting CVar [[r.VT.EnableCompressCrunch:0]]
[2020.02.26-13.27.55:552][  0]LogConfig: Setting CVar [[r.ClearCoatNormal:0]]
[2020.02.26-13.27.55:552][  0]LogConfig: Setting CVar [[r.ReflectionCaptureResolution:128]]
[2020.02.26-13.27.55:552][  0]LogConfig: Setting CVar [[r.ReflectionEnvironmentLightmapMixBasedOnRoughness:1]]
[2020.02.26-13.27.55:552][  0]LogConfig: Setting CVar [[r.ForwardShading:0]]
[2020.02.26-13.27.55:552][  0]LogConfig: Setting CVar [[r.VertexFoggingForOpaque:1]]
[2020.02.26-13.27.55:553][  0]LogConfig: Setting CVar [[r.AllowStaticLighting:1]]
[2020.02.26-13.27.55:553][  0]LogConfig: Setting CVar [[r.NormalMapsForStaticLighting:0]]
[2020.02.26-13.27.55:553][  0]LogConfig: Setting CVar [[r.GenerateMeshDistanceFields:0]]
[2020.02.26-13.27.55:553][  0]LogConfig: Setting CVar [[r.DistanceFieldBuild.EightBit:0]]
[2020.02.26-13.27.55:553][  0]LogConfig: Setting CVar [[r.GenerateLandscapeGIData:0]]
[2020.02.26-13.27.55:553][  0]LogConfig: Setting CVar [[r.DistanceFieldBuild.Compress:0]]
[2020.02.26-13.27.55:553][  0]LogConfig: Setting CVar [[r.TessellationAdaptivePixelsPerTriangle:48.000000]]
[2020.02.26-13.27.55:553][  0]LogConfig: Setting CVar [[r.SeparateTranslucency:0]]
[2020.02.26-13.27.55:553][  0]LogConfig: Setting CVar [[r.TranslucentSortPolicy:0]]
[2020.02.26-13.27.55:553][  0]LogConfig: Setting CVar [[r.CustomDepth:1]]
[2020.02.26-13.27.55:553][  0]LogConfig: Setting CVar [[r.CustomDepthTemporalAAJitter:1]]
[2020.02.26-13.27.55:553][  0]LogConfig: Setting CVar [[r.PostProcessing.PropagateAlpha:0]]
[2020.02.26-13.27.55:553][  0]LogConfig: Setting CVar [[r.DefaultFeature.Bloom:1]]
[2020.02.26-13.27.55:553][  0]LogConfig: Setting CVar [[r.DefaultFeature.AmbientOcclusion:0]]
[2020.02.26-13.27.55:553][  0]LogConfig: Setting CVar [[r.DefaultFeature.AmbientOcclusionStaticFraction:1]]
[2020.02.26-13.27.55:553][  0]LogConfig: Setting CVar [[r.DefaultFeature.AutoExposure:0]]
[2020.02.26-13.27.55:553][  0]LogConfig: Setting CVar [[r.DefaultFeature.AutoExposure.Method:0]]
[2020.02.26-13.27.55:553][  0]LogConfig: Setting CVar [[r.DefaultFeature.AutoExposure.ExtendDefaultLuminanceRange:0]]
[2020.02.26-13.27.55:553][  0]LogConfig: Setting CVar [[r.UsePreExposure:1]]
[2020.02.26-13.27.55:553][  0]LogConfig: Setting CVar [[r.EyeAdaptation.EditorOnly:1]]
[2020.02.26-13.27.55:553][  0]LogConfig: Setting CVar [[r.DefaultFeature.MotionBlur:0]]
[2020.02.26-13.27.55:553][  0]LogConfig: Setting CVar [[r.DefaultFeature.LensFlare:0]]
[2020.02.26-13.27.55:553][  0]LogConfig: Setting CVar [[r.TemporalAA.Upsampling:0]]
[2020.02.26-13.27.55:553][  0]LogConfig: Setting CVar [[r.SSGI.Enable:0]]
[2020.02.26-13.27.55:553][  0]LogConfig: Setting CVar [[r.DefaultFeature.AntiAliasing:0]]
[2020.02.26-13.27.55:553][  0]LogConfig: Setting CVar [[r.DefaultFeature.LightUnits:1]]
[2020.02.26-13.27.55:553][  0]LogConfig: Setting CVar [[r.DefaultBackBufferPixelFormat:4]]
[2020.02.26-13.27.55:553][  0]LogConfig: Setting CVar [[r.Shadow.UnbuiltPreviewInGame:1]]
[2020.02.26-13.27.55:553][  0]LogConfig: Setting CVar [[r.StencilForLODDither:0]]
[2020.02.26-13.27.55:553][  0]LogConfig: Setting CVar [[r.EarlyZPass:3]]
[2020.02.26-13.27.55:553][  0]LogConfig: Setting CVar [[r.EarlyZPassOnlyMaterialMasking:0]]
[2020.02.26-13.27.55:553][  0]LogConfig: Setting CVar [[r.DBuffer:1]]
[2020.02.26-13.27.55:553][  0]LogConfig: Setting CVar [[r.ClearSceneMethod:1]]
[2020.02.26-13.27.55:553][  0]LogConfig: Setting CVar [[r.BasePassOutputsVelocity:0]]
[2020.02.26-13.27.55:553][  0]LogConfig: Setting CVar [[r.SelectiveBasePassOutputs:0]]
[2020.02.26-13.27.55:553][  0]LogConfig: Setting CVar [[fx.GPUSimulationTextureSizeX:1024]]
[2020.02.26-13.27.55:553][  0]LogConfig: Setting CVar [[fx.GPUSimulationTextureSizeY:1024]]
[2020.02.26-13.27.55:553][  0]LogConfig: Setting CVar [[r.AllowGlobalClipPlane:0]]
[2020.02.26-13.27.55:553][  0]LogConfig: Setting CVar [[r.GBufferFormat:1]]
[2020.02.26-13.27.55:553][  0]LogConfig: Setting CVar [[r.MorphTarget.Mode:1]]
[2020.02.26-13.27.55:553][  0]LogConfig: Setting CVar [[vr.InstancedStereo:0]]
[2020.02.26-13.27.55:553][  0]LogConfig: Setting CVar [[vr.MultiView:0]]
[2020.02.26-13.27.55:553][  0]LogConfig: Setting CVar [[vr.MobileMultiView:0]]
[2020.02.26-13.27.55:553][  0]LogConfig: Setting CVar [[vr.MobileMultiView.Direct:0]]
[2020.02.26-13.27.55:553][  0]LogConfig: Setting CVar [[vr.RoundRobinOcclusion:0]]
[2020.02.26-13.27.55:553][  0]LogConfig: Setting CVar [[vr.ODSCapture:0]]
[2020.02.26-13.27.55:553][  0]LogConfig: Setting CVar [[r.WireframeCullThreshold:5.000000]]
[2020.02.26-13.27.55:553][  0]LogConfig: Setting CVar [[r.RayTracing:0]]
[2020.02.26-13.27.55:553][  0]LogConfig: Setting CVar [[r.RayTracing.UseTextureLod:0]]
[2020.02.26-13.27.55:553][  0]LogConfig: Setting CVar [[r.SupportStationarySkylight:1]]
[2020.02.26-13.27.55:553][  0]LogConfig: Setting CVar [[r.SupportLowQualityLightmaps:1]]
[2020.02.26-13.27.55:553][  0]LogConfig: Setting CVar [[r.SupportPointLightWholeSceneShadows:1]]
[2020.02.26-13.27.55:553][  0]LogConfig: Setting CVar [[r.SupportAtmosphericFog:1]]
[2020.02.26-13.27.55:553][  0]LogConfig: Setting CVar [[r.SupportSkyAtmosphere:1]]
[2020.02.26-13.27.55:553][  0]LogConfig: Setting CVar [[r.SupportSkyAtmosphereAffectsHeightFog:0]]
[2020.02.26-13.27.55:553][  0]LogConfig: Setting CVar [[r.SkinCache.CompileShaders:0]]
[2020.02.26-13.27.55:553][  0]LogConfig: Setting CVar [[r.Mobile.EnableStaticAndCSMShadowReceivers:1]]
[2020.02.26-13.27.55:553][  0]LogConfig: Setting CVar [[r.Mobile.EnableMovableLightCSMShaderCulling:1]]
[2020.02.26-13.27.55:553][  0]LogConfig: Setting CVar [[r.Mobile.AllowDistanceFieldShadows:1]]
[2020.02.26-13.27.55:553][  0]LogConfig: Setting CVar [[r.Mobile.AllowMovableDirectionalLights:1]]
[2020.02.26-13.27.55:553][  0]LogConfig: Setting CVar [[r.MobileNumDynamicPointLights:4]]
[2020.02.26-13.27.55:553][  0]LogConfig: Setting CVar [[r.MobileDynamicPointLightsUseStaticBranch:1]]
[2020.02.26-13.27.55:553][  0]LogConfig: Setting CVar [[r.Mobile.EnableMovableSpotlights:0]]
[2020.02.26-13.27.55:553][  0]LogConfig: Setting CVar [[r.SkinCache.SceneMemoryLimitInMB:128.000000]]
[2020.02.26-13.27.55:553][  0]LogConfig: Setting CVar [[r.GPUSkin.Limit2BoneInfluences:0]]
[2020.02.26-13.27.55:553][  0]LogConfig: Setting CVar [[r.SupportDepthOnlyIndexBuffers:1]]
[2020.02.26-13.27.55:553][  0]LogConfig: Setting CVar [[r.SupportReversedIndexBuffers:1]]
[2020.02.26-13.27.55:553][  0]LogConfig: Setting CVar [[r.SupportMaterialLayers:0]]
[2020.02.26-13.27.55:553][  0]LogConfig: Setting CVar [[r.LightPropagationVolume:0]]
[2020.02.26-13.27.55:553][  0]LogConfig: Applying CVar settings from Section [/Script/Engine.RendererOverrideSettings] File [D:/startup/StartUp/RealeaseGame/Saved/Config/Windows/Engine.ini]
[2020.02.26-13.27.55:553][  0]LogConfig: Applying CVar settings from Section [/Script/Engine.StreamingSettings] File [D:/startup/StartUp/RealeaseGame/Saved/Config/Windows/Engine.ini]
[2020.02.26-13.27.55:553][  0]LogConfig: Setting CVar [[s.MinBulkDataSizeForAsyncLoading:131072]]
[2020.02.26-13.27.55:553][  0]LogConfig: Setting CVar [[s.AsyncLoadingThreadEnabled:0]]
[2020.02.26-13.27.55:553][  0]LogConfig: Setting CVar [[s.EventDrivenLoaderEnabled:1]]
[2020.02.26-13.27.55:554][  0]LogConfig: Setting CVar [[s.WarnIfTimeLimitExceeded:0]]
[2020.02.26-13.27.55:554][  0]LogConfig: Setting CVar [[s.TimeLimitExceededMultiplier:1.5]]
[2020.02.26-13.27.55:554][  0]LogConfig: Setting CVar [[s.TimeLimitExceededMinTime:0.005]]
[2020.02.26-13.27.55:554][  0]LogConfig: Setting CVar [[s.UseBackgroundLevelStreaming:1]]
[2020.02.26-13.27.55:554][  0]LogConfig: Setting CVar [[s.PriorityAsyncLoadingExtraTime:15.0]]
[2020.02.26-13.27.55:554][  0]LogConfig: Setting CVar [[s.LevelStreamingActorsUpdateTimeLimit:5.0]]
[2020.02.26-13.27.55:554][  0]LogConfig: Setting CVar [[s.PriorityLevelStreamingActorsUpdateExtraTime:5.0]]
[2020.02.26-13.27.55:554][  0]LogConfig: Setting CVar [[s.LevelStreamingComponentsRegistrationGranularity:10]]
[2020.02.26-13.27.55:554][  0]LogConfig: Setting CVar [[s.UnregisterComponentsTimeLimit:1.0]]
[2020.02.26-13.27.55:554][  0]LogConfig: Setting CVar [[s.LevelStreamingComponentsUnregistrationGranularity:5]]
[2020.02.26-13.27.55:554][  0]LogConfig: Setting CVar [[s.FlushStreamingOnExit:1]]
[2020.02.26-13.27.55:554][  0]LogConfig: Applying CVar settings from Section [/Script/Engine.GarbageCollectionSettings] File [D:/startup/StartUp/RealeaseGame/Saved/Config/Windows/Engine.ini]
[2020.02.26-13.27.55:554][  0]LogConfig: Setting CVar [[gc.MaxObjectsNotConsideredByGC:1]]
[2020.02.26-13.27.55:554][  0]LogConfig: Setting CVar [[gc.SizeOfPermanentObjectPool:0]]
[2020.02.26-13.27.55:554][  0]LogConfig: Setting CVar [[gc.FlushStreamingOnGC:0]]
[2020.02.26-13.27.55:554][  0]LogConfig: Setting CVar [[gc.NumRetriesBeforeForcingGC:10]]
[2020.02.26-13.27.55:554][  0]LogConfig: Setting CVar [[gc.AllowParallelGC:1]]
[2020.02.26-13.27.55:554][  0]LogConfig: Setting CVar [[gc.TimeBetweenPurgingPendingKillObjects:61.1]]
[2020.02.26-13.27.55:554][  0]LogConfig: Setting CVar [[gc.MaxObjectsInEditor:25165824]]
[2020.02.26-13.27.55:554][  0]LogConfig: Setting CVar [[gc.IncrementalBeginDestroyEnabled:1]]
[2020.02.26-13.27.55:554][  0]LogConfig: Setting CVar [[gc.CreateGCClusters:1]]
[2020.02.26-13.27.55:554][  0]LogConfig: Setting CVar [[gc.MinGCClusterSize:5]]
[2020.02.26-13.27.55:554][  0]LogConfig: Setting CVar [[gc.ActorClusteringEnabled:0]]
[2020.02.26-13.27.55:554][  0]LogConfig: Setting CVar [[gc.BlueprintClusteringEnabled:0]]
[2020.02.26-13.27.55:554][  0]LogConfig: Setting CVar [[gc.UseDisregardForGCOnDedicatedServers:0]]
[2020.02.26-13.27.55:554][  0]LogConfig: Applying CVar settings from Section [/Script/Engine.NetworkSettings] File [D:/startup/StartUp/RealeaseGame/Saved/Config/Windows/Engine.ini]
[2020.02.26-13.27.55:554][  0]LogConfig: Applying CVar settings from Section [/Script/UnrealEd.CookerSettings] File [D:/startup/StartUp/RealeaseGame/Saved/Config/Windows/Engine.ini]
[2020.02.26-13.27.55:556][  0]LogConfig: Applying CVar settings from Section [ViewDistanceQuality@3] File [D:/startup/StartUp/RealeaseGame/Saved/Config/Windows/Scalability.ini]
[2020.02.26-13.27.55:556][  0]LogConfig: Setting CVar [[r.SkeletalMeshLODBias:0]]
[2020.02.26-13.27.55:556][  0]LogConfig: Setting CVar [[r.ViewDistanceScale:1.0]]
[2020.02.26-13.27.55:556][  0]LogConfig: Applying CVar settings from Section [AntiAliasingQuality@3] File [D:/startup/StartUp/RealeaseGame/Saved/Config/Windows/Scalability.ini]
[2020.02.26-13.27.55:556][  0]LogConfig: Setting CVar [[r.PostProcessAAQuality:4]]
[2020.02.26-13.27.55:556][  0]LogConfig: Applying CVar settings from Section [ShadowQuality@3] File [D:/startup/StartUp/RealeaseGame/Saved/Config/Windows/Scalability.ini]
[2020.02.26-13.27.55:556][  0]LogConfig: Setting CVar [[r.LightFunctionQuality:1]]
[2020.02.26-13.27.55:556][  0]LogConfig: Setting CVar [[r.ShadowQuality:5]]
[2020.02.26-13.27.55:556][  0]LogConfig: Setting CVar [[r.Shadow.CSM.MaxCascades:10]]
[2020.02.26-13.27.55:556][  0]LogConfig: Setting CVar [[r.Shadow.MaxResolution:2048]]
[2020.02.26-13.27.55:556][  0]LogConfig: Setting CVar [[r.Shadow.MaxCSMResolution:2048]]
[2020.02.26-13.27.55:556][  0]LogConfig: Setting CVar [[r.Shadow.RadiusThreshold:0.01]]
[2020.02.26-13.27.55:556][  0]LogConfig: Setting CVar [[r.Shadow.DistanceScale:1.0]]
[2020.02.26-13.27.55:556][  0]LogConfig: Setting CVar [[r.Shadow.CSM.TransitionScale:1.0]]
[2020.02.26-13.27.55:556][  0]LogConfig: Setting CVar [[r.Shadow.PreShadowResolutionFactor:1.0]]
[2020.02.26-13.27.55:556][  0]LogConfig: Setting CVar [[r.DistanceFieldShadowing:1]]
[2020.02.26-13.27.55:556][  0]LogConfig: Setting CVar [[r.DistanceFieldAO:1]]
[2020.02.26-13.27.55:556][  0]LogConfig: Setting CVar [[r.AOQuality:2]]
[2020.02.26-13.27.55:556][  0]LogConfig: Setting CVar [[r.VolumetricFog:1]]
[2020.02.26-13.27.55:556][  0]LogConfig: Setting CVar [[r.VolumetricFog.GridPixelSize:8]]
[2020.02.26-13.27.55:556][  0]LogConfig: Setting CVar [[r.VolumetricFog.GridSizeZ:128]]
[2020.02.26-13.27.55:556][  0]LogConfig: Setting CVar [[r.VolumetricFog.HistoryMissSupersampleCount:4]]
[2020.02.26-13.27.55:556][  0]LogConfig: Setting CVar [[r.LightMaxDrawDistanceScale:1]]
[2020.02.26-13.27.55:556][  0]LogConfig: Setting CVar [[r.CapsuleShadows:1]]
[2020.02.26-13.27.55:556][  0]LogConfig: Applying CVar settings from Section [PostProcessQuality@3] File [D:/startup/StartUp/RealeaseGame/Saved/Config/Windows/Scalability.ini]
[2020.02.26-13.27.55:556][  0]LogConfig: Setting CVar [[r.MotionBlurQuality:4]]
[2020.02.26-13.27.55:556][  0]LogConfig: Setting CVar [[r.AmbientOcclusionMipLevelFactor:0.4]]
[2020.02.26-13.27.55:556][  0]LogConfig: Setting CVar [[r.AmbientOcclusionMaxQuality:100]]
[2020.02.26-13.27.55:556][  0]LogConfig: Setting CVar [[r.AmbientOcclusionLevels:-1]]
[2020.02.26-13.27.55:556][  0]LogConfig: Setting CVar [[r.AmbientOcclusionRadiusScale:1.0]]
[2020.02.26-13.27.55:556][  0]LogConfig: Setting CVar [[r.DepthOfFieldQuality:2]]
[2020.02.26-13.27.55:556][  0]LogConfig: Setting CVar [[r.RenderTargetPoolMin:400]]
[2020.02.26-13.27.55:556][  0]LogConfig: Setting CVar [[r.LensFlareQuality:2]]
[2020.02.26-13.27.55:556][  0]LogConfig: Setting CVar [[r.SceneColorFringeQuality:1]]
[2020.02.26-13.27.55:556][  0]LogConfig: Setting CVar [[r.EyeAdaptationQuality:2]]
[2020.02.26-13.27.55:556][  0]LogConfig: Setting CVar [[r.BloomQuality:5]]
[2020.02.26-13.27.55:557][  0]LogConfig: Setting CVar [[r.FastBlurThreshold:100]]
[2020.02.26-13.27.55:557][  0]LogConfig: Setting CVar [[r.Upscale.Quality:3]]
[2020.02.26-13.27.55:557][  0]LogConfig: Setting CVar [[r.Tonemapper.GrainQuantization:1]]
[2020.02.26-13.27.55:557][  0]LogConfig: Setting CVar [[r.LightShaftQuality:1]]
[2020.02.26-13.27.55:557][  0]LogConfig: Setting CVar [[r.Filter.SizeScale:1]]
[2020.02.26-13.27.55:557][  0]LogConfig: Setting CVar [[r.Tonemapper.Quality:5]]
[2020.02.26-13.27.55:557][  0]LogConfig: Setting CVar [[r.DOF.Gather.AccumulatorQuality:1        ; higher gathering accumulator quality]]
[2020.02.26-13.27.55:557][  0]LogConfig: Setting CVar [[r.DOF.Gather.PostfilterMethod:1          ; Median3x3 postfilering method]]
[2020.02.26-13.27.55:557][  0]LogConfig: Setting CVar [[r.DOF.Gather.EnableBokehSettings:0       ; no bokeh simulation when gathering]]
[2020.02.26-13.27.55:557][  0]LogConfig: Setting CVar [[r.DOF.Gather.RingCount:4                 ; medium number of samples when gathering]]
[2020.02.26-13.27.55:557][  0]LogConfig: Setting CVar [[r.DOF.Scatter.ForegroundCompositing:1    ; additive foreground scattering]]
[2020.02.26-13.27.55:557][  0]LogConfig: Setting CVar [[r.DOF.Scatter.BackgroundCompositing:2    ; additive background scattering]]
[2020.02.26-13.27.55:557][  0]LogConfig: Setting CVar [[r.DOF.Scatter.EnableBokehSettings:1      ; bokeh simulation when scattering]]
[2020.02.26-13.27.55:557][  0]LogConfig: Setting CVar [[r.DOF.Scatter.MaxSpriteRatio:0.1         ; only a maximum of 10% of scattered bokeh]]
[2020.02.26-13.27.55:557][  0]LogConfig: Setting CVar [[r.DOF.Recombine.Quality:1                ; cheap slight out of focus]]
[2020.02.26-13.27.55:557][  0]LogConfig: Setting CVar [[r.DOF.Recombine.EnableBokehSettings:0    ; no bokeh simulation on slight out of focus]]
[2020.02.26-13.27.55:557][  0]LogConfig: Setting CVar [[r.DOF.TemporalAAQuality:1                ; more stable temporal accumulation]]
[2020.02.26-13.27.55:557][  0]LogConfig: Setting CVar [[r.DOF.Kernel.MaxForegroundRadius:0.025]]
[2020.02.26-13.27.55:557][  0]LogConfig: Setting CVar [[r.DOF.Kernel.MaxBackgroundRadius:0.025]]
[2020.02.26-13.27.55:557][  0]LogConfig: Applying CVar settings from Section [TextureQuality@3] File [D:/startup/StartUp/RealeaseGame/Saved/Config/Windows/Scalability.ini]
[2020.02.26-13.27.55:557][  0]LogConfig: Setting CVar [[r.Streaming.MipBias:0]]
[2020.02.26-13.27.55:557][  0]LogConfig: Setting CVar [[r.Streaming.AmortizeCPUToGPUCopy:0]]
[2020.02.26-13.27.55:557][  0]LogConfig: Setting CVar [[r.Streaming.MaxNumTexturesToStreamPerFrame:0]]
[2020.02.26-13.27.55:557][  0]LogConfig: Setting CVar [[r.Streaming.Boost:1]]
[2020.02.26-13.27.55:557][  0]LogConfig: Setting CVar [[r.MaxAnisotropy:8]]
[2020.02.26-13.27.55:557][  0]LogConfig: Setting CVar [[r.VT.MaxAnisotropy:8]]
[2020.02.26-13.27.55:557][  0]LogConfig: Setting CVar [[r.Streaming.LimitPoolSizeToVRAM:0]]
[2020.02.26-13.27.55:557][  0]LogConfig: Setting CVar [[r.Streaming.PoolSize:1000]]
[2020.02.26-13.27.55:557][  0]LogConfig: Setting CVar [[r.Streaming.MaxEffectiveScreenSize:0]]
[2020.02.26-13.27.55:557][  0]LogConfig: Applying CVar settings from Section [EffectsQuality@3] File [D:/startup/StartUp/RealeaseGame/Saved/Config/Windows/Scalability.ini]
[2020.02.26-13.27.55:557][  0]LogConfig: Setting CVar [[r.TranslucencyLightingVolumeDim:64]]
[2020.02.26-13.27.55:557][  0]LogConfig: Setting CVar [[r.RefractionQuality:2]]
[2020.02.26-13.27.55:557][  0]LogConfig: Setting CVar [[r.SSR.Quality:3]]
[2020.02.26-13.27.55:557][  0]LogConfig: Setting CVar [[r.SSR.HalfResSceneColor:0]]
[2020.02.26-13.27.55:558][  0]LogConfig: Setting CVar [[r.SceneColorFormat:4]]
[2020.02.26-13.27.55:558][  0]LogConfig: Setting CVar [[r.DetailMode:2]]
[2020.02.26-13.27.55:558][  0]LogConfig: Setting CVar [[r.TranslucencyVolumeBlur:1]]
[2020.02.26-13.27.55:558][  0]LogConfig: Setting CVar [[r.MaterialQualityLevel:1 ; High quality]]
[2020.02.26-13.27.55:558][  0]LogConfig: Setting CVar [[r.SSS.Scale:1]]
[2020.02.26-13.27.55:558][  0]LogConfig: Setting CVar [[r.SSS.SampleSet:2]]
[2020.02.26-13.27.55:558][  0]LogConfig: Setting CVar [[r.SSS.Quality:1]]
[2020.02.26-13.27.55:558][  0]LogConfig: Setting CVar [[r.SSS.HalfRes:1]]
[2020.02.26-13.27.55:558][  0]LogConfig: Setting CVar [[r.SSGI.Quality:3]]
[2020.02.26-13.27.55:558][  0]LogConfig: Setting CVar [[r.EmitterSpawnRateScale:1.0]]
[2020.02.26-13.27.55:558][  0]LogConfig: Setting CVar [[r.ParticleLightQuality:2]]
[2020.02.26-13.27.55:558][  0]LogConfig: Setting CVar [[r.SkyAtmosphere.AerialPerspectiveLUT.FastApplyOnOpaque:1 ; Always have FastSkyLUT 1 in this case to avoid wrong sky]]
[2020.02.26-13.27.55:558][  0]LogConfig: Setting CVar [[r.SkyAtmosphere.AerialPerspectiveLUT.SampleCountPerSlice:1]]
[2020.02.26-13.27.55:558][  0]LogConfig: Setting CVar [[r.SkyAtmosphere.AerialPerspectiveLUT.DepthResolution:16.0]]
[2020.02.26-13.27.55:558][  0]LogConfig: Setting CVar [[r.SkyAtmosphere.FastSkyLUT:1]]
[2020.02.26-13.27.55:558][  0]LogConfig: Setting CVar [[r.SkyAtmosphere.FastSkyLUT.SampleCountMin:4.0]]
[2020.02.26-13.27.55:558][  0]LogConfig: Setting CVar [[r.SkyAtmosphere.FastSkyLUT.SampleCountMax:32.0]]
[2020.02.26-13.27.55:558][  0]LogConfig: Setting CVar [[r.SkyAtmosphere.SampleCountMin:4.0]]
[2020.02.26-13.27.55:558][  0]LogConfig: Setting CVar [[r.SkyAtmosphere.SampleCountMax:32.0]]
[2020.02.26-13.27.55:558][  0]LogConfig: Setting CVar [[r.SkyAtmosphere.TransmittanceLUT.UseSmallFormat:0]]
[2020.02.26-13.27.55:558][  0]LogConfig: Setting CVar [[r.SkyAtmosphere.TransmittanceLUT.SampleCount:10.0]]
[2020.02.26-13.27.55:558][  0]LogConfig: Setting CVar [[r.SkyAtmosphere.MultiScatteringLUT.SampleCount:15.0]]
[2020.02.26-13.27.55:558][  0]LogConfig: Applying CVar settings from Section [FoliageQuality@3] File [D:/startup/StartUp/RealeaseGame/Saved/Config/Windows/Scalability.ini]
[2020.02.26-13.27.55:558][  0]LogConfig: Setting CVar [[foliage.DensityScale:1.0]]
[2020.02.26-13.27.55:558][  0]LogConfig: Setting CVar [[grass.DensityScale:1.0]]
[2020.02.26-13.27.55:558][  0]LogConfig: Applying CVar settings from Section [ShadingQuality@3] File [D:/startup/StartUp/RealeaseGame/Saved/Config/Windows/Scalability.ini]
[2020.02.26-13.27.55:558][  0]LogConfig: Setting CVar [[r.HairStrands.SkyLighting.SampleCount:16]]
[2020.02.26-13.27.55:558][  0]LogConfig: Setting CVar [[r.HairStrands.SkyLighting.JitterIntegration:0]]
[2020.02.26-13.27.55:558][  0]LogConfig: Setting CVar [[r.HairStrands.SkyAO.SampleCount:16]]
[2020.02.26-13.27.55:558][  0]LogInit: Selected Device Profile: [Windows]
[2020.02.26-13.27.55:558][  0]LogInit: Applying CVar settings loaded from the selected device profile: [Windows]
[2020.02.26-13.27.55:559][  0]LogHAL: Display: Platform has ~ 16 GB [17057812480 / 17179869184 / 16], which maps to Larger [LargestMinGB=32, LargerMinGB=12, DefaultMinGB=8, SmallerMinGB=6, SmallestMinGB=0)
[2020.02.26-13.27.55:559][  0]LogInit: Going up to parent DeviceProfile []
[2020.02.26-13.27.55:559][  0]LogConfig: Applying CVar settings from Section [ViewDistanceQuality@3] File [D:/startup/StartUp/RealeaseGame/Saved/Config/Windows/Scalability.ini]
[2020.02.26-13.27.55:559][  0]LogConfig: Setting CVar [[r.SkeletalMeshLODBias:0]]
[2020.02.26-13.27.55:559][  0]LogConfig: Setting CVar [[r.ViewDistanceScale:1.0]]
[2020.02.26-13.27.55:559][  0]LogConfig: Applying CVar settings from Section [AntiAliasingQuality@3] File [D:/startup/StartUp/RealeaseGame/Saved/Config/Windows/Scalability.ini]
[2020.02.26-13.27.55:559][  0]LogConfig: Setting CVar [[r.PostProcessAAQuality:4]]
[2020.02.26-13.27.55:559][  0]LogConfig: Applying CVar settings from Section [ShadowQuality@3] File [D:/startup/StartUp/RealeaseGame/Saved/Config/Windows/Scalability.ini]
[2020.02.26-13.27.55:559][  0]LogConfig: Setting CVar [[r.LightFunctionQuality:1]]
[2020.02.26-13.27.55:559][  0]LogConfig: Setting CVar [[r.ShadowQuality:5]]
[2020.02.26-13.27.55:559][  0]LogConfig: Setting CVar [[r.Shadow.CSM.MaxCascades:10]]
[2020.02.26-13.27.55:560][  0]LogConfig: Setting CVar [[r.Shadow.MaxResolution:2048]]
[2020.02.26-13.27.55:560][  0]LogConfig: Setting CVar [[r.Shadow.MaxCSMResolution:2048]]
[2020.02.26-13.27.55:560][  0]LogConfig: Setting CVar [[r.Shadow.RadiusThreshold:0.01]]
[2020.02.26-13.27.55:560][  0]LogConfig: Setting CVar [[r.Shadow.DistanceScale:1.0]]
[2020.02.26-13.27.55:560][  0]LogConfig: Setting CVar [[r.Shadow.CSM.TransitionScale:1.0]]
[2020.02.26-13.27.55:560][  0]LogConfig: Setting CVar [[r.Shadow.PreShadowResolutionFactor:1.0]]
[2020.02.26-13.27.55:560][  0]LogConfig: Setting CVar [[r.DistanceFieldShadowing:1]]
[2020.02.26-13.27.55:560][  0]LogConfig: Setting CVar [[r.DistanceFieldAO:1]]
[2020.02.26-13.27.55:560][  0]LogConfig: Setting CVar [[r.AOQuality:2]]
[2020.02.26-13.27.55:560][  0]LogConfig: Setting CVar [[r.VolumetricFog:1]]
[2020.02.26-13.27.55:560][  0]LogConfig: Setting CVar [[r.VolumetricFog.GridPixelSize:8]]
[2020.02.26-13.27.55:560][  0]LogConfig: Setting CVar [[r.VolumetricFog.GridSizeZ:128]]
[2020.02.26-13.27.55:560][  0]LogConfig: Setting CVar [[r.VolumetricFog.HistoryMissSupersampleCount:4]]
[2020.02.26-13.27.55:560][  0]LogConfig: Setting CVar [[r.LightMaxDrawDistanceScale:1]]
[2020.02.26-13.27.55:560][  0]LogConfig: Setting CVar [[r.CapsuleShadows:1]]
[2020.02.26-13.27.55:560][  0]LogConfig: Applying CVar settings from Section [PostProcessQuality@3] File [D:/startup/StartUp/RealeaseGame/Saved/Config/Windows/Scalability.ini]
[2020.02.26-13.27.55:560][  0]LogConfig: Setting CVar [[r.MotionBlurQuality:4]]
[2020.02.26-13.27.55:560][  0]LogConfig: Setting CVar [[r.AmbientOcclusionMipLevelFactor:0.4]]
[2020.02.26-13.27.55:560][  0]LogConfig: Setting CVar [[r.AmbientOcclusionMaxQuality:100]]
[2020.02.26-13.27.55:560][  0]LogConfig: Setting CVar [[r.AmbientOcclusionLevels:-1]]
[2020.02.26-13.27.55:560][  0]LogConfig: Setting CVar [[r.AmbientOcclusionRadiusScale:1.0]]
[2020.02.26-13.27.55:560][  0]LogConfig: Setting CVar [[r.DepthOfFieldQuality:2]]
[2020.02.26-13.27.55:560][  0]LogConfig: Setting CVar [[r.RenderTargetPoolMin:400]]
[2020.02.26-13.27.55:560][  0]LogConfig: Setting CVar [[r.LensFlareQuality:2]]
[2020.02.26-13.27.55:560][  0]LogConfig: Setting CVar [[r.SceneColorFringeQuality:1]]
[2020.02.26-13.27.55:560][  0]LogConfig: Setting CVar [[r.EyeAdaptationQuality:2]]
[2020.02.26-13.27.55:560][  0]LogConfig: Setting CVar [[r.BloomQuality:5]]
[2020.02.26-13.27.55:560][  0]LogConfig: Setting CVar [[r.FastBlurThreshold:100]]
[2020.02.26-13.27.55:560][  0]LogConfig: Setting CVar [[r.Upscale.Quality:3]]
[2020.02.26-13.27.55:560][  0]LogConfig: Setting CVar [[r.Tonemapper.GrainQuantization:1]]
[2020.02.26-13.27.55:560][  0]LogConfig: Setting CVar [[r.LightShaftQuality:1]]
[2020.02.26-13.27.55:560][  0]LogConfig: Setting CVar [[r.Filter.SizeScale:1]]
[2020.02.26-13.27.55:560][  0]LogConfig: Setting CVar [[r.Tonemapper.Quality:5]]
[2020.02.26-13.27.55:560][  0]LogConfig: Setting CVar [[r.DOF.Gather.AccumulatorQuality:1        ; higher gathering accumulator quality]]
[2020.02.26-13.27.55:560][  0]LogConfig: Setting CVar [[r.DOF.Gather.PostfilterMethod:1          ; Median3x3 postfilering method]]
[2020.02.26-13.27.55:560][  0]LogConfig: Setting CVar [[r.DOF.Gather.EnableBokehSettings:0       ; no bokeh simulation when gathering]]
[2020.02.26-13.27.55:560][  0]LogConfig: Setting CVar [[r.DOF.Gather.RingCount:4                 ; medium number of samples when gathering]]
[2020.02.26-13.27.55:560][  0]LogConfig: Setting CVar [[r.DOF.Scatter.ForegroundCompositing:1    ; additive foreground scattering]]
[2020.02.26-13.27.55:560][  0]LogConfig: Setting CVar [[r.DOF.Scatter.BackgroundCompositing:2    ; additive background scattering]]
[2020.02.26-13.27.55:560][  0]LogConfig: Setting CVar [[r.DOF.Scatter.EnableBokehSettings:1      ; bokeh simulation when scattering]]
[2020.02.26-13.27.55:560][  0]LogConfig: Setting CVar [[r.DOF.Scatter.MaxSpriteRatio:0.1         ; only a maximum of 10% of scattered bokeh]]
[2020.02.26-13.27.55:560][  0]LogConfig: Setting CVar [[r.DOF.Recombine.Quality:1                ; cheap slight out of focus]]
[2020.02.26-13.27.55:560][  0]LogConfig: Setting CVar [[r.DOF.Recombine.EnableBokehSettings:0    ; no bokeh simulation on slight out of focus]]
[2020.02.26-13.27.55:560][  0]LogConfig: Setting CVar [[r.DOF.TemporalAAQuality:1                ; more stable temporal accumulation]]
[2020.02.26-13.27.55:560][  0]LogConfig: Setting CVar [[r.DOF.Kernel.MaxForegroundRadius:0.025]]
[2020.02.26-13.27.55:560][  0]LogConfig: Setting CVar [[r.DOF.Kernel.MaxBackgroundRadius:0.025]]
[2020.02.26-13.27.55:560][  0]LogConfig: Applying CVar settings from Section [TextureQuality@3] File [D:/startup/StartUp/RealeaseGame/Saved/Config/Windows/Scalability.ini]
[2020.02.26-13.27.55:560][  0]LogConfig: Setting CVar [[r.Streaming.MipBias:0]]
[2020.02.26-13.27.55:560][  0]LogConfig: Setting CVar [[r.Streaming.AmortizeCPUToGPUCopy:0]]
[2020.02.26-13.27.55:560][  0]LogConfig: Setting CVar [[r.Streaming.MaxNumTexturesToStreamPerFrame:0]]
[2020.02.26-13.27.55:560][  0]LogConfig: Setting CVar [[r.Streaming.Boost:1]]
[2020.02.26-13.27.55:560][  0]LogConfig: Setting CVar [[r.MaxAnisotropy:8]]
[2020.02.26-13.27.55:560][  0]LogConfig: Setting CVar [[r.VT.MaxAnisotropy:8]]
[2020.02.26-13.27.55:560][  0]LogConfig: Setting CVar [[r.Streaming.LimitPoolSizeToVRAM:0]]
[2020.02.26-13.27.55:560][  0]LogConfig: Setting CVar [[r.Streaming.PoolSize:1000]]
[2020.02.26-13.27.55:560][  0]LogConfig: Setting CVar [[r.Streaming.MaxEffectiveScreenSize:0]]
[2020.02.26-13.27.55:560][  0]LogConfig: Applying CVar settings from Section [EffectsQuality@3] File [D:/startup/StartUp/RealeaseGame/Saved/Config/Windows/Scalability.ini]
[2020.02.26-13.27.55:560][  0]LogConfig: Setting CVar [[r.TranslucencyLightingVolumeDim:64]]
[2020.02.26-13.27.55:560][  0]LogConfig: Setting CVar [[r.RefractionQuality:2]]
[2020.02.26-13.27.55:561][  0]LogConfig: Setting CVar [[r.SSR.Quality:3]]
[2020.02.26-13.27.55:561][  0]LogConfig: Setting CVar [[r.SSR.HalfResSceneColor:0]]
[2020.02.26-13.27.55:561][  0]LogConfig: Setting CVar [[r.SceneColorFormat:4]]
[2020.02.26-13.27.55:561][  0]LogConfig: Setting CVar [[r.DetailMode:2]]
[2020.02.26-13.27.55:561][  0]LogConfig: Setting CVar [[r.TranslucencyVolumeBlur:1]]
[2020.02.26-13.27.55:561][  0]LogConfig: Setting CVar [[r.MaterialQualityLevel:1 ; High quality]]
[2020.02.26-13.27.55:561][  0]LogConfig: Setting CVar [[r.SSS.Scale:1]]
[2020.02.26-13.27.55:561][  0]LogConfig: Setting CVar [[r.SSS.SampleSet:2]]
[2020.02.26-13.27.55:561][  0]LogConfig: Setting CVar [[r.SSS.Quality:1]]
[2020.02.26-13.27.55:561][  0]LogConfig: Setting CVar [[r.SSS.HalfRes:1]]
[2020.02.26-13.27.55:561][  0]LogConfig: Setting CVar [[r.SSGI.Quality:3]]
[2020.02.26-13.27.55:561][  0]LogConfig: Setting CVar [[r.EmitterSpawnRateScale:1.0]]
[2020.02.26-13.27.55:561][  0]LogConfig: Setting CVar [[r.ParticleLightQuality:2]]
[2020.02.26-13.27.55:561][  0]LogConfig: Setting CVar [[r.SkyAtmosphere.AerialPerspectiveLUT.FastApplyOnOpaque:1 ; Always have FastSkyLUT 1 in this case to avoid wrong sky]]
[2020.02.26-13.27.55:561][  0]LogConfig: Setting CVar [[r.SkyAtmosphere.AerialPerspectiveLUT.SampleCountPerSlice:1]]
[2020.02.26-13.27.55:561][  0]LogConfig: Setting CVar [[r.SkyAtmosphere.AerialPerspectiveLUT.DepthResolution:16.0]]
[2020.02.26-13.27.55:561][  0]LogConfig: Setting CVar [[r.SkyAtmosphere.FastSkyLUT:1]]
[2020.02.26-13.27.55:561][  0]LogConfig: Setting CVar [[r.SkyAtmosphere.FastSkyLUT.SampleCountMin:4.0]]
[2020.02.26-13.27.55:561][  0]LogConfig: Setting CVar [[r.SkyAtmosphere.FastSkyLUT.SampleCountMax:32.0]]
[2020.02.26-13.27.55:561][  0]LogConfig: Setting CVar [[r.SkyAtmosphere.SampleCountMin:4.0]]
[2020.02.26-13.27.55:561][  0]LogConfig: Setting CVar [[r.SkyAtmosphere.SampleCountMax:32.0]]
[2020.02.26-13.27.55:561][  0]LogConfig: Setting CVar [[r.SkyAtmosphere.TransmittanceLUT.UseSmallFormat:0]]
[2020.02.26-13.27.55:561][  0]LogConfig: Setting CVar [[r.SkyAtmosphere.TransmittanceLUT.SampleCount:10.0]]
[2020.02.26-13.27.55:561][  0]LogConfig: Setting CVar [[r.SkyAtmosphere.MultiScatteringLUT.SampleCount:15.0]]
[2020.02.26-13.27.55:561][  0]LogConfig: Applying CVar settings from Section [FoliageQuality@3] File [D:/startup/StartUp/RealeaseGame/Saved/Config/Windows/Scalability.ini]
[2020.02.26-13.27.55:561][  0]LogConfig: Setting CVar [[foliage.DensityScale:1.0]]
[2020.02.26-13.27.55:561][  0]LogConfig: Setting CVar [[grass.DensityScale:1.0]]
[2020.02.26-13.27.55:561][  0]LogConfig: Applying CVar settings from Section [ShadingQuality@3] File [D:/startup/StartUp/RealeaseGame/Saved/Config/Windows/Scalability.ini]
[2020.02.26-13.27.55:561][  0]LogConfig: Setting CVar [[r.HairStrands.SkyLighting.SampleCount:16]]
[2020.02.26-13.27.55:561][  0]LogConfig: Setting CVar [[r.HairStrands.SkyLighting.JitterIntegration:0]]
[2020.02.26-13.27.55:561][  0]LogConfig: Setting CVar [[r.HairStrands.SkyAO.SampleCount:16]]
[2020.02.26-13.27.55:561][  0]LogConfig: Applying CVar settings from Section [Startup] File [../../../Engine/Config/ConsoleVariables.ini]
[2020.02.26-13.27.55:561][  0]LogConfig: Setting CVar [[net.UseAdaptiveNetUpdateFrequency:0]]
[2020.02.26-13.27.55:561][  0]LogConfig: Setting CVar [[p.chaos.AllowCreatePhysxBodies:1]]
[2020.02.26-13.27.55:561][  0]LogConfig: Applying CVar settings from Section [ConsoleVariables] File [D:/startup/StartUp/RealeaseGame/Saved/Config/Windows/Engine.ini]
[2020.02.26-13.27.55:561][  0]LogInit: Computer: DESKTOP-9A3EFSU
[2020.02.26-13.27.55:561][  0]LogInit: User: Alexander
[2020.02.26-13.27.55:561][  0]LogInit: CPU Page size=4096, Cores=4
[2020.02.26-13.27.55:561][  0]LogInit: High frequency timer resolution =10.000000 MHz
[2020.02.26-13.27.55:561][  0]LogMemory: Memory total: Physical=15.9GB (16GB approx)
[2020.02.26-13.27.55:561][  0]LogMemory: Platform Memory Stats for Windows
[2020.02.26-13.27.55:561][  0]LogMemory: Process Physical Memory: 108.97 MB used, 108.98 MB peak
[2020.02.26-13.27.55:561][  0]LogMemory: Process Virtual Memory: 104.61 MB used, 104.61 MB peak
[2020.02.26-13.27.55:561][  0]LogMemory: Physical Memory: 7999.76 MB used,  8267.84 MB free, 16267.60 MB total
[2020.02.26-13.27.55:561][  0]LogMemory: Virtual Memory: 5178.87 MB used,  134212552.00 MB free, 134217728.00 MB total
[2020.02.26-13.27.55:566][  0]LogWindows: WindowsPlatformFeatures enabled
[2020.02.26-13.27.55:582][  0]LogInit: Using OS detected language (en-US).
[2020.02.26-13.27.55:582][  0]LogInit: Using OS detected locale (en-US).
[2020.02.26-13.27.55:583][  0]LogTextLocalizationManager: No specific localization for 'en-US' exists, so the 'en' localization will be used.
[2020.02.26-13.27.55:744][  0]LogInit: Setting process to per monitor DPI aware
[2020.02.26-13.27.55:782][  0]LogSlate: New Slate User Created.  User Index 0, Is Virtual User: 0
[2020.02.26-13.27.55:782][  0]LogSlate: Slate User Registered.  User Index 0, Is Virtual User: 0
[2020.02.26-13.27.55:946][  0]LogHMD: Failed to initialize OpenVR with code 102
[2020.02.26-13.27.55:946][  0]LogD3D11RHI: D3D11 min allowed feature level: 11_0
[2020.02.26-13.27.55:946][  0]LogD3D11RHI: D3D11 max allowed feature level: 11_0
[2020.02.26-13.27.55:946][  0]LogD3D11RHI: D3D11 adapters:
[2020.02.26-13.27.56:025][  0]LogD3D11RHI:    0. 'NVIDIA GeForce GTX 1060' (Feature Level 11_0)
[2020.02.26-13.27.56:025][  0]LogD3D11RHI:       6052/0/8133 MB DedicatedVideo/DedicatedSystem/SharedSystem, Outputs:1, VendorId:0x10de
[2020.02.26-13.27.56:036][  0]LogD3D11RHI:    1. 'Intel(R) HD Graphics 630' (Feature Level 11_0)
[2020.02.26-13.27.56:036][  0]LogD3D11RHI:       128/0/8133 MB DedicatedVideo/DedicatedSystem/SharedSystem, Outputs:0, VendorId:0x8086
[2020.02.26-13.27.56:039][  0]LogD3D11RHI:    2. 'Microsoft Basic Render Driver' (Feature Level 11_0)
[2020.02.26-13.27.56:039][  0]LogD3D11RHI:       0/0/8133 MB DedicatedVideo/DedicatedSystem/SharedSystem, Outputs:0, VendorId:0x1414
[2020.02.26-13.27.56:039][  0]LogD3D11RHI: Chosen D3D11 Adapter: 0
[2020.02.26-13.27.56:079][  0]LogD3D11RHI: Creating new Direct3DDevice
[2020.02.26-13.27.56:079][  0]LogD3D11RHI:     GPU DeviceId: 0x1c20 (for the marketing name, search the web for "GPU Device Id")
[2020.02.26-13.27.56:079][  0]LogWindows: EnumDisplayDevices:
[2020.02.26-13.27.56:079][  0]LogWindows:    0. 'Intel(R) HD Graphics 630' (P:1 D:1)
[2020.02.26-13.27.56:079][  0]LogWindows:    1. 'Intel(R) HD Graphics 630' (P:0 D:0)
[2020.02.26-13.27.56:080][  0]LogWindows:    2. 'Intel(R) HD Graphics 630' (P:0 D:0)
[2020.02.26-13.27.56:080][  0]LogWindows:    3. 'NVIDIA GeForce GTX 1060' (P:0 D:0)
[2020.02.26-13.27.56:080][  0]LogWindows:    4. 'NVIDIA GeForce GTX 1060' (P:0 D:0)
[2020.02.26-13.27.56:081][  0]LogWindows:    5. 'NVIDIA GeForce GTX 1060' (P:0 D:0)
[2020.02.26-13.27.56:081][  0]LogWindows:    6. 'NVIDIA GeForce GTX 1060' (P:0 D:0)
[2020.02.26-13.27.56:081][  0]LogWindows: DebugString: PrimaryIsNotTheChoosenAdapter PrimaryIsNotTheChoosenAdapter PrimaryIsNotTheChoosenAdapter FoundDriverCount:4 
[2020.02.26-13.27.56:081][  0]LogD3D11RHI:     Adapter Name: NVIDIA GeForce GTX 1060
[2020.02.26-13.27.56:081][  0]LogD3D11RHI:   Driver Version: 442.19 (internal:26.21.14.4219, unified:442.19)
[2020.02.26-13.27.56:081][  0]LogD3D11RHI:      Driver Date: 1-29-2020
[2020.02.26-13.27.56:081][  0]LogRHI: Texture pool is 4236 MB (70% of 6052 MB)
[2020.02.26-13.27.56:126][  0]LogD3D11RHI: RHI has support for 64 bit atomics
[2020.02.26-13.27.56:126][  0]LogD3D11RHI: Async texture creation enabled
[2020.02.26-13.27.56:138][  0]LogD3D11RHI: GPU Timing Frequency: 1000.000000 (Debug: 2 1)
[2020.02.26-13.27.56:408][  0]LogTargetPlatformManager: Display: Loaded TargetPlatform 'AllDesktop'
[2020.02.26-13.27.56:439][  0]LogTargetPlatformManager: Display: Loaded TargetPlatform 'Android'
[2020.02.26-13.27.56:439][  0]LogTargetPlatformManager: Display: Loaded TargetPlatform 'Android_ASTC'
[2020.02.26-13.27.56:439][  0]LogTargetPlatformManager: Display: Loaded TargetPlatform 'Android_ATC'
[2020.02.26-13.27.56:439][  0]LogTargetPlatformManager: Display: Loaded TargetPlatform 'Android_DXT'
[2020.02.26-13.27.56:439][  0]LogTargetPlatformManager: Display: Loaded TargetPlatform 'Android_ETC1'
[2020.02.26-13.27.56:439][  0]LogTargetPlatformManager: Display: Loaded TargetPlatform 'Android_ETC1a'
[2020.02.26-13.27.56:439][  0]LogTargetPlatformManager: Display: Loaded TargetPlatform 'Android_ETC2'
[2020.02.26-13.27.56:439][  0]LogTargetPlatformManager: Display: Loaded TargetPlatform 'Android_PVRTC'
[2020.02.26-13.27.56:439][  0]LogTargetPlatformManager: Display: Loaded TargetPlatform 'AndroidClient'
[2020.02.26-13.27.56:439][  0]LogTargetPlatformManager: Display: Loaded TargetPlatform 'Android_ASTCClient'
[2020.02.26-13.27.56:439][  0]LogTargetPlatformManager: Display: Loaded TargetPlatform 'Android_ATCClient'
[2020.02.26-13.27.56:439][  0]LogTargetPlatformManager: Display: Loaded TargetPlatform 'Android_DXTClient'
[2020.02.26-13.27.56:439][  0]LogTargetPlatformManager: Display: Loaded TargetPlatform 'Android_ETC1Client'
[2020.02.26-13.27.56:439][  0]LogTargetPlatformManager: Display: Loaded TargetPlatform 'Android_ETC1aClient'
[2020.02.26-13.27.56:439][  0]LogTargetPlatformManager: Display: Loaded TargetPlatform 'Android_ETC2Client'
[2020.02.26-13.27.56:439][  0]LogTargetPlatformManager: Display: Loaded TargetPlatform 'Android_PVRTCClient'
[2020.02.26-13.27.56:439][  0]LogTargetPlatformManager: Display: Loaded TargetPlatform 'Android_Multi'
[2020.02.26-13.27.56:439][  0]LogTargetPlatformManager: Display: Loaded TargetPlatform 'Android_MultiClient'
[2020.02.26-13.27.56:456][  0]LogTargetPlatformManager: Display: Loaded TargetPlatform 'IOSClient'
[2020.02.26-13.27.56:456][  0]LogTargetPlatformManager: Display: Loaded TargetPlatform 'IOS'
[2020.02.26-13.27.56:463][  0]LogTargetPlatformManager: Display: Loaded TargetPlatform 'LinuxNoEditor'
[2020.02.26-13.27.56:471][  0]LogTargetPlatformManager: Display: Loaded TargetPlatform 'LinuxClient'
[2020.02.26-13.27.56:477][  0]LogTargetPlatformManager: Display: Loaded TargetPlatform 'LinuxServer'
[2020.02.26-13.27.56:485][  0]LogTargetPlatformManager: Display: Loaded TargetPlatform 'LinuxAArch64NoEditor'
[2020.02.26-13.27.56:491][  0]LogTargetPlatformManager: Display: Loaded TargetPlatform 'LinuxAArch64Client'
[2020.02.26-13.27.56:498][  0]LogTargetPlatformManager: Display: Loaded TargetPlatform 'LinuxAArch64Server'
[2020.02.26-13.27.56:521][  0]LogTargetPlatformManager: Display: Loaded TargetPlatform 'Lumin'
[2020.02.26-13.27.56:521][  0]LogTargetPlatformManager: Display: Loaded TargetPlatform 'LuminClient'
[2020.02.26-13.27.56:534][  0]LogTargetPlatformManager: Display: Loaded TargetPlatform 'TVOSClient'
[2020.02.26-13.27.56:535][  0]LogTargetPlatformManager: Display: Loaded TargetPlatform 'TVOS'
[2020.02.26-13.27.56:542][  0]LogTargetPlatformManager: Display: Loaded TargetPlatform 'WindowsNoEditor'
[2020.02.26-13.27.56:549][  0]LogTargetPlatformManager: Display: Loaded TargetPlatform 'Windows'
[2020.02.26-13.27.56:556][  0]LogTargetPlatformManager: Display: Loaded TargetPlatform 'WindowsClient'
[2020.02.26-13.27.56:564][  0]LogTargetPlatformManager: Display: Loaded TargetPlatform 'WindowsServer'
[2020.02.26-13.27.56:564][  0]LogTargetPlatformManager: Display: Building Assets For Windows
[2020.02.26-13.27.56:566][  0]LogAudioDebug: Display: Lib vorbis DLL was dynamically loaded.
[2020.02.26-13.27.56:582][  0]LogShaderCompilers: Guid format shader working directory is 7 characters bigger than the processId version (../../../../../startup/StartUp/RealeaseGame/Intermediate/Shaders/WorkingDirectory/6708/).
[2020.02.26-13.27.56:582][  0]LogShaderCompilers: Cleaned the shader compiler working directory 'C:/Users/Alexander/AppData/Local/Temp/UnrealShaderWorkingDir/AC24EEAF43579E282E809E8A4A376AA3/'.
[2020.02.26-13.27.56:583][  0]LogXGEController: Cannot use XGE Controller as Incredibuild is not installed on this machine.
[2020.02.26-13.27.56:583][  0]LogShaderCompilers: Cannot use XGE Shader Compiler as Incredibuild is not installed on this machine.
[2020.02.26-13.27.56:583][  0]LogShaderCompilers: Display: Using Local Shader Compiler.
[2020.02.26-13.27.57:330][  0]LogDerivedDataCache: Display: Max Cache Size: 512 MB
[2020.02.26-13.27.57:387][  0]LogDerivedDataCache: Loaded boot cache 0.06s 84MB C:/Users/Alexander/AppData/Local/UnrealEngine/4.24/DerivedDataCache/Boot.ddc.
[2020.02.26-13.27.57:387][  0]LogDerivedDataCache: Display: Loaded Boot cache: C:/Users/Alexander/AppData/Local/UnrealEngine/4.24/DerivedDataCache/Boot.ddc
[2020.02.26-13.27.57:387][  0]LogDerivedDataCache: FDerivedDataBackendGraph:  Pak pak cache file ../../../../../startup/StartUp/RealeaseGame/DerivedDataCache/DDC.ddp not found, will not use a pak cache.
[2020.02.26-13.27.57:387][  0]LogDerivedDataCache: Unable to find inner node Pak for hierarchical cache Hierarchy.
[2020.02.26-13.27.57:387][  0]LogDerivedDataCache: FDerivedDataBackendGraph:  CompressedPak pak cache file ../../../../../startup/StartUp/RealeaseGame/DerivedDataCache/Compressed.ddp not found, will not use a pak cache.
[2020.02.26-13.27.57:387][  0]LogDerivedDataCache: Unable to find inner node CompressedPak for hierarchical cache Hierarchy.
[2020.02.26-13.27.57:397][  0]LogDerivedDataCache: Display: Pak cache opened for reading ../../../Engine/DerivedDataCache/Compressed.ddp.
[2020.02.26-13.27.57:397][  0]LogDerivedDataCache: FDerivedDataBackendGraph:  EnterprisePak pak cache file ../../../Enterprise/DerivedDataCache/Compressed.ddp not found, will not use a pak cache.
[2020.02.26-13.27.57:397][  0]LogDerivedDataCache: Unable to find inner node EnterprisePak for hierarchical cache Hierarchy.
[2020.02.26-13.27.57:398][  0]LogDerivedDataCache: Using Local data cache path C:/Users/Alexander/AppData/Local/UnrealEngine/Common/DerivedDataCache: Writable
[2020.02.26-13.27.57:398][  0]LogDerivedDataCache: Shared data cache path not found in *engine.ini, will not use an Shared cache.
[2020.02.26-13.27.57:398][  0]LogDerivedDataCache: Unable to find inner node Shared for hierarchical cache Hierarchy.
[2020.02.26-13.27.57:425][  0]LogMaterial: Verifying Global Shaders for PCD3D_SM5
[2020.02.26-13.27.57:428][  0]LogSlate: Using FreeType 2.10.0
[2020.02.26-13.27.57:428][  0]LogSlate: SlateFontServices - WITH_FREETYPE: 1, WITH_HARFBUZZ: 1
[2020.02.26-13.27.57:476][  0]LogAssetRegistry: FAssetRegistry took 0.0027 seconds to start up
[2020.02.26-13.27.57:756][  0]LogInit: Selected Device Profile: [Windows]
[2020.02.26-13.27.57:905][  0]LogMeshReduction: Using QuadricMeshReduction for automatic static mesh reduction
[2020.02.26-13.27.57:905][  0]LogMeshReduction: Using SimplygonMeshReduction for automatic skeletal mesh reduction
[2020.02.26-13.27.57:905][  0]LogMeshReduction: Using ProxyLODMeshReduction for automatic mesh merging
[2020.02.26-13.27.57:905][  0]LogMeshReduction: No distributed automatic mesh merging module available
[2020.02.26-13.27.57:905][  0]LogMeshMerging: No distributed automatic mesh merging module available
[2020.02.26-13.27.58:085][  0]LogNetVersion: RealeaseGame 1.0.0, NetCL: 10570792, EngineNetVer: 13, GameNetVer: 0 (Checksum: 1803780436)
[2020.02.26-13.27.59:046][  0]LogPackageLocalizationCache: Processed 10 localized package path(s) for 1 prioritized culture(s) in 0.036972 seconds
[2020.02.26-13.27.59:053][  0]LogUObjectArray: 46750 objects as part of root set at end of initial load.
[2020.02.26-13.27.59:053][  0]LogUObjectAllocator: 8137160 out of 0 bytes used by permanent object pool.
[2020.02.26-13.27.59:053][  0]LogUObjectArray: CloseDisregardForGC: 0/0 objects in disregard for GC pool
[2020.02.26-13.27.59:409][  0]LogTcpMessaging: Initializing TcpMessaging bridge
[2020.02.26-13.27.59:412][  0]LogUdpMessaging: Initializing bridge on interface 0.0.0.0:0 to multicast group 230.0.0.1:6666.
[2020.02.26-13.27.59:834][  0]SourceControl: Source control is disabled
[2020.02.26-13.27.59:834][  0]SourceControl: Source control is disabled
[2020.02.26-13.27.59:835][  0]SourceControl: Source control is disabled
[2020.02.26-13.27.59:835][  0]SourceControl: Source control is disabled
[2020.02.26-13.27.59:836][  0]SourceControl: Source control is disabled
[2020.02.26-13.27.59:906][  0]LogAndroidPermission: UAndroidPermissionCallbackProxy::GetInstance
[2020.02.26-13.27.59:914][  0]LogAudioCaptureCore: Display: No Audio Capture implementations found. Audio input will be silent.
[2020.02.26-13.27.59:914][  0]LogAudioCaptureCore: Display: No Audio Capture implementations found. Audio input will be silent.
[2020.02.26-13.27.59:994][  0]LogOcInput: OculusInput pre-init called
[2020.02.26-13.28.00:575][  0]LogEngine: Initializing Engine...
[2020.02.26-13.28.00:576][  0]LogHMD: Failed to initialize OpenVR with code 102
[2020.02.26-13.28.00:577][  0]LogStats: UGameplayTagsManager::InitializeManager -  0.000 s
[2020.02.26-13.28.00:905][  0]LogInit: Initializing FReadOnlyCVARCache
[2020.02.26-13.28.00:910][  0]LogAIModule: Creating AISystem for world Untitled
[2020.02.26-13.28.00:930][  0]LogAudioMixer: Display: Audio Mixer Platform Settings:
[2020.02.26-13.28.00:931][  0]LogAudioMixer: Display: 	Sample Rate:						  48000
[2020.02.26-13.28.00:931][  0]LogAudioMixer: Display: 	Callback Buffer Frame Size Requested: 1024
[2020.02.26-13.28.00:931][  0]LogAudioMixer: Display: 	Callback Buffer Frame Size To Use:	  1024
[2020.02.26-13.28.00:931][  0]LogAudioMixer: Display: 	Number of buffers to queue:			  2
[2020.02.26-13.28.00:931][  0]LogAudioMixer: Display: 	Max Channels (voices):				  32
[2020.02.26-13.28.00:931][  0]LogAudioMixer: Display: 	Number of Async Source Workers:		  0
[2020.02.26-13.28.00:931][  0]LogAudio: Display: AudioDevice MaxSources: 32
[2020.02.26-13.28.00:931][  0]LogAudio: Display: Using built-in audio occlusion.
[2020.02.26-13.28.00:931][  0]LogAudioMixer: Display: Initializing audio mixer.
[2020.02.26-13.28.00:947][  0]LogAudioMixer: Display: Audio Device Output Speaker Info:
[2020.02.26-13.28.00:947][  0]LogAudioMixer: Display: Name: Speakers (Realtek High Definition Audio(SST))
[2020.02.26-13.28.00:947][  0]LogAudioMixer: Display: Is Default: Yes
[2020.02.26-13.28.00:947][  0]LogAudioMixer: Display: Sample Rate: 48000
[2020.02.26-13.28.00:947][  0]LogAudioMixer: Display: Channel Count Used: 2
[2020.02.26-13.28.00:947][  0]LogAudioMixer: Display: Device Channel Count: 2
[2020.02.26-13.28.00:947][  0]LogAudioMixer: Display: Channel Order:
[2020.02.26-13.28.00:947][  0]LogAudioMixer: Display: 0: FrontLeft
[2020.02.26-13.28.00:947][  0]LogAudioMixer: Display: 1: FrontRight
[2020.02.26-13.28.00:983][  0]LogAudioMixer: Display: Using Audio Device Speakers (Realtek High Definition Audio(SST))
[2020.02.26-13.28.00:989][  0]LogInit: FAudioDevice initialized.
[2020.02.26-13.28.00:989][  0]LogNetVersion: Set ProjectVersion to 1.0.0.0. Version Checksum will be recalculated on next use.
[2020.02.26-13.28.01:050][  0]LogDerivedDataCache: Saved boot cache 0.06s 84MB C:/Users/Alexander/AppData/Local/UnrealEngine/4.24/DerivedDataCache/Boot.ddc.
[2020.02.26-13.28.01:057][  0]LogInit: Texture streaming: Enabled
[2020.02.26-13.28.01:065][  0]LogEngineSessionManager: EngineSessionManager initialized
[2020.02.26-13.28.01:065][  0]LogEditorSessionSummary: Verbose: Initializing EditorSessionSummaryWriter for editor session tracking
[2020.02.26-13.28.01:067][  0]LogEditorSessionSummary: EditorSessionSummaryWriter initialized
[2020.02.26-13.28.01:112][  0]LogInit: Transaction tracking system initialized
[2020.02.26-13.28.01:120][  0]BlueprintLog: New page: Editor Load
[2020.02.26-13.28.01:142][  0]LocalizationService: Localization service is disabled
[2020.02.26-13.28.01:166][  0]LogLinker: Warning: Asset '../../../../../startup/StartUp/RealeaseGame/Content/TopDownCPP/TopDownOverview.uasset' has been saved with empty engine version. The asset will be loaded but may be incompatible.
[2020.02.26-13.28.01:378][  0]LogFileCache: Scanning file cache for directory 'D:/startup/StartUp/RealeaseGame/Content/' took 0.00s
[2020.02.26-13.28.01:378][  0]LogCook: Display: Max memory allowance for cook 16384mb min free memory 0mb
[2020.02.26-13.28.01:378][  0]LogCook: Display: Mobile HDR setting 1
[2020.02.26-13.28.01:948][  0]SourceControl: Source control is disabled
[2020.02.26-13.28.01:948][  0]Cmd: MAP LOAD FILE="../../../../../startup/StartUp/RealeaseGame/Content/TopDownCPP/Maps/TopDownExampleMap.umap" TEMPLATE=0 SHOWPROGRESS=1 FEATURELEVEL=3
[2020.02.26-13.28.01:948][  0]LightingResults: New page: Lighting Build
[2020.02.26-13.28.01:949][  0]LogWorld: UWorld::CleanupWorld for Untitled, bSessionEnded=true, bCleanupResources=true
[2020.02.26-13.28.01:949][  0]LogSlate: InvalidateAllWidgets triggered.  All widgets were invalidated
[2020.02.26-13.28.01:949][  0]MapCheck: New page: Map Check
[2020.02.26-13.28.01:949][  0]LightingResults: New page: Lighting Build
[2020.02.26-13.28.01:977][  0]LogUObjectHash: Compacting FUObjectHashTables data took   2.53ms
[2020.02.26-13.28.02:081][  0]LogAIModule: Creating AISystem for world TopDownExampleMap
[2020.02.26-13.28.02:107][  0]LogEditorServer: Finished looking for orphan Actors (0.000 secs)
[2020.02.26-13.28.02:138][  0]LogUObjectHash: Compacting FUObjectHashTables data took   2.44ms
[2020.02.26-13.28.02:138][  0]Cmd: MAP CHECKDEP NOCLEARLOG
[2020.02.26-13.28.02:138][  0]MapCheck: Map check complete: 0 Error(s), 0 Warning(s), took 0.078ms to complete.
[2020.02.26-13.28.02:138][  0]LogFileHelpers: Loading map 'TopDownExampleMap' took 0.191
[2020.02.26-13.28.02:309][  0]LogSlate: Updating window title bar state: overlay mode, drag disabled, window buttons hidden, title bar hidden
[2020.02.26-13.28.02:321][  0]LogSlate: Updating window title bar state: overlay mode, drag disabled, window buttons hidden, title bar hidden
[2020.02.26-13.28.02:335][  0]LogSlate: Updating window title bar state: overlay mode, drag disabled, window buttons hidden, title bar hidden
[2020.02.26-13.28.02:345][  0]LogSlate: Updating window title bar state: overlay mode, drag disabled, window buttons hidden, title bar hidden
[2020.02.26-13.28.02:348][  0]LogCollectionManager: Loaded 0 collections in 0.001225 seconds
[2020.02.26-13.28.02:362][  0]LogFileCache: Scanning file cache for directory 'D:/startup/StartUp/RealeaseGame/Saved/Collections/' took 0.00s
[2020.02.26-13.28.02:362][  0]LogFileCache: Scanning file cache for directory 'D:/startup/StartUp/RealeaseGame/Content/Developers/Alexander/Collections/' took 0.00s
[2020.02.26-13.28.02:362][  0]LogFileCache: Scanning file cache for directory 'D:/startup/StartUp/RealeaseGame/Content/Collections/' took 0.00s
[2020.02.26-13.28.02:362][  0]LogContentBrowser: Native class hierarchy populated in 0.0098 seconds. Added 3018 classes and 719 folders.
[2020.02.26-13.28.02:364][  0]LogContentBrowser: Native class hierarchy updated for 'WidgetCarousel' in 0.0003 seconds. Added 0 classes and 0 folders.
[2020.02.26-13.28.02:411][  0]LogContentBrowser: Native class hierarchy updated for 'AddContentDialog' in 0.0004 seconds. Added 0 classes and 0 folders.
[2020.02.26-13.28.02:414][  0]LogContentBrowser: Native class hierarchy updated for 'SceneOutliner' in 0.0003 seconds. Added 2 classes and 3 folders.
[2020.02.26-13.28.02:458][  0]LogSlate: Took 0.000173 seconds to synchronously load lazily loaded font '../../../Engine/Content/Slate/Fonts/Roboto-Regular.ttf' (155K)
[2020.02.26-13.28.02:461][  0]LogSlate: Took 0.000141 seconds to synchronously load lazily loaded font '../../../Engine/Content/Slate/Fonts/Roboto-Bold.ttf' (160K)
[2020.02.26-13.28.02:466][  0]LogSlate: Took 0.000144 seconds to synchronously load lazily loaded font '../../../Engine/Content/Editor/Slate/Fonts/FontAwesome.ttf' (139K)
[2020.02.26-13.28.02:550][  0]LogRenderer: Reallocating scene render targets to support 1208x572 Format 10 NumSamples 1 (Frame:1).
[2020.02.26-13.28.02:685][  0]LogContentBrowser: Native class hierarchy updated for 'HierarchicalLODOutliner' in 0.0004 seconds. Added 0 classes and 0 folders.
[2020.02.26-13.28.02:686][  0]LogLoad: (Engine Initialization) Total time: 8.59 seconds
[2020.02.26-13.28.02:686][  0]LogLoad: (Engine Initialization) Total Blueprint compile time: 0.00 seconds
[2020.02.26-13.28.02:747][  0]LogAssetRegistry: Asset discovery search completed in 5.2724 seconds
[2020.02.26-13.28.02:750][  0]LogCollectionManager: Fixed up redirectors for 0 collections in 0.000007 seconds (updated 0 objects)
[2020.02.26-13.28.02:751][  0]LogContentStreaming: Texture pool size now 1000 MB
[2020.02.26-13.28.02:773][  0]LogSlate: Took 0.000161 seconds to synchronously load lazily loaded font '../../../Engine/Content/Slate/Fonts/Roboto-Light.ttf' (167K)
[2020.02.26-13.28.03:724][ 51]LogSlate: Took 0.000138 seconds to synchronously load lazily loaded font '../../../Engine/Content/Slate/Fonts/Roboto-Light.ttf' (167K)
[2020.02.26-13.28.05:023][111]LogTemp: Repeating last play command: Selected Viewport
[2020.02.26-13.28.05:036][111]LogBlueprintUserMessages: Early PlayInEditor Detection: Level '/Game/TopDownCPP/Maps/TopDownExampleMap.TopDownExampleMap:PersistentLevel' has LevelScriptBlueprint '/Game/TopDownCPP/Maps/TopDownExampleMap.TopDownExampleMap:PersistentLevel.TopDownExampleMap' with GeneratedClass '/Game/TopDownCPP/Maps/TopDownExampleMap.TopDownExampleMap_C' with ClassGeneratedBy '/Game/TopDownCPP/Maps/TopDownExampleMap.TopDownExampleMap:PersistentLevel.TopDownExampleMap'
[2020.02.26-13.28.05:036][111]LogPlayLevel: PlayLevel: No blueprints needed recompiling
[2020.02.26-13.28.05:036][111]PIE: New page: PIE session: TopDownExampleMap (Feb 26, 2020, 3:28:05 PM)
[2020.02.26-13.28.05:037][111]LogOnline: OSS: Creating online subsystem instance for: NULL
[2020.02.26-13.28.05:038][111]LogOnline: OSS: TryLoadSubsystemAndSetDefault: Loaded subsystem for module [NULL]
[2020.02.26-13.28.05:038][111]LogPlayLevel: Creating play world package: /Game/TopDownCPP/Maps/UEDPIE_0_TopDownExampleMap
[2020.02.26-13.28.05:054][111]LogPlayLevel: PIE: StaticDuplicateObject took: (0.015872s)
[2020.02.26-13.28.05:055][111]LogAIModule: Creating AISystem for world TopDownExampleMap
[2020.02.26-13.28.05:056][111]LogPlayLevel: PIE: World Init took: (0.001102s)
[2020.02.26-13.28.05:056][111]LogPlayLevel: PIE: Created PIE world by copying editor world from /Game/TopDownCPP/Maps/TopDownExampleMap.TopDownExampleMap to /Game/TopDownCPP/Maps/UEDPIE_0_TopDownExampleMap.TopDownExampleMap (0.017228s)
[2020.02.26-13.28.05:085][111]LogUObjectHash: Compacting FUObjectHashTables data took   1.71ms
[2020.02.26-13.28.05:086][111]LogAudioMixer: Display: Audio Mixer Platform Settings:
[2020.02.26-13.28.05:086][111]LogAudioMixer: Display: 	Sample Rate:						  48000
[2020.02.26-13.28.05:086][111]LogAudioMixer: Display: 	Callback Buffer Frame Size Requested: 1024
[2020.02.26-13.28.05:086][111]LogAudioMixer: Display: 	Callback Buffer Frame Size To Use:	  1024
[2020.02.26-13.28.05:086][111]LogAudioMixer: Display: 	Number of buffers to queue:			  2
[2020.02.26-13.28.05:086][111]LogAudioMixer: Display: 	Max Channels (voices):				  32
[2020.02.26-13.28.05:086][111]LogAudioMixer: Display: 	Number of Async Source Workers:		  0
[2020.02.26-13.28.05:086][111]LogAudio: Display: AudioDevice MaxSources: 32
[2020.02.26-13.28.05:086][111]LogAudio: Display: Using built-in audio occlusion.
[2020.02.26-13.28.05:086][111]LogAudioMixer: Display: Initializing audio mixer.
[2020.02.26-13.28.05:095][111]LogAudioMixer: Display: Audio Device Output Speaker Info:
[2020.02.26-13.28.05:095][111]LogAudioMixer: Display: Name: Speakers (Realtek High Definition Audio(SST))
[2020.02.26-13.28.05:095][111]LogAudioMixer: Display: Is Default: Yes
[2020.02.26-13.28.05:095][111]LogAudioMixer: Display: Sample Rate: 48000
[2020.02.26-13.28.05:095][111]LogAudioMixer: Display: Channel Count Used: 2
[2020.02.26-13.28.05:095][111]LogAudioMixer: Display: Device Channel Count: 2
[2020.02.26-13.28.05:095][111]LogAudioMixer: Display: Channel Order:
[2020.02.26-13.28.05:095][111]LogAudioMixer: Display: 0: FrontLeft
[2020.02.26-13.28.05:095][111]LogAudioMixer: Display: 1: FrontRight
[2020.02.26-13.28.05:113][111]LogAudioMixer: Display: Using Audio Device Speakers (Realtek High Definition Audio(SST))
[2020.02.26-13.28.05:115][111]LogInit: FAudioDevice initialized.
[2020.02.26-13.28.05:127][111]LogLoad: Game class is 'RealeaseGameGameMode'
[2020.02.26-13.28.05:130][111]LogWorld: Bringing World /Game/TopDownCPP/Maps/UEDPIE_0_TopDownExampleMap.TopDownExampleMap up for play (max tick rate 60) at 2020.02.26-14.28.05
[2020.02.26-13.28.05:130][111]LogWorld: Bringing up level for play took: 0.001221
[2020.02.26-13.28.05:130][111]LogOnline: OSS: Creating online subsystem instance for: :Context_10
[2020.02.26-13.28.05:133][111]LogContentBrowser: Native class hierarchy updated for 'MovieSceneCapture' in 0.0003 seconds. Added 20 classes and 0 folders.
[2020.02.26-13.28.05:136][111]PIE: Play in editor start time for /Game/TopDownCPP/Maps/UEDPIE_0_TopDownExampleMap -0.708
[2020.02.26-13.28.05:136][111]LogBlueprintUserMessages: Late PlayInEditor Detection: Level '/Game/TopDownCPP/Maps/TopDownExampleMap.TopDownExampleMap:PersistentLevel' has LevelScriptBlueprint '/Game/TopDownCPP/Maps/TopDownExampleMap.TopDownExampleMap:PersistentLevel.TopDownExampleMap' with GeneratedClass '/Game/TopDownCPP/Maps/TopDownExampleMap.TopDownExampleMap_C' with ClassGeneratedBy '/Game/TopDownCPP/Maps/TopDownExampleMap.TopDownExampleMap:PersistentLevel.TopDownExampleMap'
[2020.02.26-13.28.06:711][204]LogAudioMixer: Display: No commands were queued while flushing the source manager.
[2020.02.26-13.28.06:711][204]LogAudioMixer: Display: No commands were queued while flushing the source manager.
[2020.02.26-13.28.06:711][204]LogBlueprintUserMessages: Early EndPlayMap Detection: Level '/Game/TopDownCPP/Maps/TopDownExampleMap.TopDownExampleMap:PersistentLevel' has LevelScriptBlueprint '/Game/TopDownCPP/Maps/TopDownExampleMap.TopDownExampleMap:PersistentLevel.TopDownExampleMap' with GeneratedClass '/Game/TopDownCPP/Maps/TopDownExampleMap.TopDownExampleMap_C' with ClassGeneratedBy '/Game/TopDownCPP/Maps/TopDownExampleMap.TopDownExampleMap:PersistentLevel.TopDownExampleMap'
[2020.02.26-13.28.06:712][204]LogSlate: Updating window title bar state: overlay mode, drag disabled, window buttons hidden, title bar hidden
[2020.02.26-13.28.06:712][204]LogWorld: BeginTearingDown for /Game/TopDownCPP/Maps/UEDPIE_0_TopDownExampleMap
[2020.02.26-13.28.06:712][204]LogAudioMixer: Display: No commands were queued while flushing the source manager.
[2020.02.26-13.28.06:712][204]LogWorld: UWorld::CleanupWorld for TopDownExampleMap, bSessionEnded=true, bCleanupResources=true
[2020.02.26-13.28.06:712][204]LogSlate: InvalidateAllWidgets triggered.  All widgets were invalidated
[2020.02.26-13.28.06:719][204]LogPlayLevel: Display: Shutting down PIE online subsystems
[2020.02.26-13.28.06:719][204]LogBlueprintUserMessages: Late EndPlayMap Detection: Level '/Game/TopDownCPP/Maps/TopDownExampleMap.TopDownExampleMap:PersistentLevel' has LevelScriptBlueprint '/Game/TopDownCPP/Maps/TopDownExampleMap.TopDownExampleMap:PersistentLevel.TopDownExampleMap' with GeneratedClass '/Game/TopDownCPP/Maps/TopDownExampleMap.TopDownExampleMap_C' with ClassGeneratedBy '/Game/TopDownCPP/Maps/TopDownExampleMap.TopDownExampleMap:PersistentLevel.TopDownExampleMap'
[2020.02.26-13.28.06:721][204]LogSlate: InvalidateAllWidgets triggered.  All widgets were invalidated
[2020.02.26-13.28.06:746][204]LogAudioMixer: Display: No commands were queued while flushing the source manager.
[2020.02.26-13.28.06:749][204]LogSlate: Updating window title bar state: overlay mode, drag disabled, window buttons hidden, title bar hidden
[2020.02.26-13.28.06:752][204]LogUObjectHash: Compacting FUObjectHashTables data took   1.66ms
[2020.02.26-13.28.06:813][208]LogPlayLevel: Display: Destroying online subsystem :Context_10
[2020.02.26-13.28.12:366][530]LogAssetEditorSubsystem: Opening Asset editor for Blueprint /Game/TopDownCPP/Blueprints/WallCurve.WallCurve
[2020.02.26-13.28.12:495][530]LogContentBrowser: Native class hierarchy updated for 'BlueprintGraph' in 0.0005 seconds. Added 121 classes and 0 folders.
[2020.02.26-13.28.13:314][530]LogAssetEditorSubsystem: Opening Asset editor for WidgetBlueprint /Game/UI/UpgradeMenu.UpgradeMenu
[2020.02.26-13.28.13:729][530]LogAssetEditorSubsystem: Opening Asset editor for WidgetBlueprint /Game/UI/ResourceCount.ResourceCount
[2020.02.26-13.28.14:096][530]LogAssetEditorSubsystem: Opening Asset editor for Blueprint /Game/TopDownCPP/Blueprints/TopDownCharacter.TopDownCharacter
[2020.02.26-13.28.14:754][530]LogSlate: Took 0.000170 seconds to synchronously load lazily loaded font '../../../Engine/Content/Slate/Fonts/Roboto-BoldCondensed.ttf' (158K)
[2020.02.26-13.28.14:871][531]LogSlate: Took 0.000188 seconds to synchronously load lazily loaded font '../../../Engine/Content/Slate/Fonts/Roboto-Italic.ttf' (157K)
[2020.02.26-13.28.24:043][925]LogSlate: Window 'UpgradeMenu' being destroyed
[2020.02.26-13.28.41:909][961]BlueprintLog: New page: Compile TopDownCharacter
[2020.02.26-13.28.42:192][961]LogUObjectHash: Compacting FUObjectHashTables data took   5.94ms
[2020.02.26-13.29.12:462][761]LogSlate: Took 0.000141 seconds to synchronously load lazily loaded font '../../../Engine/Content/Slate/Fonts/Roboto-BoldCondensedItalic.ttf' (160K)
[2020.02.26-13.30.39:709][913]BlueprintLog: New page: Compile ResourceCount
[2020.02.26-13.30.39:765][913]LogUObjectHash: Compacting FUObjectHashTables data took   4.88ms
[2020.02.26-13.30.47:144][351]LogTemp: Repeating last play command: Selected Viewport
[2020.02.26-13.30.47:169][351]LogBlueprintUserMessages: Early PlayInEditor Detection: Level '/Game/TopDownCPP/Maps/TopDownExampleMap.TopDownExampleMap:PersistentLevel' has LevelScriptBlueprint '/Game/TopDownCPP/Maps/TopDownExampleMap.TopDownExampleMap:PersistentLevel.TopDownExampleMap' with GeneratedClass '/Game/TopDownCPP/Maps/TopDownExampleMap.TopDownExampleMap_C' with ClassGeneratedBy '/Game/TopDownCPP/Maps/TopDownExampleMap.TopDownExampleMap:PersistentLevel.TopDownExampleMap'
[2020.02.26-13.30.47:169][351]LogPlayLevel: PlayLevel: No blueprints needed recompiling
[2020.02.26-13.30.47:169][351]PIE: New page: PIE session: TopDownExampleMap (Feb 26, 2020, 3:30:47 PM)
[2020.02.26-13.30.47:169][351]LogPlayLevel: Creating play world package: /Game/TopDownCPP/Maps/UEDPIE_0_TopDownExampleMap
[2020.02.26-13.30.47:181][351]LogPlayLevel: PIE: StaticDuplicateObject took: (0.012059s)
[2020.02.26-13.30.47:183][351]LogAIModule: Creating AISystem for world TopDownExampleMap
[2020.02.26-13.30.47:183][351]LogPlayLevel: PIE: World Init took: (0.001913s)
[2020.02.26-13.30.47:183][351]LogPlayLevel: PIE: Created PIE world by copying editor world from /Game/TopDownCPP/Maps/TopDownExampleMap.TopDownExampleMap to /Game/TopDownCPP/Maps/UEDPIE_0_TopDownExampleMap.TopDownExampleMap (0.014214s)
[2020.02.26-13.30.47:234][351]LogUObjectHash: Compacting FUObjectHashTables data took   4.19ms
[2020.02.26-13.30.47:235][351]LogAudioMixer: Display: Audio Mixer Platform Settings:
[2020.02.26-13.30.47:235][351]LogAudioMixer: Display: 	Sample Rate:						  48000
[2020.02.26-13.30.47:235][351]LogAudioMixer: Display: 	Callback Buffer Frame Size Requested: 1024
[2020.02.26-13.30.47:235][351]LogAudioMixer: Display: 	Callback Buffer Frame Size To Use:	  1024
[2020.02.26-13.30.47:235][351]LogAudioMixer: Display: 	Number of buffers to queue:			  2
[2020.02.26-13.30.47:235][351]LogAudioMixer: Display: 	Max Channels (voices):				  32
[2020.02.26-13.30.47:235][351]LogAudioMixer: Display: 	Number of Async Source Workers:		  0
[2020.02.26-13.30.47:235][351]LogAudio: Display: AudioDevice MaxSources: 32
[2020.02.26-13.30.47:236][351]LogAudio: Display: Using built-in audio occlusion.
[2020.02.26-13.30.47:236][351]LogAudioMixer: Display: Initializing audio mixer.
[2020.02.26-13.30.47:246][351]LogAudioMixer: Display: Audio Device Output Speaker Info:
[2020.02.26-13.30.47:246][351]LogAudioMixer: Display: Name: Speakers (Realtek High Definition Audio(SST))
[2020.02.26-13.30.47:246][351]LogAudioMixer: Display: Is Default: Yes
[2020.02.26-13.30.47:246][351]LogAudioMixer: Display: Sample Rate: 48000
[2020.02.26-13.30.47:246][351]LogAudioMixer: Display: Channel Count Used: 2
[2020.02.26-13.30.47:246][351]LogAudioMixer: Display: Device Channel Count: 2
[2020.02.26-13.30.47:246][351]LogAudioMixer: Display: Channel Order:
[2020.02.26-13.30.47:246][351]LogAudioMixer: Display: 0: FrontLeft
[2020.02.26-13.30.47:246][351]LogAudioMixer: Display: 1: FrontRight
[2020.02.26-13.30.47:270][351]LogAudioMixer: Display: Using Audio Device Speakers (Realtek High Definition Audio(SST))
[2020.02.26-13.30.47:271][351]LogInit: FAudioDevice initialized.
[2020.02.26-13.30.47:334][351]LogSlate: Updating window title bar state: overlay mode, drag disabled, window buttons hidden, title bar hidden
[2020.02.26-13.30.47:334][351]LogLoad: Game class is 'RealeaseGameGameMode'
[2020.02.26-13.30.47:337][351]LogWorld: Bringing World /Game/TopDownCPP/Maps/UEDPIE_0_TopDownExampleMap.TopDownExampleMap up for play (max tick rate 60) at 2020.02.26-14.30.47
[2020.02.26-13.30.47:337][351]LogWorld: Bringing up level for play took: 0.002569
[2020.02.26-13.30.47:338][351]LogOnline: OSS: Creating online subsystem instance for: :Context_17
[2020.02.26-13.30.47:343][351]PIE: Play in editor start time for /Game/TopDownCPP/Maps/UEDPIE_0_TopDownExampleMap -0.501
[2020.02.26-13.30.47:344][351]LogBlueprintUserMessages: Late PlayInEditor Detection: Level '/Game/TopDownCPP/Maps/TopDownExampleMap.TopDownExampleMap:PersistentLevel' has LevelScriptBlueprint '/Game/TopDownCPP/Maps/TopDownExampleMap.TopDownExampleMap:PersistentLevel.TopDownExampleMap' with GeneratedClass '/Game/TopDownCPP/Maps/TopDownExampleMap.TopDownExampleMap_C' with ClassGeneratedBy '/Game/TopDownCPP/Maps/TopDownExampleMap.TopDownExampleMap:PersistentLevel.TopDownExampleMap'
[2020.02.26-13.30.47:417][352]LogRenderer: Reallocating scene render targets to support 1280x720 Format 10 NumSamples 1 (Frame:1).
[2020.02.26-13.31.05:119][408]LogSlate: Window 'RealeaseGame Game Preview Standalone (64-bit/PCD3D_SM5)' being destroyed
[2020.02.26-13.31.05:127][408]LogBlueprintUserMessages: Early EndPlayMap Detection: Level '/Game/TopDownCPP/Maps/TopDownExampleMap.TopDownExampleMap:PersistentLevel' has LevelScriptBlueprint '/Game/TopDownCPP/Maps/TopDownExampleMap.TopDownExampleMap:PersistentLevel.TopDownExampleMap' with GeneratedClass '/Game/TopDownCPP/Maps/TopDownExampleMap.TopDownExampleMap_C' with ClassGeneratedBy '/Game/TopDownCPP/Maps/TopDownExampleMap.TopDownExampleMap:PersistentLevel.TopDownExampleMap'
[2020.02.26-13.31.05:128][408]LogWorld: BeginTearingDown for /Game/TopDownCPP/Maps/UEDPIE_0_TopDownExampleMap
[2020.02.26-13.31.05:128][408]LogAudioMixer: Display: No commands were queued while flushing the source manager.
[2020.02.26-13.31.05:128][408]LogWorld: UWorld::CleanupWorld for TopDownExampleMap, bSessionEnded=true, bCleanupResources=true
[2020.02.26-13.31.05:128][408]LogSlate: InvalidateAllWidgets triggered.  All widgets were invalidated
[2020.02.26-13.31.05:143][408]LogPlayLevel: Display: Shutting down PIE online subsystems
[2020.02.26-13.31.05:143][408]LogBlueprintUserMessages: Late EndPlayMap Detection: Level '/Game/TopDownCPP/Maps/TopDownExampleMap.TopDownExampleMap:PersistentLevel' has LevelScriptBlueprint '/Game/TopDownCPP/Maps/TopDownExampleMap.TopDownExampleMap:PersistentLevel.TopDownExampleMap' with GeneratedClass '/Game/TopDownCPP/Maps/TopDownExampleMap.TopDownExampleMap_C' with ClassGeneratedBy '/Game/TopDownCPP/Maps/TopDownExampleMap.TopDownExampleMap:PersistentLevel.TopDownExampleMap'
[2020.02.26-13.31.05:149][408]LogSlate: InvalidateAllWidgets triggered.  All widgets were invalidated
[2020.02.26-13.31.05:192][408]LogAudioMixer: Display: No commands were queued while flushing the source manager.
[2020.02.26-13.31.05:201][408]LogUObjectHash: Compacting FUObjectHashTables data took   3.80ms
[2020.02.26-13.31.05:218][409]LogPlayLevel: Display: Destroying online subsystem :Context_17
[2020.02.26-13.31.15:114][987]Cmd: OBJ SAVEPACKAGE PACKAGE="/Game/TopDownCPP/Blueprints/TopDownCharacter" FILE="../../../../../startup/StartUp/RealeaseGame/Content/TopDownCPP/Blueprints/TopDownCharacter.uasset" SILENT=true
[2020.02.26-13.31.15:171][987]LogSavePackage: Moving '../../../../../startup/StartUp/RealeaseGame/Saved/TopDownCharacter3E31777F46AE0C99744D8188DA2DB0B2.tmp' to '../../../../../startup/StartUp/RealeaseGame/Content/TopDownCPP/Blueprints/TopDownCharacter.uasset'
[2020.02.26-13.31.15:188][987]AssetCheck: New page: Asset Save: TopDownCharacter
[2020.02.26-13.31.15:188][987]LogContentValidation: Display: Validating Blueprint /Game/TopDownCPP/Blueprints/TopDownCharacter.TopDownCharacter
[2020.02.26-13.31.16:877][ 84]Cmd: OBJ SAVEPACKAGE PACKAGE="/Game/UI/ResourceCount" FILE="../../../../../startup/StartUp/RealeaseGame/Content/UI/ResourceCount.uasset" SILENT=true
[2020.02.26-13.31.16:900][ 84]LogSavePackage: Moving '../../../../../startup/StartUp/RealeaseGame/Saved/ResourceCount1BA5C1FD43667B8E3C9719BB9F6EA5C5.tmp' to '../../../../../startup/StartUp/RealeaseGame/Content/UI/ResourceCount.uasset'
[2020.02.26-13.31.16:922][ 84]AssetCheck: New page: Asset Save: ResourceCount
[2020.02.26-13.31.16:922][ 84]LogContentValidation: Display: Validating WidgetBlueprint /Game/UI/ResourceCount.ResourceCount
[2020.02.26-13.43.10:268][737]LogAssetEditorSubsystem: Opening Asset editor for Blueprint /Game/TopDownCPP/Blueprints/WallStraight.WallStraight
[2020.02.26-13.45.54:407][335]LogBlueprint: Warning: [Compiler ] Pasted node  CustomEvent   conflicted with  On Clicked (Button_59)  and was replaced as a Custom Event!
[2020.02.26-13.47.32:512][172]LogBlueprint: Warning: [Compiler ] Pasted node  CustomEvent   conflicted with  On Clicked (Button_59)  and was replaced as a Custom Event!
[2020.02.26-13.56.16:128][226]LogUObjectHash: Compacting FUObjectHashTables data took   5.87ms
[2020.02.26-13.56.18:086][226]LogSavePackage: Moving '../../../../../startup/StartUp/RealeaseGame/Saved/TopDownExampleMap_Auto14654D6DB40F7832A2D009CACA1A35C56.tmp' to '../../../../../startup/StartUp/RealeaseGame/Saved/Autosaves/Game/TopDownCPP/Maps/TopDownExampleMap_Auto1.umap'
[2020.02.26-13.56.18:089][226]LogFileHelpers: Editor autosave (incl. sublevels) for '/Game/TopDownCPP/Maps/TopDownExampleMap' took 2.016
[2020.02.26-13.56.18:089][226]LogFileHelpers: Editor autosave (incl. sublevels) for all levels took 2.016
[2020.02.26-13.56.18:089][226]OBJ SavePackage: Generating thumbnails for [1] asset(s) in package [/Game/TopDownCPP/Blueprints/WallCurve] ([1] browsable assets)...
[2020.02.26-13.56.18:120][226]OBJ SavePackage:     Rendered thumbnail for [Blueprint /Game/TopDownCPP/Blueprints/WallCurve.WallCurve]
[2020.02.26-13.56.18:120][226]OBJ SavePackage: Finished generating thumbnails for package [/Game/TopDownCPP/Blueprints/WallCurve]
[2020.02.26-13.56.18:152][226]LogSavePackage: Moving '../../../../../startup/StartUp/RealeaseGame/Saved/WallCurve_Auto11E5632CC44EF286460A5718EC680B9EE.tmp' to '../../../../../startup/StartUp/RealeaseGame/Saved/Autosaves/Game/TopDownCPP/Blueprints/WallCurve_Auto1.uasset'
[2020.02.26-13.56.18:153][226]OBJ SavePackage: Generating thumbnails for [0] asset(s) in package [/Game/UI/UpgradeMenu] ([1] browsable assets)...
[2020.02.26-13.56.18:153][226]OBJ SavePackage: Finished generating thumbnails for package [/Game/UI/UpgradeMenu]
[2020.02.26-13.56.18:153][226]Cmd: OBJ SAVEPACKAGE PACKAGE="/Game/UI/UpgradeMenu" FILE="../../../../../startup/StartUp/RealeaseGame/Saved/Autosaves/Game/UI/UpgradeMenu_Auto1.uasset" SILENT=false AUTOSAVING=true
[2020.02.26-13.56.18:225][226]LogSavePackage: Moving '../../../../../startup/StartUp/RealeaseGame/Saved/UpgradeMenu_Auto176AEB1F243DF795F576A58BF42641584.tmp' to '../../../../../startup/StartUp/RealeaseGame/Saved/Autosaves/Game/UI/UpgradeMenu_Auto1.uasset'
[2020.02.26-13.56.18:226][226]LogFileHelpers: Auto-saving content packages took 0.137
[2020.02.26-14.03.04:143][427]Cmd: OBJ SAVEPACKAGE PACKAGE="/Game/UI/UpgradeMenu" FILE="../../../../../startup/StartUp/RealeaseGame/Content/UI/UpgradeMenu.uasset" SILENT=true
[2020.02.26-14.03.05:837][427]LogSavePackage: Moving '../../../../../startup/StartUp/RealeaseGame/Saved/UpgradeMenuD0613EE04525BE232B82689639404409.tmp' to '../../../../../startup/StartUp/RealeaseGame/Content/UI/UpgradeMenu.uasset'
[2020.02.26-14.03.05:884][427]AssetCheck: New page: Asset Save: UpgradeMenu
[2020.02.26-14.03.05:884][427]LogContentValidation: Display: Validating WidgetBlueprint /Game/UI/UpgradeMenu.UpgradeMenu
[2020.02.26-14.10.12:947][861]LogUObjectHash: Compacting FUObjectHashTables data took   5.36ms
[2020.02.26-14.10.12:948][861]LogFileHelpers: Editor autosave (incl. sublevels) for '/Game/TopDownCPP/Maps/TopDownExampleMap' took 0.051
[2020.02.26-14.10.12:948][861]OBJ SavePackage: Generating thumbnails for [0] asset(s) in package [/Game/UI/UpgradeMenu] ([1] browsable assets)...
[2020.02.26-14.10.12:948][861]OBJ SavePackage: Finished generating thumbnails for package [/Game/UI/UpgradeMenu]
[2020.02.26-14.10.12:948][861]Cmd: OBJ SAVEPACKAGE PACKAGE="/Game/UI/UpgradeMenu" FILE="../../../../../startup/StartUp/RealeaseGame/Saved/Autosaves/Game/UI/UpgradeMenu_Auto2.uasset" SILENT=false AUTOSAVING=true
[2020.02.26-14.10.14:676][861]LogSavePackage: Moving '../../../../../startup/StartUp/RealeaseGame/Saved/UpgradeMenu_Auto23C5BC2FD46156C08C7DBE4A2AC01319B.tmp' to '../../../../../startup/StartUp/RealeaseGame/Saved/Autosaves/Game/UI/UpgradeMenu_Auto2.uasset'
[2020.02.26-14.10.14:676][861]LogFileHelpers: Auto-saving content packages took 1.728
[2020.02.26-14.30.42:901][413]LogUObjectHash: Compacting FUObjectHashTables data took   5.29ms
[2020.02.26-14.30.42:904][413]LogFileHelpers: Editor autosave (incl. sublevels) for '/Game/TopDownCPP/Maps/TopDownExampleMap' took 0.056
[2020.02.26-14.30.42:904][413]OBJ SavePackage: Generating thumbnails for [0] asset(s) in package [/Game/UI/UpgradeMenu] ([1] browsable assets)...
[2020.02.26-14.30.42:904][413]OBJ SavePackage: Finished generating thumbnails for package [/Game/UI/UpgradeMenu]
[2020.02.26-14.30.42:904][413]Cmd: OBJ SAVEPACKAGE PACKAGE="/Game/UI/UpgradeMenu" FILE="../../../../../startup/StartUp/RealeaseGame/Saved/Autosaves/Game/UI/UpgradeMenu_Auto3.uasset" SILENT=false AUTOSAVING=true
[2020.02.26-14.30.42:940][413]LogSavePackage: Moving '../../../../../startup/StartUp/RealeaseGame/Saved/UpgradeMenu_Auto3CFD277154D607AD5E0E077BF5946B313.tmp' to '../../../../../startup/StartUp/RealeaseGame/Saved/Autosaves/Game/UI/UpgradeMenu_Auto3.uasset'
[2020.02.26-14.30.42:941][413]LogFileHelpers: Auto-saving content packages took 0.036
[2020.02.26-14.31.18:254][513]BlueprintLog: New page: Compile UpgradeMenu
[2020.02.26-14.31.18:324][513]LogUObjectHash: Compacting FUObjectHashTables data took   5.04ms
[2020.02.26-14.34.06:667][453]LogSlate: Prevented a slow task dialog from being summoned while a context menu was open
[2020.02.26-14.42.27:892][884]LogUObjectHash: Compacting FUObjectHashTables data took   5.83ms
[2020.02.26-14.42.27:893][884]LogFileHelpers: Editor autosave (incl. sublevels) for '/Game/TopDownCPP/Maps/TopDownExampleMap' took 0.052
[2020.02.26-14.42.27:893][884]OBJ SavePackage: Generating thumbnails for [0] asset(s) in package [/Game/UI/UpgradeMenu] ([1] browsable assets)...
[2020.02.26-14.42.27:893][884]OBJ SavePackage: Finished generating thumbnails for package [/Game/UI/UpgradeMenu]
[2020.02.26-14.42.27:894][884]Cmd: OBJ SAVEPACKAGE PACKAGE="/Game/UI/UpgradeMenu" FILE="../../../../../startup/StartUp/RealeaseGame/Saved/Autosaves/Game/UI/UpgradeMenu_Auto4.uasset" SILENT=false AUTOSAVING=true
[2020.02.26-14.42.27:929][884]LogSavePackage: Moving '../../../../../startup/StartUp/RealeaseGame/Saved/UpgradeMenu_Auto4686B14DA41727B1A604A26AC1153FB50.tmp' to '../../../../../startup/StartUp/RealeaseGame/Saved/Autosaves/Game/UI/UpgradeMenu_Auto4.uasset'
[2020.02.26-14.42.27:930][884]OBJ SavePackage: Generating thumbnails for [0] asset(s) in package [/Game/UI/ResourceCount] ([1] browsable assets)...
[2020.02.26-14.42.27:930][884]OBJ SavePackage: Finished generating thumbnails for package [/Game/UI/ResourceCount]
[2020.02.26-14.42.27:930][884]Cmd: OBJ SAVEPACKAGE PACKAGE="/Game/UI/ResourceCount" FILE="../../../../../startup/StartUp/RealeaseGame/Saved/Autosaves/Game/UI/ResourceCount_Auto4.uasset" SILENT=false AUTOSAVING=true
[2020.02.26-14.42.29:628][884]LogSavePackage: Moving '../../../../../startup/StartUp/RealeaseGame/Saved/ResourceCount_Auto4E78826C44EFB71084AE64A8CCE90BDB6.tmp' to '../../../../../startup/StartUp/RealeaseGame/Saved/Autosaves/Game/UI/ResourceCount_Auto4.uasset'
[2020.02.26-14.42.29:629][884]LogFileHelpers: Auto-saving content packages took 1.736
[2020.02.26-14.46.26:658][842]LogD3D11RHI: Timed out while waiting for GPU to catch up. (0.5 s) (ErrorCode 00000001)
[2020.02.26-14.46.27:158][842]LogD3D11RHI: Timed out while waiting for GPU to catch up. (0.5 s) (ErrorCode 00000001)
[2020.02.26-14.46.29:663][842]LogD3D11RHI: Timed out while waiting for GPU to catch up. (0.5 s) (ErrorCode 00000001)
[2020.02.26-14.46.32:168][842]LogD3D11RHI: Timed out while waiting for GPU to catch up. (0.5 s) (ErrorCode 00000001)
[2020.02.26-14.46.35:625][844]LogRHI: Error: SyncInterval 0
[2020.02.26-14.46.35:625][844]LogRHI: Error: SwapChainDesc.BufferDesc.Width 1936
[2020.02.26-14.46.35:625][844]LogRHI: Error: SwapChainDesc.BufferDesc.Height 1056
[2020.02.26-14.46.35:625][844]LogRHI: Error: SwapChainDesc.BufferDesc.RefreshRate.Numerator 0
[2020.02.26-14.46.35:625][844]LogRHI: Error: SwapChainDesc.BufferDesc.RefreshRate.Denominator 0
[2020.02.26-14.46.35:625][844]LogRHI: Error: SwapChainDesc.BufferDesc.Format 24
[2020.02.26-14.46.35:625][844]LogRHI: Error: SwapChainDesc.BufferDesc.ScanlineOrdering 0
[2020.02.26-14.46.35:625][844]LogRHI: Error: SwapChainDesc.BufferDesc.Scaling 0
[2020.02.26-14.46.35:625][844]LogRHI: Error: SwapChainDesc.SampleDesc.Count 1
[2020.02.26-14.46.35:625][844]LogRHI: Error: SwapChainDesc.SampleDesc.Quality 0
[2020.02.26-14.46.35:625][844]LogRHI: Error: SwapChainDesc.BufferUsage 48
[2020.02.26-14.46.35:625][844]LogRHI: Error: SwapChainDesc.BufferCount 2
[2020.02.26-14.46.35:625][844]LogRHI: Error: SwapChainDesc.OutputWindow 000000000005088A
[2020.02.26-14.46.35:625][844]LogRHI: Error: SwapChainDesc.Windowed true
[2020.02.26-14.46.35:625][844]LogRHI: Error: SwapChainDesc.SwapEffect 4
[2020.02.26-14.46.35:625][844]LogRHI: Error: SwapChainDesc.Flags 2050
[2020.02.26-14.46.35:625][844]LogD3D11RHI: Error: Result failed 
 at D:/Build/++UE4/Sync/Engine/Source/Runtime/Windows/D3D11RHI/Private/D3D11Viewport.cpp:389 
 with error DXGI_ERROR_DEVICE_REMOVED 00000000
[2020.02.26-14.46.35:625][844]LogD3D11RHI: [Aftermath] GDynamicRHI=000001BB6A6D40C0, GDX11NVAfterMathEnabled=0, Result=0xFFFFFFFF, bDeviceActive=0
[2020.02.26-14.46.35:625][844]LogWindows: Windows GetLastError: The operation completed successfully. (0)
[2020.02.26-14.46.37:417][844]LogThreadingWindows: Error: Runnable thread RenderThread 5 crashed.
[2020.02.26-14.46.37:417][844]LogOutputDevice: Warning: 

Script Stack (0 frames):

[2020.02.26-14.46.37:417][844]LogWindows: Error: [Callstack] 0x00007ffe7ed3f60c UE4Editor-SlateRHIRenderer.dll!UnknownFunction []
[2020.02.26-14.46.37:417][844]LogWindows: Error: [Callstack] 0x00007ffe7ed3f60c UE4Editor-SlateRHIRenderer.dll!UnknownFunction []
[2020.02.26-14.46.37:417][844]LogWindows: Error: d3f60c UE4Editor-SlateRHIRenderer.dll!UnknownFunction []
[2020.02.26-14.46.37:417][844]LogWindows: Error: [Callstack] 0x00007ffe91059ff2 UE4Editor-Core.dll!UnknownFunction []
[2020.02.26-14.46.37:417][844]LogWindows: Error: [Callstack] 0x00007ffe9105a393 UE4Editor-Core.dll!UnknownFunction []
[2020.02.26-14.46.37:417][844]LogWindows: Error: 3f60c UE4Editor-SlateRHIRenderer.dll!UnknownFunction []
[2020.02.26-14.46.37:417][844]LogWindows: Error: [Callstack] 0x00007ffe9c8b5391 UE4Editor-RenderCore.dll!UnknownFunction []
[2020.02.26-14.46.37:417][844]LogWindows: Error: [Callstack] 0x00007ffe9c8be254 UE4Editor-RenderCore.dll!UnknownFunction []
[2020.02.26-14.46.37:417][844]LogWindows: Error: unction []
[2020.02.26-14.46.37:417][844]LogWindows: Error: [Callstack] 0x00007ffe914d32ef UE4Editor-Core.dll!UnknownFunction []
[2020.02.26-14.46.37:417][844]LogWindows: Error: 07ffe9105a393 UE4Editor-Core.dll!UnknownFunction []
[2020.02.26-14.46.37:417][844]LogWindows: Error: [Callstack] 0x00007ffe914d2f94 UE4Editor-Core.dll!UnknownFunction []
[2020.02.26-14.46.37:417][844]LogWindows: Error: nFunction []
[2020.02.26-14.46.37:417][844]LogWindows: Error: [Callstack] 0x00007fff01387bd4 KERNEL32.DLL!UnknownFunction []
[2020.02.26-14.46.37:417][844]LogWindows: Error: unction []
[2020.02.26-14.46.37:417][844]LogWindows: Error: [Callstack] 0x00007fff02dcced1 ntdll.dll!UnknownFunction []
[2020.02.26-14.46.37:417][844]LogWindows: Error: nction []
[2020.02.26-14.46.37:417][844]LogWindows: Error: 
[2020.02.26-14.46.37:417][844]LogWindows: Error: ction []
[2020.02.26-14.46.37:417][844]LogWindows: Error: 
[2020.02.26-14.46.37:417][844]LogWindows: Error: 14d32ef UE4Editor-Core.dll!UnknownFunction []
[2020.02.26-14.46.37:417][844]LogWindows: Error: 
[2020.02.26-14.46.37:417][844]LogWindows: Error: 4d32ef UE4Editor-Core.dll!UnknownFunction []
[2020.02.26-14.46.37:417][844]LogWindows: Error: 
[2020.02.26-14.46.37:417][844]LogWindows: Error: fe914d2f94 UE4Editor-Core.dll!UnknownFunction []
[2020.02.26-14.46.37:545][844]LogWindows: Error: ff01387bd4 KERNEL32.DLL!UnknownFunction []
[2020.02.26-14.46.37:545][844]LogWindows: Error: ced1 ntdll.dll!UnknownFunction []
[2020.02.26-14.46.37:545][844]LogWindows: Error: [Callstack] 0x00007ffe7efe13e9 UE4Editor-D3D11RHI.dll!UnknownFunction []
[2020.02.26-14.46.37:545][844]LogWindows: Error: [Callstack] 0x00007ffe7efe5bbf UE4Editor-D3D11RHI.dll!UnknownFunction []
[2020.02.26-14.46.37:545][844]LogWindows: Error: [Callstack] 0x00007ffe7efc7549 UE4Editor-D3D11RHI.dll!UnknownFunction []
[2020.02.26-14.46.37:545][844]LogWindows: Error: [Callstack] 0x00007ffe7efc6912 UE4Editor-D3D11RHI.dll!UnknownFunction []
[2020.02.26-14.46.37:545][844]LogWindows: Error: [Callstack] 0x00007ffe7efd2b9d UE4Editor-D3D11RHI.dll!UnknownFunction []
[2020.02.26-14.46.37:545][844]LogWindows: Error: [Callstack] 0x00007ffe9c6eb920 UE4Editor-RHI.dll!UnknownFunction []
[2020.02.26-14.46.37:545][844]LogWindows: Error: [Callstack] 0x00007ffe9c6eeff0 UE4Editor-RHI.dll!UnknownFunction []
[2020.02.26-14.46.37:545][844]LogWindows: Error: [Callstack] 0x00007ffe9c6eeacf UE4Editor-RHI.dll!UnknownFunction []
[2020.02.26-14.46.37:545][844]LogWindows: Error: [Callstack] 0x00007ffe9c6efc8b UE4Editor-RHI.dll!UnknownFunction []
[2020.02.26-14.46.37:545][844]LogWindows: Error: [Callstack] 0x00007ffe9c6e2162 UE4Editor-RHI.dll!UnknownFunction []
[2020.02.26-14.46.37:545][844]LogWindows: Error: [Callstack] 0x00007ffe7ed3765a UE4Editor-SlateRHIRenderer.dll!UnknownFunction []
[2020.02.26-14.46.37:545][844]LogWindows: Error: [Callstack] 0x00007ffe7ed2c8ac UE4Editor-SlateRHIRenderer.dll!UnknownFunction []
[2020.02.26-14.46.37:545][844]LogWindows: Windows GetLastError: The operation completed successfully. (0)
[2020.02.26-14.46.37:545][844]LogWindows: Error: HandleError re-entered.
[2020.02.26-14.46.37:545][844]LogWindows: FPlatformMisc::RequestExit(1)
[2020.02.26-14.46.37:545][844]LogCore: Engine exit requested (reason: Win RequestExit)
[2020.02.26-14.46.37:670][844]Log file closed, 02/26/20 15:46:37
