Log file open, 02/28/20 14:15:20
LogWindows: Failed to load 'aqProf.dll' (GetLastError=126)
LogWindows: File 'aqProf.dll' does not exist
LogWindows: Failed to load 'VtuneApi.dll' (GetLastError=126)
LogWindows: File 'VtuneApi.dll' does not exist
LogWindows: Failed to load 'VtuneApi32e.dll' (GetLastError=126)
LogWindows: File 'VtuneApi32e.dll' does not exist
LogConsoleResponse: Display: Failed to find resolution value strings in scalability ini. Falling back to default.
LogInit: Display: Running engine for game: RealeaseGame
LogPlatformFile: Not using cached read wrapper
LogTaskGraph: Started task graph with 5 named threads and 23 total threads with 3 sets of task threads.
LogStats: Stats thread started at 0.070354
LogD3D11RHI: Loaded GFSDK_Aftermath_Lib.x64.dll
LogICUInternationalization: ICU TimeZone Detection - Raw Offset: +1:00, Platform Override: ''
LogPluginManager: Mounting plugin Paper2D
LogPluginManager: Mounting plugin AISupport
LogPluginManager: Mounting plugin LightPropagationVolume
LogPluginManager: Mounting plugin ActorLayerUtilities
LogPluginManager: Mounting plugin AnimationSharing
LogPluginManager: Mounting plugin CLionSourceCodeAccess
LogPluginManager: Mounting plugin CodeLiteSourceCodeAccess
LogPluginManager: Mounting plugin GitSourceControl
LogPluginManager: Mounting plugin KDevelopSourceCodeAccess
LogPluginManager: Mounting plugin NullSourceCodeAccess
LogPluginManager: Mounting plugin PerforceSourceControl
LogPluginManager: Mounting plugin PlasticSourceControl
LogPluginManager: Mounting plugin SubversionSourceControl
LogPluginManager: Mounting plugin UObjectPlugin
LogPluginManager: Mounting plugin VisualStudioCodeSourceCodeAccess
LogPluginManager: Mounting plugin VisualStudioSourceCodeAccess
LogPluginManager: Mounting plugin XCodeSourceCodeAccess
LogPluginManager: Mounting plugin AssetManagerEditor
LogPluginManager: Mounting plugin CryptoKeys
LogPluginManager: Mounting plugin CurveEditorTools
LogPluginManager: Mounting plugin DataValidation
LogPluginManager: Mounting plugin FacialAnimation
LogPluginManager: Mounting plugin GameplayTagsEditor
LogPluginManager: Mounting plugin MacGraphicsSwitching
LogPluginManager: Mounting plugin MaterialAnalyzer
LogPluginManager: Mounting plugin MobileLauncherProfileWizard
LogPluginManager: Mounting plugin PluginBrowser
LogPluginManager: Mounting plugin SpeedTreeImporter
LogPluginManager: Mounting plugin DatasmithContent
LogPluginManager: Mounting plugin VariantManagerContent
LogPluginManager: Mounting plugin AlembicImporter
LogPluginManager: Mounting plugin AutomationUtils
LogPluginManager: Mounting plugin BackChannel
LogPluginManager: Mounting plugin CharacterAI
LogPluginManager: Mounting plugin GeometryCache
LogPluginManager: Mounting plugin PlatformCrypto
LogPluginManager: Mounting plugin ProxyLODPlugin
LogPluginManager: Mounting plugin SkeletalReduction
LogPluginManager: Mounting plugin MagicLeap
LogPluginManager: Mounting plugin MagicLeapMedia
LogPluginManager: Mounting plugin MLSDK
LogPluginManager: Mounting plugin AndroidMedia
LogPluginManager: Mounting plugin AvfMedia
LogPluginManager: Mounting plugin ImgMedia
LogPluginManager: Mounting plugin MediaCompositing
LogPluginManager: Mounting plugin MediaPlayerEditor
LogPluginManager: Mounting plugin WebMMedia
LogPluginManager: Mounting plugin WmfMedia
LogPluginManager: Mounting plugin TcpMessaging
LogPluginManager: Mounting plugin UdpMessaging
LogPluginManager: Mounting plugin ActorSequence
LogPluginManager: Mounting plugin LevelSequenceEditor
LogPluginManager: Mounting plugin MatineeToLevelSequence
LogPluginManager: Mounting plugin NetcodeUnitTest
LogPluginManager: Mounting plugin NUTUnrealEngine4
LogPluginManager: Mounting plugin OnlineSubsystemGooglePlay
LogPluginManager: Mounting plugin OnlineSubsystemIOS
LogPluginManager: Mounting plugin OnlineSubsystem
LogPluginManager: Mounting plugin OnlineSubsystemNull
LogPluginManager: Mounting plugin OnlineSubsystemUtils
LogPluginManager: Mounting plugin LauncherChunkInstaller
LogPluginManager: Mounting plugin AndroidDeviceProfileSelector
LogPluginManager: Mounting plugin AndroidMoviePlayer
LogPluginManager: Mounting plugin AndroidPermission
LogPluginManager: Mounting plugin AppleImageUtils
LogPluginManager: Mounting plugin AppleMoviePlayer
LogPluginManager: Mounting plugin ArchVisCharacter
LogPluginManager: Mounting plugin AssetTags
LogPluginManager: Mounting plugin AudioCapture
LogPluginManager: Mounting plugin CableComponent
LogPluginManager: Mounting plugin CustomMeshComponent
LogPluginManager: Mounting plugin EditableMesh
LogPluginManager: Mounting plugin ExampleDeviceProfileSelector
LogPluginManager: Mounting plugin GoogleCloudMessaging
LogPluginManager: Mounting plugin IOSDeviceProfileSelector
LogPluginManager: Mounting plugin LinuxDeviceProfileSelector
LogPluginManager: Mounting plugin LocationServicesBPLibrary
LogPluginManager: Mounting plugin MobilePatchingUtils
LogPluginManager: Mounting plugin OculusVR
LogPluginManager: Mounting plugin PhysXVehicles
LogPluginManager: Mounting plugin PostSplashScreen
LogPluginManager: Mounting plugin ProceduralMeshComponent
LogPluginManager: Mounting plugin RuntimePhysXCooking
LogPluginManager: Mounting plugin SignificanceManager
LogPluginManager: Mounting plugin SteamVR
LogPluginManager: Mounting plugin WebMMoviePlayer
LogPluginManager: Mounting plugin WindowsMoviePlayer
LogPluginManager: Mounting plugin ScreenshotTools
Launching UnrealBuildTool... [F:/Epic Games/UE_4.24/Engine/Binaries/DotNET/UnrealBuildTool.exe -Mode=QueryTargets -Project="F:/ProjectStartUp/StartUp/RealeaseGame/RealeaseGame.uproject" -Output="F:/ProjectStartUp/StartUp/RealeaseGame/Intermediate/TargetInfo.json"]
Launching UnrealBuildTool... [F:/Epic Games/UE_4.24/Engine/Binaries/DotNET/UnrealBuildTool.exe -Mode=QueryTargets -Project="F:/ProjectStartUp/StartUp/RealeaseGame/RealeaseGame.uproject" -Output="F:/ProjectStartUp/StartUp/RealeaseGame/Intermediate/TargetInfo.json"]
LogDesktopPlatform: Warning: Unable to read target info for ../../../../../ProjectStartUp/StartUp/RealeaseGame/RealeaseGame.uproject
LogInit: Using libcurl 7.55.1-DEV
LogInit:  - built for x86_64-pc-win32
LogInit:  - supports SSL with OpenSSL/1.1.1
LogInit:  - supports HTTP deflate (compression) using libz 1.2.8
LogInit:  - other features:
LogInit:      CURL_VERSION_SSL
LogInit:      CURL_VERSION_LIBZ
LogInit:      CURL_VERSION_IPV6
LogInit:      CURL_VERSION_ASYNCHDNS
LogInit:      CURL_VERSION_LARGEFILE
LogInit:      CURL_VERSION_IDN
LogInit:  CurlRequestOptions (configurable via config and command line):
LogInit:  - bVerifyPeer = true  - Libcurl will verify peer certificate
LogInit:  - bUseHttpProxy = false  - Libcurl will NOT use HTTP proxy
LogInit:  - bDontReuseConnections = false  - Libcurl will reuse connections
LogInit:  - MaxHostConnections = 16  - Libcurl will limit the number of connections to a host
LogInit:  - LocalHostAddr = Default
LogInit:  - BufferSize = 65536
LogOnline: OSS: Creating online subsystem instance for: NULL
LogInit: WinSock: version 1.1 (2.2), MaxSocks=32767, MaxUdp=65467
LogOnline: OSS: TryLoadSubsystemAndSetDefault: Loaded subsystem for module [NULL]
LogInit: Build: ++UE4+Release-4.24-CL-11100242
LogInit: Engine Version: 4.24.2-11100242+++UE4+Release-4.24
LogInit: Compatible Engine Version: 4.24.0-10570792+++UE4+Release-4.24
LogInit: Net CL: 10570792
LogInit: OS: Windows 10 (Release 1903) (), CPU: Intel(R) Core(TM) i7-6820HK CPU @ 2.70GHz, GPU: NVIDIA GeForce GTX 980M
LogInit: Compiled (64-bit): Jan 24 2020 02:05:53
LogInit: Compiled with Visual C++: 19.16.27032.01
LogInit: Build Configuration: Development
LogInit: Branch Name: ++UE4+Release-4.24
LogInit: Command Line: 
LogInit: Base Directory: F:/Epic Games/UE_4.24/Engine/Binaries/Win64/
LogInit: Installed Engine Build: 1
LogDevObjectVersion: Number of dev versions registered: 25
LogDevObjectVersion:   Dev-Blueprints (B0D832E4-1F89-4F0D-ACCF-7EB736FD4AA2): 10
LogDevObjectVersion:   Dev-Build (E1C64328-A22C-4D53-A36C-8E866417BD8C): 0
LogDevObjectVersion:   Dev-Core (375EC13C-06E4-48FB-B500-84F0262A717E): 3
LogDevObjectVersion:   Dev-Editor (E4B068ED-F494-42E9-A231-DA0B2E46BB41): 37
LogDevObjectVersion:   Dev-Framework (CFFC743F-43B0-4480-9391-14DF171D2073): 36
LogDevObjectVersion:   Dev-Mobile (B02B49B5-BB20-44E9-A304-32B752E40360): 2
LogDevObjectVersion:   Dev-Networking (A4E4105C-59A1-49B5-A7C5-40C4547EDFEE): 0
LogDevObjectVersion:   Dev-Online (39C831C9-5AE6-47DC-9A44-9C173E1C8E7C): 0
LogDevObjectVersion:   Dev-Physics (78F01B33-EBEA-4F98-B9B4-84EACCB95AA2): 2
LogDevObjectVersion:   Dev-Platform (6631380F-2D4D-43E0-8009-CF276956A95A): 0
LogDevObjectVersion:   Dev-Rendering (12F88B9F-8875-4AFC-A67C-D90C383ABD29): 36
LogDevObjectVersion:   Dev-Sequencer (7B5AE74C-D270-4C10-A958-57980B212A5A): 11
LogDevObjectVersion:   Dev-VR (D7296918-1DD6-4BDD-9DE2-64A83CC13884): 2
LogDevObjectVersion:   Dev-LoadTimes (C2A15278-BFE7-4AFE-6C17-90FF531DF755): 1
LogDevObjectVersion:   Private-Geometry (6EACA3D4-40EC-4CC1-B786-8BED09428FC5): 3
LogDevObjectVersion:   Dev-AnimPhys (29E575DD-E0A3-4627-9D10-D276232CDCEA): 17
LogDevObjectVersion:   Dev-Anim (AF43A65D-7FD3-4947-9873-3E8ED9C1BB05): 2
LogDevObjectVersion:   Dev-ReflectionCapture (6B266CEC-1EC7-4B8F-A30B-E4D90942FC07): 1
LogDevObjectVersion:   Dev-Automation (0DF73D61-A23F-47EA-B727-89E90C41499A): 1
LogDevObjectVersion:   FortniteMain (601D1886-AC64-4F84-AA16-D3DE0DEAC7D6): 31
LogDevObjectVersion:   Dev-Enterprise (9DFFBCD6-494F-0158-E221-12823C92A888): 8
LogDevObjectVersion:   Dev-Niagara (F2AED0AC-9AFE-416F-8664-AA7FFA26D6FC): 1
LogDevObjectVersion:   Dev-Destruction (174F1F0B-B4C6-45A5-B13F-2EE8D0FB917D): 9
LogDevObjectVersion:   Dev-Physics-Ext (35F94A83-E258-406C-A318-09F59610247C): 8
LogDevObjectVersion:   Dev-CineCamera (B2E18506-4273-CFC2-A54E-F4BB758BBA07): 1
LogInit: Presizing for max 25165824 objects, including 0 objects not considered by GC, pre-allocating 0 bytes for permanent pool.
LogInit: Object subsystem initialized
LogConfig: Setting CVar [[con.DebugEarlyDefault:1]]
LogConfig: Setting CVar [[r.setres:1280x720]]
[2020.02.28-13.15.21:268][  0]LogConfig: Setting CVar [[r.VSync:0]]
[2020.02.28-13.15.21:268][  0]LogConfig: Setting CVar [[r.RHICmdBypass:0]]
[2020.02.28-13.15.21:268][  0]LogConfig: Applying CVar settings from Section [/Script/Engine.RendererSettings] File [F:/ProjectStartUp/StartUp/RealeaseGame/Saved/Config/Windows/Engine.ini]
[2020.02.28-13.15.21:268][  0]LogConfig: Setting CVar [[r.GPUCrashDebugging:0]]
[2020.02.28-13.15.21:268][  0]LogConfig: Setting CVar [[r.MobileHDR:1]]
[2020.02.28-13.15.21:268][  0]LogConfig: Setting CVar [[r.Mobile.DisableVertexFog:1]]
[2020.02.28-13.15.21:268][  0]LogConfig: Setting CVar [[r.Shadow.CSM.MaxMobileCascades:2]]
[2020.02.28-13.15.21:268][  0]LogConfig: Setting CVar [[r.MobileMSAA:1]]
[2020.02.28-13.15.21:268][  0]LogConfig: Setting CVar [[r.Mobile.UseLegacyShadingModel:0]]
[2020.02.28-13.15.21:268][  0]LogConfig: Setting CVar [[r.Mobile.UseHWsRGBEncoding:0]]
[2020.02.28-13.15.21:268][  0]LogConfig: Setting CVar [[r.Mobile.AllowDitheredLODTransition:0]]
[2020.02.28-13.15.21:268][  0]LogConfig: Setting CVar [[r.Mobile.AllowSoftwareOcclusion:0]]
[2020.02.28-13.15.21:268][  0]LogConfig: Setting CVar [[r.DiscardUnusedQuality:0]]
[2020.02.28-13.15.21:268][  0]LogConfig: Setting CVar [[r.AllowOcclusionQueries:1]]
[2020.02.28-13.15.21:268][  0]LogConfig: Setting CVar [[r.MinScreenRadiusForLights:0.030000]]
[2020.02.28-13.15.21:268][  0]LogConfig: Setting CVar [[r.MinScreenRadiusForDepthPrepass:0.030000]]
[2020.02.28-13.15.21:268][  0]LogConfig: Setting CVar [[r.MinScreenRadiusForCSMDepth:0.010000]]
[2020.02.28-13.15.21:268][  0]LogConfig: Setting CVar [[r.PrecomputedVisibilityWarning:0]]
[2020.02.28-13.15.21:268][  0]LogConfig: Setting CVar [[r.TextureStreaming:1]]
[2020.02.28-13.15.21:268][  0]LogConfig: Setting CVar [[Compat.UseDXT5NormalMaps:0]]
[2020.02.28-13.15.21:268][  0]LogConfig: Setting CVar [[r.VirtualTextures:0]]
[2020.02.28-13.15.21:268][  0]LogConfig: Setting CVar [[r.VirtualTexturedLightmaps:0]]
[2020.02.28-13.15.21:268][  0]LogConfig: Setting CVar [[r.VT.TileSize:128]]
[2020.02.28-13.15.21:268][  0]LogConfig: Setting CVar [[r.VT.TileBorderSize:4]]
[2020.02.28-13.15.21:268][  0]LogConfig: Setting CVar [[r.vt.FeedbackFactor:16]]
[2020.02.28-13.15.21:268][  0]LogConfig: Setting CVar [[r.VT.EnableCompressZlib:1]]
[2020.02.28-13.15.21:268][  0]LogConfig: Setting CVar [[r.VT.EnableCompressCrunch:0]]
[2020.02.28-13.15.21:268][  0]LogConfig: Setting CVar [[r.ClearCoatNormal:0]]
[2020.02.28-13.15.21:268][  0]LogConfig: Setting CVar [[r.ReflectionCaptureResolution:128]]
[2020.02.28-13.15.21:268][  0]LogConfig: Setting CVar [[r.ReflectionEnvironmentLightmapMixBasedOnRoughness:1]]
[2020.02.28-13.15.21:268][  0]LogConfig: Setting CVar [[r.ForwardShading:0]]
[2020.02.28-13.15.21:268][  0]LogConfig: Setting CVar [[r.VertexFoggingForOpaque:1]]
[2020.02.28-13.15.21:268][  0]LogConfig: Setting CVar [[r.AllowStaticLighting:1]]
[2020.02.28-13.15.21:268][  0]LogConfig: Setting CVar [[r.NormalMapsForStaticLighting:0]]
[2020.02.28-13.15.21:268][  0]LogConfig: Setting CVar [[r.GenerateMeshDistanceFields:0]]
[2020.02.28-13.15.21:268][  0]LogConfig: Setting CVar [[r.DistanceFieldBuild.EightBit:0]]
[2020.02.28-13.15.21:268][  0]LogConfig: Setting CVar [[r.GenerateLandscapeGIData:0]]
[2020.02.28-13.15.21:268][  0]LogConfig: Setting CVar [[r.DistanceFieldBuild.Compress:0]]
[2020.02.28-13.15.21:268][  0]LogConfig: Setting CVar [[r.TessellationAdaptivePixelsPerTriangle:48.000000]]
[2020.02.28-13.15.21:268][  0]LogConfig: Setting CVar [[r.SeparateTranslucency:0]]
[2020.02.28-13.15.21:268][  0]LogConfig: Setting CVar [[r.TranslucentSortPolicy:0]]
[2020.02.28-13.15.21:268][  0]LogConfig: Setting CVar [[r.CustomDepth:1]]
[2020.02.28-13.15.21:268][  0]LogConfig: Setting CVar [[r.CustomDepthTemporalAAJitter:1]]
[2020.02.28-13.15.21:268][  0]LogConfig: Setting CVar [[r.PostProcessing.PropagateAlpha:0]]
[2020.02.28-13.15.21:268][  0]LogConfig: Setting CVar [[r.DefaultFeature.Bloom:1]]
[2020.02.28-13.15.21:268][  0]LogConfig: Setting CVar [[r.DefaultFeature.AmbientOcclusion:0]]
[2020.02.28-13.15.21:268][  0]LogConfig: Setting CVar [[r.DefaultFeature.AmbientOcclusionStaticFraction:1]]
[2020.02.28-13.15.21:268][  0]LogConfig: Setting CVar [[r.DefaultFeature.AutoExposure:0]]
[2020.02.28-13.15.21:268][  0]LogConfig: Setting CVar [[r.DefaultFeature.AutoExposure.Method:0]]
[2020.02.28-13.15.21:268][  0]LogConfig: Setting CVar [[r.DefaultFeature.AutoExposure.ExtendDefaultLuminanceRange:0]]
[2020.02.28-13.15.21:268][  0]LogConfig: Setting CVar [[r.UsePreExposure:1]]
[2020.02.28-13.15.21:268][  0]LogConfig: Setting CVar [[r.EyeAdaptation.EditorOnly:1]]
[2020.02.28-13.15.21:268][  0]LogConfig: Setting CVar [[r.DefaultFeature.MotionBlur:0]]
[2020.02.28-13.15.21:268][  0]LogConfig: Setting CVar [[r.DefaultFeature.LensFlare:0]]
[2020.02.28-13.15.21:268][  0]LogConfig: Setting CVar [[r.TemporalAA.Upsampling:0]]
[2020.02.28-13.15.21:268][  0]LogConfig: Setting CVar [[r.SSGI.Enable:0]]
[2020.02.28-13.15.21:268][  0]LogConfig: Setting CVar [[r.DefaultFeature.AntiAliasing:0]]
[2020.02.28-13.15.21:268][  0]LogConfig: Setting CVar [[r.DefaultFeature.LightUnits:1]]
[2020.02.28-13.15.21:268][  0]LogConfig: Setting CVar [[r.DefaultBackBufferPixelFormat:4]]
[2020.02.28-13.15.21:268][  0]LogConfig: Setting CVar [[r.Shadow.UnbuiltPreviewInGame:1]]
[2020.02.28-13.15.21:268][  0]LogConfig: Setting CVar [[r.StencilForLODDither:0]]
[2020.02.28-13.15.21:268][  0]LogConfig: Setting CVar [[r.EarlyZPass:3]]
[2020.02.28-13.15.21:268][  0]LogConfig: Setting CVar [[r.EarlyZPassOnlyMaterialMasking:0]]
[2020.02.28-13.15.21:268][  0]LogConfig: Setting CVar [[r.DBuffer:1]]
[2020.02.28-13.15.21:269][  0]LogConfig: Setting CVar [[r.ClearSceneMethod:1]]
[2020.02.28-13.15.21:269][  0]LogConfig: Setting CVar [[r.BasePassOutputsVelocity:0]]
[2020.02.28-13.15.21:269][  0]LogConfig: Setting CVar [[r.SelectiveBasePassOutputs:0]]
[2020.02.28-13.15.21:269][  0]LogConfig: Setting CVar [[fx.GPUSimulationTextureSizeX:1024]]
[2020.02.28-13.15.21:269][  0]LogConfig: Setting CVar [[fx.GPUSimulationTextureSizeY:1024]]
[2020.02.28-13.15.21:269][  0]LogConfig: Setting CVar [[r.AllowGlobalClipPlane:0]]
[2020.02.28-13.15.21:269][  0]LogConfig: Setting CVar [[r.GBufferFormat:1]]
[2020.02.28-13.15.21:269][  0]LogConfig: Setting CVar [[r.MorphTarget.Mode:1]]
[2020.02.28-13.15.21:269][  0]LogConfig: Setting CVar [[vr.InstancedStereo:0]]
[2020.02.28-13.15.21:269][  0]LogConfig: Setting CVar [[vr.MultiView:0]]
[2020.02.28-13.15.21:269][  0]LogConfig: Setting CVar [[vr.MobileMultiView:0]]
[2020.02.28-13.15.21:269][  0]LogConfig: Setting CVar [[vr.MobileMultiView.Direct:0]]
[2020.02.28-13.15.21:269][  0]LogConfig: Setting CVar [[vr.RoundRobinOcclusion:0]]
[2020.02.28-13.15.21:269][  0]LogConfig: Setting CVar [[vr.ODSCapture:0]]
[2020.02.28-13.15.21:269][  0]LogConfig: Setting CVar [[r.WireframeCullThreshold:5.000000]]
[2020.02.28-13.15.21:269][  0]LogConfig: Setting CVar [[r.RayTracing:0]]
[2020.02.28-13.15.21:269][  0]LogConfig: Setting CVar [[r.RayTracing.UseTextureLod:0]]
[2020.02.28-13.15.21:269][  0]LogConfig: Setting CVar [[r.SupportStationarySkylight:1]]
[2020.02.28-13.15.21:269][  0]LogConfig: Setting CVar [[r.SupportLowQualityLightmaps:1]]
[2020.02.28-13.15.21:269][  0]LogConfig: Setting CVar [[r.SupportPointLightWholeSceneShadows:1]]
[2020.02.28-13.15.21:269][  0]LogConfig: Setting CVar [[r.SupportAtmosphericFog:1]]
[2020.02.28-13.15.21:269][  0]LogConfig: Setting CVar [[r.SupportSkyAtmosphere:1]]
[2020.02.28-13.15.21:269][  0]LogConfig: Setting CVar [[r.SupportSkyAtmosphereAffectsHeightFog:0]]
[2020.02.28-13.15.21:269][  0]LogConfig: Setting CVar [[r.SkinCache.CompileShaders:0]]
[2020.02.28-13.15.21:269][  0]LogConfig: Setting CVar [[r.Mobile.EnableStaticAndCSMShadowReceivers:1]]
[2020.02.28-13.15.21:269][  0]LogConfig: Setting CVar [[r.Mobile.EnableMovableLightCSMShaderCulling:1]]
[2020.02.28-13.15.21:269][  0]LogConfig: Setting CVar [[r.Mobile.AllowDistanceFieldShadows:1]]
[2020.02.28-13.15.21:269][  0]LogConfig: Setting CVar [[r.Mobile.AllowMovableDirectionalLights:1]]
[2020.02.28-13.15.21:269][  0]LogConfig: Setting CVar [[r.MobileNumDynamicPointLights:4]]
[2020.02.28-13.15.21:269][  0]LogConfig: Setting CVar [[r.MobileDynamicPointLightsUseStaticBranch:1]]
[2020.02.28-13.15.21:269][  0]LogConfig: Setting CVar [[r.Mobile.EnableMovableSpotlights:0]]
[2020.02.28-13.15.21:269][  0]LogConfig: Setting CVar [[r.SkinCache.SceneMemoryLimitInMB:128.000000]]
[2020.02.28-13.15.21:269][  0]LogConfig: Setting CVar [[r.GPUSkin.Limit2BoneInfluences:0]]
[2020.02.28-13.15.21:269][  0]LogConfig: Setting CVar [[r.SupportDepthOnlyIndexBuffers:1]]
[2020.02.28-13.15.21:269][  0]LogConfig: Setting CVar [[r.SupportReversedIndexBuffers:1]]
[2020.02.28-13.15.21:269][  0]LogConfig: Setting CVar [[r.SupportMaterialLayers:0]]
[2020.02.28-13.15.21:269][  0]LogConfig: Setting CVar [[r.LightPropagationVolume:0]]
[2020.02.28-13.15.21:269][  0]LogConfig: Applying CVar settings from Section [/Script/Engine.RendererOverrideSettings] File [F:/ProjectStartUp/StartUp/RealeaseGame/Saved/Config/Windows/Engine.ini]
[2020.02.28-13.15.21:269][  0]LogConfig: Applying CVar settings from Section [/Script/Engine.StreamingSettings] File [F:/ProjectStartUp/StartUp/RealeaseGame/Saved/Config/Windows/Engine.ini]
[2020.02.28-13.15.21:269][  0]LogConfig: Setting CVar [[s.MinBulkDataSizeForAsyncLoading:131072]]
[2020.02.28-13.15.21:269][  0]LogConfig: Setting CVar [[s.AsyncLoadingThreadEnabled:0]]
[2020.02.28-13.15.21:269][  0]LogConfig: Setting CVar [[s.EventDrivenLoaderEnabled:1]]
[2020.02.28-13.15.21:269][  0]LogConfig: Setting CVar [[s.WarnIfTimeLimitExceeded:0]]
[2020.02.28-13.15.21:269][  0]LogConfig: Setting CVar [[s.TimeLimitExceededMultiplier:1.5]]
[2020.02.28-13.15.21:269][  0]LogConfig: Setting CVar [[s.TimeLimitExceededMinTime:0.005]]
[2020.02.28-13.15.21:269][  0]LogConfig: Setting CVar [[s.UseBackgroundLevelStreaming:1]]
[2020.02.28-13.15.21:269][  0]LogConfig: Setting CVar [[s.PriorityAsyncLoadingExtraTime:15.0]]
[2020.02.28-13.15.21:269][  0]LogConfig: Setting CVar [[s.LevelStreamingActorsUpdateTimeLimit:5.0]]
[2020.02.28-13.15.21:269][  0]LogConfig: Setting CVar [[s.PriorityLevelStreamingActorsUpdateExtraTime:5.0]]
[2020.02.28-13.15.21:269][  0]LogConfig: Setting CVar [[s.LevelStreamingComponentsRegistrationGranularity:10]]
[2020.02.28-13.15.21:269][  0]LogConfig: Setting CVar [[s.UnregisterComponentsTimeLimit:1.0]]
[2020.02.28-13.15.21:269][  0]LogConfig: Setting CVar [[s.LevelStreamingComponentsUnregistrationGranularity:5]]
[2020.02.28-13.15.21:269][  0]LogConfig: Setting CVar [[s.FlushStreamingOnExit:1]]
[2020.02.28-13.15.21:269][  0]LogConfig: Applying CVar settings from Section [/Script/Engine.GarbageCollectionSettings] File [F:/ProjectStartUp/StartUp/RealeaseGame/Saved/Config/Windows/Engine.ini]
[2020.02.28-13.15.21:269][  0]LogConfig: Setting CVar [[gc.MaxObjectsNotConsideredByGC:1]]
[2020.02.28-13.15.21:269][  0]LogConfig: Setting CVar [[gc.SizeOfPermanentObjectPool:0]]
[2020.02.28-13.15.21:269][  0]LogConfig: Setting CVar [[gc.FlushStreamingOnGC:0]]
[2020.02.28-13.15.21:269][  0]LogConfig: Setting CVar [[gc.NumRetriesBeforeForcingGC:10]]
[2020.02.28-13.15.21:269][  0]LogConfig: Setting CVar [[gc.AllowParallelGC:1]]
[2020.02.28-13.15.21:269][  0]LogConfig: Setting CVar [[gc.TimeBetweenPurgingPendingKillObjects:61.1]]
[2020.02.28-13.15.21:269][  0]LogConfig: Setting CVar [[gc.MaxObjectsInEditor:25165824]]
[2020.02.28-13.15.21:269][  0]LogConfig: Setting CVar [[gc.IncrementalBeginDestroyEnabled:1]]
[2020.02.28-13.15.21:269][  0]LogConfig: Setting CVar [[gc.CreateGCClusters:1]]
[2020.02.28-13.15.21:269][  0]LogConfig: Setting CVar [[gc.MinGCClusterSize:5]]
[2020.02.28-13.15.21:269][  0]LogConfig: Setting CVar [[gc.ActorClusteringEnabled:0]]
[2020.02.28-13.15.21:269][  0]LogConfig: Setting CVar [[gc.BlueprintClusteringEnabled:0]]
[2020.02.28-13.15.21:269][  0]LogConfig: Setting CVar [[gc.UseDisregardForGCOnDedicatedServers:0]]
[2020.02.28-13.15.21:269][  0]LogConfig: Applying CVar settings from Section [/Script/Engine.NetworkSettings] File [F:/ProjectStartUp/StartUp/RealeaseGame/Saved/Config/Windows/Engine.ini]
[2020.02.28-13.15.21:269][  0]LogConfig: Applying CVar settings from Section [/Script/UnrealEd.CookerSettings] File [F:/ProjectStartUp/StartUp/RealeaseGame/Saved/Config/Windows/Engine.ini]
[2020.02.28-13.15.21:273][  0]LogConfig: Applying CVar settings from Section [ViewDistanceQuality@3] File [F:/ProjectStartUp/StartUp/RealeaseGame/Saved/Config/Windows/Scalability.ini]
[2020.02.28-13.15.21:273][  0]LogConfig: Setting CVar [[r.SkeletalMeshLODBias:0]]
[2020.02.28-13.15.21:273][  0]LogConfig: Setting CVar [[r.ViewDistanceScale:1.0]]
[2020.02.28-13.15.21:273][  0]LogConfig: Applying CVar settings from Section [AntiAliasingQuality@3] File [F:/ProjectStartUp/StartUp/RealeaseGame/Saved/Config/Windows/Scalability.ini]
[2020.02.28-13.15.21:273][  0]LogConfig: Setting CVar [[r.PostProcessAAQuality:4]]
[2020.02.28-13.15.21:273][  0]LogConfig: Applying CVar settings from Section [ShadowQuality@3] File [F:/ProjectStartUp/StartUp/RealeaseGame/Saved/Config/Windows/Scalability.ini]
[2020.02.28-13.15.21:273][  0]LogConfig: Setting CVar [[r.LightFunctionQuality:1]]
[2020.02.28-13.15.21:273][  0]LogConfig: Setting CVar [[r.ShadowQuality:5]]
[2020.02.28-13.15.21:273][  0]LogConfig: Setting CVar [[r.Shadow.CSM.MaxCascades:10]]
[2020.02.28-13.15.21:273][  0]LogConfig: Setting CVar [[r.Shadow.MaxResolution:2048]]
[2020.02.28-13.15.21:273][  0]LogConfig: Setting CVar [[r.Shadow.MaxCSMResolution:2048]]
[2020.02.28-13.15.21:273][  0]LogConfig: Setting CVar [[r.Shadow.RadiusThreshold:0.01]]
[2020.02.28-13.15.21:273][  0]LogConfig: Setting CVar [[r.Shadow.DistanceScale:1.0]]
[2020.02.28-13.15.21:273][  0]LogConfig: Setting CVar [[r.Shadow.CSM.TransitionScale:1.0]]
[2020.02.28-13.15.21:273][  0]LogConfig: Setting CVar [[r.Shadow.PreShadowResolutionFactor:1.0]]
[2020.02.28-13.15.21:273][  0]LogConfig: Setting CVar [[r.DistanceFieldShadowing:1]]
[2020.02.28-13.15.21:273][  0]LogConfig: Setting CVar [[r.DistanceFieldAO:1]]
[2020.02.28-13.15.21:273][  0]LogConfig: Setting CVar [[r.AOQuality:2]]
[2020.02.28-13.15.21:273][  0]LogConfig: Setting CVar [[r.VolumetricFog:1]]
[2020.02.28-13.15.21:273][  0]LogConfig: Setting CVar [[r.VolumetricFog.GridPixelSize:8]]
[2020.02.28-13.15.21:273][  0]LogConfig: Setting CVar [[r.VolumetricFog.GridSizeZ:128]]
[2020.02.28-13.15.21:273][  0]LogConfig: Setting CVar [[r.VolumetricFog.HistoryMissSupersampleCount:4]]
[2020.02.28-13.15.21:273][  0]LogConfig: Setting CVar [[r.LightMaxDrawDistanceScale:1]]
[2020.02.28-13.15.21:273][  0]LogConfig: Setting CVar [[r.CapsuleShadows:1]]
[2020.02.28-13.15.21:273][  0]LogConfig: Applying CVar settings from Section [PostProcessQuality@3] File [F:/ProjectStartUp/StartUp/RealeaseGame/Saved/Config/Windows/Scalability.ini]
[2020.02.28-13.15.21:273][  0]LogConfig: Setting CVar [[r.MotionBlurQuality:4]]
[2020.02.28-13.15.21:273][  0]LogConfig: Setting CVar [[r.AmbientOcclusionMipLevelFactor:0.4]]
[2020.02.28-13.15.21:273][  0]LogConfig: Setting CVar [[r.AmbientOcclusionMaxQuality:100]]
[2020.02.28-13.15.21:273][  0]LogConfig: Setting CVar [[r.AmbientOcclusionLevels:-1]]
[2020.02.28-13.15.21:273][  0]LogConfig: Setting CVar [[r.AmbientOcclusionRadiusScale:1.0]]
[2020.02.28-13.15.21:273][  0]LogConfig: Setting CVar [[r.DepthOfFieldQuality:2]]
[2020.02.28-13.15.21:273][  0]LogConfig: Setting CVar [[r.RenderTargetPoolMin:400]]
[2020.02.28-13.15.21:273][  0]LogConfig: Setting CVar [[r.LensFlareQuality:2]]
[2020.02.28-13.15.21:273][  0]LogConfig: Setting CVar [[r.SceneColorFringeQuality:1]]
[2020.02.28-13.15.21:273][  0]LogConfig: Setting CVar [[r.EyeAdaptationQuality:2]]
[2020.02.28-13.15.21:273][  0]LogConfig: Setting CVar [[r.BloomQuality:5]]
[2020.02.28-13.15.21:273][  0]LogConfig: Setting CVar [[r.FastBlurThreshold:100]]
[2020.02.28-13.15.21:273][  0]LogConfig: Setting CVar [[r.Upscale.Quality:3]]
[2020.02.28-13.15.21:273][  0]LogConfig: Setting CVar [[r.Tonemapper.GrainQuantization:1]]
[2020.02.28-13.15.21:273][  0]LogConfig: Setting CVar [[r.LightShaftQuality:1]]
[2020.02.28-13.15.21:273][  0]LogConfig: Setting CVar [[r.Filter.SizeScale:1]]
[2020.02.28-13.15.21:274][  0]LogConfig: Setting CVar [[r.Tonemapper.Quality:5]]
[2020.02.28-13.15.21:274][  0]LogConfig: Setting CVar [[r.DOF.Gather.AccumulatorQuality:1        ; higher gathering accumulator quality]]
[2020.02.28-13.15.21:274][  0]LogConfig: Setting CVar [[r.DOF.Gather.PostfilterMethod:1          ; Median3x3 postfilering method]]
[2020.02.28-13.15.21:274][  0]LogConfig: Setting CVar [[r.DOF.Gather.EnableBokehSettings:0       ; no bokeh simulation when gathering]]
[2020.02.28-13.15.21:274][  0]LogConfig: Setting CVar [[r.DOF.Gather.RingCount:4                 ; medium number of samples when gathering]]
[2020.02.28-13.15.21:274][  0]LogConfig: Setting CVar [[r.DOF.Scatter.ForegroundCompositing:1    ; additive foreground scattering]]
[2020.02.28-13.15.21:274][  0]LogConfig: Setting CVar [[r.DOF.Scatter.BackgroundCompositing:2    ; additive background scattering]]
[2020.02.28-13.15.21:274][  0]LogConfig: Setting CVar [[r.DOF.Scatter.EnableBokehSettings:1      ; bokeh simulation when scattering]]
[2020.02.28-13.15.21:274][  0]LogConfig: Setting CVar [[r.DOF.Scatter.MaxSpriteRatio:0.1         ; only a maximum of 10% of scattered bokeh]]
[2020.02.28-13.15.21:274][  0]LogConfig: Setting CVar [[r.DOF.Recombine.Quality:1                ; cheap slight out of focus]]
[2020.02.28-13.15.21:274][  0]LogConfig: Setting CVar [[r.DOF.Recombine.EnableBokehSettings:0    ; no bokeh simulation on slight out of focus]]
[2020.02.28-13.15.21:274][  0]LogConfig: Setting CVar [[r.DOF.TemporalAAQuality:1                ; more stable temporal accumulation]]
[2020.02.28-13.15.21:274][  0]LogConfig: Setting CVar [[r.DOF.Kernel.MaxForegroundRadius:0.025]]
[2020.02.28-13.15.21:274][  0]LogConfig: Setting CVar [[r.DOF.Kernel.MaxBackgroundRadius:0.025]]
[2020.02.28-13.15.21:274][  0]LogConfig: Applying CVar settings from Section [TextureQuality@3] File [F:/ProjectStartUp/StartUp/RealeaseGame/Saved/Config/Windows/Scalability.ini]
[2020.02.28-13.15.21:274][  0]LogConfig: Setting CVar [[r.Streaming.MipBias:0]]
[2020.02.28-13.15.21:274][  0]LogConfig: Setting CVar [[r.Streaming.AmortizeCPUToGPUCopy:0]]
[2020.02.28-13.15.21:274][  0]LogConfig: Setting CVar [[r.Streaming.MaxNumTexturesToStreamPerFrame:0]]
[2020.02.28-13.15.21:274][  0]LogConfig: Setting CVar [[r.Streaming.Boost:1]]
[2020.02.28-13.15.21:274][  0]LogConfig: Setting CVar [[r.MaxAnisotropy:8]]
[2020.02.28-13.15.21:274][  0]LogConfig: Setting CVar [[r.VT.MaxAnisotropy:8]]
[2020.02.28-13.15.21:274][  0]LogConfig: Setting CVar [[r.Streaming.LimitPoolSizeToVRAM:0]]
[2020.02.28-13.15.21:274][  0]LogConfig: Setting CVar [[r.Streaming.PoolSize:1000]]
[2020.02.28-13.15.21:274][  0]LogConfig: Setting CVar [[r.Streaming.MaxEffectiveScreenSize:0]]
[2020.02.28-13.15.21:274][  0]LogConfig: Applying CVar settings from Section [EffectsQuality@3] File [F:/ProjectStartUp/StartUp/RealeaseGame/Saved/Config/Windows/Scalability.ini]
[2020.02.28-13.15.21:274][  0]LogConfig: Setting CVar [[r.TranslucencyLightingVolumeDim:64]]
[2020.02.28-13.15.21:274][  0]LogConfig: Setting CVar [[r.RefractionQuality:2]]
[2020.02.28-13.15.21:274][  0]LogConfig: Setting CVar [[r.SSR.Quality:3]]
[2020.02.28-13.15.21:274][  0]LogConfig: Setting CVar [[r.SSR.HalfResSceneColor:0]]
[2020.02.28-13.15.21:274][  0]LogConfig: Setting CVar [[r.SceneColorFormat:4]]
[2020.02.28-13.15.21:274][  0]LogConfig: Setting CVar [[r.DetailMode:2]]
[2020.02.28-13.15.21:274][  0]LogConfig: Setting CVar [[r.TranslucencyVolumeBlur:1]]
[2020.02.28-13.15.21:274][  0]LogConfig: Setting CVar [[r.MaterialQualityLevel:1 ; High quality]]
[2020.02.28-13.15.21:274][  0]LogConfig: Setting CVar [[r.SSS.Scale:1]]
[2020.02.28-13.15.21:274][  0]LogConfig: Setting CVar [[r.SSS.SampleSet:2]]
[2020.02.28-13.15.21:274][  0]LogConfig: Setting CVar [[r.SSS.Quality:1]]
[2020.02.28-13.15.21:274][  0]LogConfig: Setting CVar [[r.SSS.HalfRes:1]]
[2020.02.28-13.15.21:274][  0]LogConfig: Setting CVar [[r.SSGI.Quality:3]]
[2020.02.28-13.15.21:274][  0]LogConfig: Setting CVar [[r.EmitterSpawnRateScale:1.0]]
[2020.02.28-13.15.21:274][  0]LogConfig: Setting CVar [[r.ParticleLightQuality:2]]
[2020.02.28-13.15.21:274][  0]LogConfig: Setting CVar [[r.SkyAtmosphere.AerialPerspectiveLUT.FastApplyOnOpaque:1 ; Always have FastSkyLUT 1 in this case to avoid wrong sky]]
[2020.02.28-13.15.21:274][  0]LogConfig: Setting CVar [[r.SkyAtmosphere.AerialPerspectiveLUT.SampleCountPerSlice:1]]
[2020.02.28-13.15.21:274][  0]LogConfig: Setting CVar [[r.SkyAtmosphere.AerialPerspectiveLUT.DepthResolution:16.0]]
[2020.02.28-13.15.21:274][  0]LogConfig: Setting CVar [[r.SkyAtmosphere.FastSkyLUT:1]]
[2020.02.28-13.15.21:274][  0]LogConfig: Setting CVar [[r.SkyAtmosphere.FastSkyLUT.SampleCountMin:4.0]]
[2020.02.28-13.15.21:274][  0]LogConfig: Setting CVar [[r.SkyAtmosphere.FastSkyLUT.SampleCountMax:32.0]]
[2020.02.28-13.15.21:274][  0]LogConfig: Setting CVar [[r.SkyAtmosphere.SampleCountMin:4.0]]
[2020.02.28-13.15.21:274][  0]LogConfig: Setting CVar [[r.SkyAtmosphere.SampleCountMax:32.0]]
[2020.02.28-13.15.21:274][  0]LogConfig: Setting CVar [[r.SkyAtmosphere.TransmittanceLUT.UseSmallFormat:0]]
[2020.02.28-13.15.21:274][  0]LogConfig: Setting CVar [[r.SkyAtmosphere.TransmittanceLUT.SampleCount:10.0]]
[2020.02.28-13.15.21:274][  0]LogConfig: Setting CVar [[r.SkyAtmosphere.MultiScatteringLUT.SampleCount:15.0]]
[2020.02.28-13.15.21:274][  0]LogConfig: Applying CVar settings from Section [FoliageQuality@3] File [F:/ProjectStartUp/StartUp/RealeaseGame/Saved/Config/Windows/Scalability.ini]
[2020.02.28-13.15.21:274][  0]LogConfig: Setting CVar [[foliage.DensityScale:1.0]]
[2020.02.28-13.15.21:274][  0]LogConfig: Setting CVar [[grass.DensityScale:1.0]]
[2020.02.28-13.15.21:274][  0]LogConfig: Applying CVar settings from Section [ShadingQuality@3] File [F:/ProjectStartUp/StartUp/RealeaseGame/Saved/Config/Windows/Scalability.ini]
[2020.02.28-13.15.21:274][  0]LogConfig: Setting CVar [[r.HairStrands.SkyLighting.SampleCount:16]]
[2020.02.28-13.15.21:274][  0]LogConfig: Setting CVar [[r.HairStrands.SkyLighting.JitterIntegration:0]]
[2020.02.28-13.15.21:274][  0]LogConfig: Setting CVar [[r.HairStrands.SkyAO.SampleCount:16]]
[2020.02.28-13.15.21:274][  0]LogInit: Selected Device Profile: [Windows]
[2020.02.28-13.15.21:274][  0]LogInit: Applying CVar settings loaded from the selected device profile: [Windows]
[2020.02.28-13.15.21:276][  0]LogHAL: Display: Platform has ~ 32 GB [34306060288 / 34359738368 / 32], which maps to Largest [LargestMinGB=32, LargerMinGB=12, DefaultMinGB=8, SmallerMinGB=6, SmallestMinGB=0)
[2020.02.28-13.15.21:276][  0]LogInit: Going up to parent DeviceProfile []
[2020.02.28-13.15.21:276][  0]LogConfig: Applying CVar settings from Section [ViewDistanceQuality@3] File [F:/ProjectStartUp/StartUp/RealeaseGame/Saved/Config/Windows/Scalability.ini]
[2020.02.28-13.15.21:276][  0]LogConfig: Setting CVar [[r.SkeletalMeshLODBias:0]]
[2020.02.28-13.15.21:276][  0]LogConfig: Setting CVar [[r.ViewDistanceScale:1.0]]
[2020.02.28-13.15.21:276][  0]LogConfig: Applying CVar settings from Section [AntiAliasingQuality@3] File [F:/ProjectStartUp/StartUp/RealeaseGame/Saved/Config/Windows/Scalability.ini]
[2020.02.28-13.15.21:276][  0]LogConfig: Setting CVar [[r.PostProcessAAQuality:4]]
[2020.02.28-13.15.21:276][  0]LogConfig: Applying CVar settings from Section [ShadowQuality@3] File [F:/ProjectStartUp/StartUp/RealeaseGame/Saved/Config/Windows/Scalability.ini]
[2020.02.28-13.15.21:276][  0]LogConfig: Setting CVar [[r.LightFunctionQuality:1]]
[2020.02.28-13.15.21:276][  0]LogConfig: Setting CVar [[r.ShadowQuality:5]]
[2020.02.28-13.15.21:276][  0]LogConfig: Setting CVar [[r.Shadow.CSM.MaxCascades:10]]
[2020.02.28-13.15.21:276][  0]LogConfig: Setting CVar [[r.Shadow.MaxResolution:2048]]
[2020.02.28-13.15.21:277][  0]LogConfig: Setting CVar [[r.Shadow.MaxCSMResolution:2048]]
[2020.02.28-13.15.21:277][  0]LogConfig: Setting CVar [[r.Shadow.RadiusThreshold:0.01]]
[2020.02.28-13.15.21:277][  0]LogConfig: Setting CVar [[r.Shadow.DistanceScale:1.0]]
[2020.02.28-13.15.21:277][  0]LogConfig: Setting CVar [[r.Shadow.CSM.TransitionScale:1.0]]
[2020.02.28-13.15.21:277][  0]LogConfig: Setting CVar [[r.Shadow.PreShadowResolutionFactor:1.0]]
[2020.02.28-13.15.21:277][  0]LogConfig: Setting CVar [[r.DistanceFieldShadowing:1]]
[2020.02.28-13.15.21:277][  0]LogConfig: Setting CVar [[r.DistanceFieldAO:1]]
[2020.02.28-13.15.21:277][  0]LogConfig: Setting CVar [[r.AOQuality:2]]
[2020.02.28-13.15.21:277][  0]LogConfig: Setting CVar [[r.VolumetricFog:1]]
[2020.02.28-13.15.21:277][  0]LogConfig: Setting CVar [[r.VolumetricFog.GridPixelSize:8]]
[2020.02.28-13.15.21:277][  0]LogConfig: Setting CVar [[r.VolumetricFog.GridSizeZ:128]]
[2020.02.28-13.15.21:277][  0]LogConfig: Setting CVar [[r.VolumetricFog.HistoryMissSupersampleCount:4]]
[2020.02.28-13.15.21:277][  0]LogConfig: Setting CVar [[r.LightMaxDrawDistanceScale:1]]
[2020.02.28-13.15.21:277][  0]LogConfig: Setting CVar [[r.CapsuleShadows:1]]
[2020.02.28-13.15.21:277][  0]LogConfig: Applying CVar settings from Section [PostProcessQuality@3] File [F:/ProjectStartUp/StartUp/RealeaseGame/Saved/Config/Windows/Scalability.ini]
[2020.02.28-13.15.21:277][  0]LogConfig: Setting CVar [[r.MotionBlurQuality:4]]
[2020.02.28-13.15.21:277][  0]LogConfig: Setting CVar [[r.AmbientOcclusionMipLevelFactor:0.4]]
[2020.02.28-13.15.21:277][  0]LogConfig: Setting CVar [[r.AmbientOcclusionMaxQuality:100]]
[2020.02.28-13.15.21:277][  0]LogConfig: Setting CVar [[r.AmbientOcclusionLevels:-1]]
[2020.02.28-13.15.21:277][  0]LogConfig: Setting CVar [[r.AmbientOcclusionRadiusScale:1.0]]
[2020.02.28-13.15.21:277][  0]LogConfig: Setting CVar [[r.DepthOfFieldQuality:2]]
[2020.02.28-13.15.21:277][  0]LogConfig: Setting CVar [[r.RenderTargetPoolMin:400]]
[2020.02.28-13.15.21:277][  0]LogConfig: Setting CVar [[r.LensFlareQuality:2]]
[2020.02.28-13.15.21:277][  0]LogConfig: Setting CVar [[r.SceneColorFringeQuality:1]]
[2020.02.28-13.15.21:277][  0]LogConfig: Setting CVar [[r.EyeAdaptationQuality:2]]
[2020.02.28-13.15.21:277][  0]LogConfig: Setting CVar [[r.BloomQuality:5]]
[2020.02.28-13.15.21:277][  0]LogConfig: Setting CVar [[r.FastBlurThreshold:100]]
[2020.02.28-13.15.21:277][  0]LogConfig: Setting CVar [[r.Upscale.Quality:3]]
[2020.02.28-13.15.21:277][  0]LogConfig: Setting CVar [[r.Tonemapper.GrainQuantization:1]]
[2020.02.28-13.15.21:277][  0]LogConfig: Setting CVar [[r.LightShaftQuality:1]]
[2020.02.28-13.15.21:277][  0]LogConfig: Setting CVar [[r.Filter.SizeScale:1]]
[2020.02.28-13.15.21:277][  0]LogConfig: Setting CVar [[r.Tonemapper.Quality:5]]
[2020.02.28-13.15.21:277][  0]LogConfig: Setting CVar [[r.DOF.Gather.AccumulatorQuality:1        ; higher gathering accumulator quality]]
[2020.02.28-13.15.21:277][  0]LogConfig: Setting CVar [[r.DOF.Gather.PostfilterMethod:1          ; Median3x3 postfilering method]]
[2020.02.28-13.15.21:277][  0]LogConfig: Setting CVar [[r.DOF.Gather.EnableBokehSettings:0       ; no bokeh simulation when gathering]]
[2020.02.28-13.15.21:277][  0]LogConfig: Setting CVar [[r.DOF.Gather.RingCount:4                 ; medium number of samples when gathering]]
[2020.02.28-13.15.21:277][  0]LogConfig: Setting CVar [[r.DOF.Scatter.ForegroundCompositing:1    ; additive foreground scattering]]
[2020.02.28-13.15.21:277][  0]LogConfig: Setting CVar [[r.DOF.Scatter.BackgroundCompositing:2    ; additive background scattering]]
[2020.02.28-13.15.21:277][  0]LogConfig: Setting CVar [[r.DOF.Scatter.EnableBokehSettings:1      ; bokeh simulation when scattering]]
[2020.02.28-13.15.21:277][  0]LogConfig: Setting CVar [[r.DOF.Scatter.MaxSpriteRatio:0.1         ; only a maximum of 10% of scattered bokeh]]
[2020.02.28-13.15.21:277][  0]LogConfig: Setting CVar [[r.DOF.Recombine.Quality:1                ; cheap slight out of focus]]
[2020.02.28-13.15.21:277][  0]LogConfig: Setting CVar [[r.DOF.Recombine.EnableBokehSettings:0    ; no bokeh simulation on slight out of focus]]
[2020.02.28-13.15.21:277][  0]LogConfig: Setting CVar [[r.DOF.TemporalAAQuality:1                ; more stable temporal accumulation]]
[2020.02.28-13.15.21:277][  0]LogConfig: Setting CVar [[r.DOF.Kernel.MaxForegroundRadius:0.025]]
[2020.02.28-13.15.21:277][  0]LogConfig: Setting CVar [[r.DOF.Kernel.MaxBackgroundRadius:0.025]]
[2020.02.28-13.15.21:277][  0]LogConfig: Applying CVar settings from Section [TextureQuality@3] File [F:/ProjectStartUp/StartUp/RealeaseGame/Saved/Config/Windows/Scalability.ini]
[2020.02.28-13.15.21:277][  0]LogConfig: Setting CVar [[r.Streaming.MipBias:0]]
[2020.02.28-13.15.21:277][  0]LogConfig: Setting CVar [[r.Streaming.AmortizeCPUToGPUCopy:0]]
[2020.02.28-13.15.21:277][  0]LogConfig: Setting CVar [[r.Streaming.MaxNumTexturesToStreamPerFrame:0]]
[2020.02.28-13.15.21:277][  0]LogConfig: Setting CVar [[r.Streaming.Boost:1]]
[2020.02.28-13.15.21:277][  0]LogConfig: Setting CVar [[r.MaxAnisotropy:8]]
[2020.02.28-13.15.21:277][  0]LogConfig: Setting CVar [[r.VT.MaxAnisotropy:8]]
[2020.02.28-13.15.21:277][  0]LogConfig: Setting CVar [[r.Streaming.LimitPoolSizeToVRAM:0]]
[2020.02.28-13.15.21:277][  0]LogConfig: Setting CVar [[r.Streaming.PoolSize:1000]]
[2020.02.28-13.15.21:277][  0]LogConfig: Setting CVar [[r.Streaming.MaxEffectiveScreenSize:0]]
[2020.02.28-13.15.21:277][  0]LogConfig: Applying CVar settings from Section [EffectsQuality@3] File [F:/ProjectStartUp/StartUp/RealeaseGame/Saved/Config/Windows/Scalability.ini]
[2020.02.28-13.15.21:277][  0]LogConfig: Setting CVar [[r.TranslucencyLightingVolumeDim:64]]
[2020.02.28-13.15.21:277][  0]LogConfig: Setting CVar [[r.RefractionQuality:2]]
[2020.02.28-13.15.21:277][  0]LogConfig: Setting CVar [[r.SSR.Quality:3]]
[2020.02.28-13.15.21:277][  0]LogConfig: Setting CVar [[r.SSR.HalfResSceneColor:0]]
[2020.02.28-13.15.21:277][  0]LogConfig: Setting CVar [[r.SceneColorFormat:4]]
[2020.02.28-13.15.21:277][  0]LogConfig: Setting CVar [[r.DetailMode:2]]
[2020.02.28-13.15.21:277][  0]LogConfig: Setting CVar [[r.TranslucencyVolumeBlur:1]]
[2020.02.28-13.15.21:277][  0]LogConfig: Setting CVar [[r.MaterialQualityLevel:1 ; High quality]]
[2020.02.28-13.15.21:277][  0]LogConfig: Setting CVar [[r.SSS.Scale:1]]
[2020.02.28-13.15.21:277][  0]LogConfig: Setting CVar [[r.SSS.SampleSet:2]]
[2020.02.28-13.15.21:277][  0]LogConfig: Setting CVar [[r.SSS.Quality:1]]
[2020.02.28-13.15.21:277][  0]LogConfig: Setting CVar [[r.SSS.HalfRes:1]]
[2020.02.28-13.15.21:277][  0]LogConfig: Setting CVar [[r.SSGI.Quality:3]]
[2020.02.28-13.15.21:277][  0]LogConfig: Setting CVar [[r.EmitterSpawnRateScale:1.0]]
[2020.02.28-13.15.21:277][  0]LogConfig: Setting CVar [[r.ParticleLightQuality:2]]
[2020.02.28-13.15.21:277][  0]LogConfig: Setting CVar [[r.SkyAtmosphere.AerialPerspectiveLUT.FastApplyOnOpaque:1 ; Always have FastSkyLUT 1 in this case to avoid wrong sky]]
[2020.02.28-13.15.21:278][  0]LogConfig: Setting CVar [[r.SkyAtmosphere.AerialPerspectiveLUT.SampleCountPerSlice:1]]
[2020.02.28-13.15.21:278][  0]LogConfig: Setting CVar [[r.SkyAtmosphere.AerialPerspectiveLUT.DepthResolution:16.0]]
[2020.02.28-13.15.21:278][  0]LogConfig: Setting CVar [[r.SkyAtmosphere.FastSkyLUT:1]]
[2020.02.28-13.15.21:278][  0]LogConfig: Setting CVar [[r.SkyAtmosphere.FastSkyLUT.SampleCountMin:4.0]]
[2020.02.28-13.15.21:278][  0]LogConfig: Setting CVar [[r.SkyAtmosphere.FastSkyLUT.SampleCountMax:32.0]]
[2020.02.28-13.15.21:278][  0]LogConfig: Setting CVar [[r.SkyAtmosphere.SampleCountMin:4.0]]
[2020.02.28-13.15.21:278][  0]LogConfig: Setting CVar [[r.SkyAtmosphere.SampleCountMax:32.0]]
[2020.02.28-13.15.21:278][  0]LogConfig: Setting CVar [[r.SkyAtmosphere.TransmittanceLUT.UseSmallFormat:0]]
[2020.02.28-13.15.21:278][  0]LogConfig: Setting CVar [[r.SkyAtmosphere.TransmittanceLUT.SampleCount:10.0]]
[2020.02.28-13.15.21:278][  0]LogConfig: Setting CVar [[r.SkyAtmosphere.MultiScatteringLUT.SampleCount:15.0]]
[2020.02.28-13.15.21:278][  0]LogConfig: Applying CVar settings from Section [FoliageQuality@3] File [F:/ProjectStartUp/StartUp/RealeaseGame/Saved/Config/Windows/Scalability.ini]
[2020.02.28-13.15.21:278][  0]LogConfig: Setting CVar [[foliage.DensityScale:1.0]]
[2020.02.28-13.15.21:278][  0]LogConfig: Setting CVar [[grass.DensityScale:1.0]]
[2020.02.28-13.15.21:278][  0]LogConfig: Applying CVar settings from Section [ShadingQuality@3] File [F:/ProjectStartUp/StartUp/RealeaseGame/Saved/Config/Windows/Scalability.ini]
[2020.02.28-13.15.21:278][  0]LogConfig: Setting CVar [[r.HairStrands.SkyLighting.SampleCount:16]]
[2020.02.28-13.15.21:278][  0]LogConfig: Setting CVar [[r.HairStrands.SkyLighting.JitterIntegration:0]]
[2020.02.28-13.15.21:278][  0]LogConfig: Setting CVar [[r.HairStrands.SkyAO.SampleCount:16]]
[2020.02.28-13.15.21:278][  0]LogConfig: Applying CVar settings from Section [Startup] File [../../../Engine/Config/ConsoleVariables.ini]
[2020.02.28-13.15.21:278][  0]LogConfig: Setting CVar [[net.UseAdaptiveNetUpdateFrequency:0]]
[2020.02.28-13.15.21:278][  0]LogConfig: Setting CVar [[p.chaos.AllowCreatePhysxBodies:1]]
[2020.02.28-13.15.21:278][  0]LogConfig: Applying CVar settings from Section [ConsoleVariables] File [F:/ProjectStartUp/StartUp/RealeaseGame/Saved/Config/Windows/Engine.ini]
[2020.02.28-13.15.21:278][  0]LogInit: Computer: DASCALESCUMIHAI
[2020.02.28-13.15.21:278][  0]LogInit: User: Mihai
[2020.02.28-13.15.21:278][  0]LogInit: CPU Page size=4096, Cores=4
[2020.02.28-13.15.21:278][  0]LogInit: High frequency timer resolution =10.000000 MHz
[2020.02.28-13.15.21:278][  0]LogMemory: Memory total: Physical=32.0GB (32GB approx)
[2020.02.28-13.15.21:278][  0]LogMemory: Platform Memory Stats for Windows
[2020.02.28-13.15.21:278][  0]LogMemory: Process Physical Memory: 105.73 MB used, 105.73 MB peak
[2020.02.28-13.15.21:278][  0]LogMemory: Process Virtual Memory: 100.68 MB used, 100.68 MB peak
[2020.02.28-13.15.21:278][  0]LogMemory: Physical Memory: 11820.26 MB used,  20896.55 MB free, 32716.81 MB total
[2020.02.28-13.15.21:278][  0]LogMemory: Virtual Memory: 5137.50 MB used,  134212592.00 MB free, 134217728.00 MB total
[2020.02.28-13.15.21:281][  0]LogWindows: WindowsPlatformFeatures enabled
[2020.02.28-13.15.21:293][  0]LogInit: Using OS detected language (en-US).
[2020.02.28-13.15.21:293][  0]LogInit: Using OS detected locale (en-US).
[2020.02.28-13.15.21:293][  0]LogTextLocalizationManager: No specific localization for 'en-US' exists, so the 'en' localization will be used.
[2020.02.28-13.15.21:437][  0]LogInit: Setting process to per monitor DPI aware
[2020.02.28-13.15.21:478][  0]LogSlate: New Slate User Created.  User Index 0, Is Virtual User: 0
[2020.02.28-13.15.21:478][  0]LogSlate: Slate User Registered.  User Index 0, Is Virtual User: 0
[2020.02.28-13.15.21:586][  0]LogHMD: Failed to initialize OpenVR with code 110
[2020.02.28-13.15.21:586][  0]LogD3D11RHI: D3D11 min allowed feature level: 11_0
[2020.02.28-13.15.21:586][  0]LogD3D11RHI: D3D11 max allowed feature level: 11_0
[2020.02.28-13.15.21:586][  0]LogD3D11RHI: D3D11 adapters:
[2020.02.28-13.15.21:632][  0]LogD3D11RHI:    0. 'NVIDIA GeForce GTX 980M' (Feature Level 11_0)
[2020.02.28-13.15.21:632][  0]LogD3D11RHI:       8152/0/16358 MB DedicatedVideo/DedicatedSystem/SharedSystem, Outputs:1, VendorId:0x10de
[2020.02.28-13.15.21:634][  0]LogD3D11RHI:    1. 'Microsoft Basic Render Driver' (Feature Level 11_0)
[2020.02.28-13.15.21:634][  0]LogD3D11RHI:       0/0/16358 MB DedicatedVideo/DedicatedSystem/SharedSystem, Outputs:0, VendorId:0x1414
[2020.02.28-13.15.21:634][  0]LogD3D11RHI: Chosen D3D11 Adapter: 0
[2020.02.28-13.15.21:642][  0]LogD3D11RHI: Creating new Direct3DDevice
[2020.02.28-13.15.21:642][  0]LogD3D11RHI:     GPU DeviceId: 0x1617 (for the marketing name, search the web for "GPU Device Id")
[2020.02.28-13.15.21:642][  0]LogWindows: EnumDisplayDevices:
[2020.02.28-13.15.21:642][  0]LogWindows:    0. 'NVIDIA GeForce GTX 980M' (P:1 D:1)
[2020.02.28-13.15.21:642][  0]LogWindows:    1. 'NVIDIA GeForce GTX 980M' (P:0 D:0)
[2020.02.28-13.15.21:642][  0]LogWindows:    2. 'NVIDIA GeForce GTX 980M' (P:0 D:0)
[2020.02.28-13.15.21:643][  0]LogWindows:    3. 'NVIDIA GeForce GTX 980M' (P:0 D:0)
[2020.02.28-13.15.21:643][  0]LogWindows: DebugString: FoundDriverCount:4 
[2020.02.28-13.15.21:643][  0]LogD3D11RHI:     Adapter Name: NVIDIA GeForce GTX 980M
[2020.02.28-13.15.21:643][  0]LogD3D11RHI:   Driver Version: 382.05 (internal:22.21.13.8205, unified:382.05)
[2020.02.28-13.15.21:643][  0]LogD3D11RHI:      Driver Date: 5-1-2017
[2020.02.28-13.15.21:643][  0]LogRHI: Texture pool is 5706 MB (70% of 8152 MB)
[2020.02.28-13.15.21:669][  0]LogD3D11RHI: RHI does not have support for 64 bit atomics
[2020.02.28-13.15.21:670][  0]LogD3D11RHI: Async texture creation enabled
[2020.02.28-13.15.21:724][  0]LogD3D11RHI: GPU Timing Frequency: 1000.000000 (Debug: 2 1)
[2020.02.28-13.15.22:006][  0]LogTargetPlatformManager: Display: Loaded TargetPlatform 'AllDesktop'
[2020.02.28-13.15.22:039][  0]LogTargetPlatformManager: Display: Loaded TargetPlatform 'Android'
[2020.02.28-13.15.22:039][  0]LogTargetPlatformManager: Display: Loaded TargetPlatform 'Android_ASTC'
[2020.02.28-13.15.22:039][  0]LogTargetPlatformManager: Display: Loaded TargetPlatform 'Android_ATC'
[2020.02.28-13.15.22:039][  0]LogTargetPlatformManager: Display: Loaded TargetPlatform 'Android_DXT'
[2020.02.28-13.15.22:039][  0]LogTargetPlatformManager: Display: Loaded TargetPlatform 'Android_ETC1'
[2020.02.28-13.15.22:039][  0]LogTargetPlatformManager: Display: Loaded TargetPlatform 'Android_ETC1a'
[2020.02.28-13.15.22:039][  0]LogTargetPlatformManager: Display: Loaded TargetPlatform 'Android_ETC2'
[2020.02.28-13.15.22:039][  0]LogTargetPlatformManager: Display: Loaded TargetPlatform 'Android_PVRTC'
[2020.02.28-13.15.22:039][  0]LogTargetPlatformManager: Display: Loaded TargetPlatform 'AndroidClient'
[2020.02.28-13.15.22:039][  0]LogTargetPlatformManager: Display: Loaded TargetPlatform 'Android_ASTCClient'
[2020.02.28-13.15.22:039][  0]LogTargetPlatformManager: Display: Loaded TargetPlatform 'Android_ATCClient'
[2020.02.28-13.15.22:039][  0]LogTargetPlatformManager: Display: Loaded TargetPlatform 'Android_DXTClient'
[2020.02.28-13.15.22:039][  0]LogTargetPlatformManager: Display: Loaded TargetPlatform 'Android_ETC1Client'
[2020.02.28-13.15.22:039][  0]LogTargetPlatformManager: Display: Loaded TargetPlatform 'Android_ETC1aClient'
[2020.02.28-13.15.22:039][  0]LogTargetPlatformManager: Display: Loaded TargetPlatform 'Android_ETC2Client'
[2020.02.28-13.15.22:039][  0]LogTargetPlatformManager: Display: Loaded TargetPlatform 'Android_PVRTCClient'
[2020.02.28-13.15.22:039][  0]LogTargetPlatformManager: Display: Loaded TargetPlatform 'Android_Multi'
[2020.02.28-13.15.22:039][  0]LogTargetPlatformManager: Display: Loaded TargetPlatform 'Android_MultiClient'
[2020.02.28-13.15.22:055][  0]LogTargetPlatformManager: Display: Loaded TargetPlatform 'IOSClient'
[2020.02.28-13.15.22:055][  0]LogTargetPlatformManager: Display: Loaded TargetPlatform 'IOS'
[2020.02.28-13.15.22:062][  0]LogTargetPlatformManager: Display: Loaded TargetPlatform 'LinuxNoEditor'
[2020.02.28-13.15.22:068][  0]LogTargetPlatformManager: Display: Loaded TargetPlatform 'LinuxClient'
[2020.02.28-13.15.22:075][  0]LogTargetPlatformManager: Display: Loaded TargetPlatform 'LinuxServer'
[2020.02.28-13.15.22:081][  0]LogTargetPlatformManager: Display: Loaded TargetPlatform 'LinuxAArch64NoEditor'
[2020.02.28-13.15.22:087][  0]LogTargetPlatformManager: Display: Loaded TargetPlatform 'LinuxAArch64Client'
[2020.02.28-13.15.22:093][  0]LogTargetPlatformManager: Display: Loaded TargetPlatform 'LinuxAArch64Server'
[2020.02.28-13.15.22:114][  0]LogTargetPlatformManager: Display: Loaded TargetPlatform 'Lumin'
[2020.02.28-13.15.22:114][  0]LogTargetPlatformManager: Display: Loaded TargetPlatform 'LuminClient'
[2020.02.28-13.15.22:131][  0]LogTargetPlatformManager: Display: Loaded TargetPlatform 'TVOSClient'
[2020.02.28-13.15.22:131][  0]LogTargetPlatformManager: Display: Loaded TargetPlatform 'TVOS'
[2020.02.28-13.15.22:137][  0]LogTargetPlatformManager: Display: Loaded TargetPlatform 'WindowsNoEditor'
[2020.02.28-13.15.22:144][  0]LogTargetPlatformManager: Display: Loaded TargetPlatform 'Windows'
[2020.02.28-13.15.22:150][  0]LogTargetPlatformManager: Display: Loaded TargetPlatform 'WindowsClient'
[2020.02.28-13.15.22:157][  0]LogTargetPlatformManager: Display: Loaded TargetPlatform 'WindowsServer'
[2020.02.28-13.15.22:157][  0]LogTargetPlatformManager: Display: Building Assets For Windows
[2020.02.28-13.15.22:159][  0]LogAudioDebug: Display: Lib vorbis DLL was dynamically loaded.
[2020.02.28-13.15.22:174][  0]LogShaderCompilers: Guid format shader working directory is -4 characters bigger than the processId version (../../../../../ProjectStartUp/StartUp/RealeaseGame/Intermediate/Shaders/WorkingDirectory/3168/).
[2020.02.28-13.15.22:174][  0]LogShaderCompilers: Cleaned the shader compiler working directory 'C:/Users/Mihai/AppData/Local/Temp/UnrealShaderWorkingDir/0488E6FD46B46FD20A38DDB39946E905/'.
[2020.02.28-13.15.22:174][  0]LogXGEController: Cannot use XGE Controller as Incredibuild is not installed on this machine.
[2020.02.28-13.15.22:174][  0]LogShaderCompilers: Cannot use XGE Shader Compiler as Incredibuild is not installed on this machine.
[2020.02.28-13.15.22:174][  0]LogShaderCompilers: Display: Using Local Shader Compiler.
[2020.02.28-13.15.22:822][  0]LogDerivedDataCache: Display: Max Cache Size: 512 MB
[2020.02.28-13.15.22:877][  0]LogDerivedDataCache: Loaded boot cache 0.06s 83MB C:/Users/Mihai/AppData/Local/UnrealEngine/4.24/DerivedDataCache/Boot.ddc.
[2020.02.28-13.15.22:877][  0]LogDerivedDataCache: Display: Loaded Boot cache: C:/Users/Mihai/AppData/Local/UnrealEngine/4.24/DerivedDataCache/Boot.ddc
[2020.02.28-13.15.22:877][  0]LogDerivedDataCache: FDerivedDataBackendGraph:  Pak pak cache file ../../../../../ProjectStartUp/StartUp/RealeaseGame/DerivedDataCache/DDC.ddp not found, will not use a pak cache.
[2020.02.28-13.15.22:877][  0]LogDerivedDataCache: Unable to find inner node Pak for hierarchical cache Hierarchy.
[2020.02.28-13.15.22:877][  0]LogDerivedDataCache: FDerivedDataBackendGraph:  CompressedPak pak cache file ../../../../../ProjectStartUp/StartUp/RealeaseGame/DerivedDataCache/Compressed.ddp not found, will not use a pak cache.
[2020.02.28-13.15.22:877][  0]LogDerivedDataCache: Unable to find inner node CompressedPak for hierarchical cache Hierarchy.
[2020.02.28-13.15.22:887][  0]LogDerivedDataCache: Display: Pak cache opened for reading ../../../Engine/DerivedDataCache/Compressed.ddp.
[2020.02.28-13.15.22:887][  0]LogDerivedDataCache: FDerivedDataBackendGraph:  EnterprisePak pak cache file ../../../Enterprise/DerivedDataCache/Compressed.ddp not found, will not use a pak cache.
[2020.02.28-13.15.22:887][  0]LogDerivedDataCache: Unable to find inner node EnterprisePak for hierarchical cache Hierarchy.
[2020.02.28-13.15.22:888][  0]LogDerivedDataCache: Using Local data cache path C:/Users/Mihai/AppData/Local/UnrealEngine/Common/DerivedDataCache: Writable
[2020.02.28-13.15.22:888][  0]LogDerivedDataCache: Shared data cache path not found in *engine.ini, will not use an Shared cache.
[2020.02.28-13.15.22:888][  0]LogDerivedDataCache: Unable to find inner node Shared for hierarchical cache Hierarchy.
[2020.02.28-13.15.22:911][  0]LogMaterial: Verifying Global Shaders for PCD3D_SM5
[2020.02.28-13.15.22:914][  0]LogSlate: Using FreeType 2.10.0
[2020.02.28-13.15.22:914][  0]LogSlate: SlateFontServices - WITH_FREETYPE: 1, WITH_HARFBUZZ: 1
[2020.02.28-13.15.22:956][  0]LogAssetRegistry: FAssetRegistry took 0.0022 seconds to start up
[2020.02.28-13.15.23:207][  0]LogInit: Selected Device Profile: [Windows]
[2020.02.28-13.15.23:339][  0]LogMeshReduction: Using QuadricMeshReduction for automatic static mesh reduction
[2020.02.28-13.15.23:339][  0]LogMeshReduction: Using SimplygonMeshReduction for automatic skeletal mesh reduction
[2020.02.28-13.15.23:339][  0]LogMeshReduction: Using ProxyLODMeshReduction for automatic mesh merging
[2020.02.28-13.15.23:339][  0]LogMeshReduction: No distributed automatic mesh merging module available
[2020.02.28-13.15.23:339][  0]LogMeshMerging: No distributed automatic mesh merging module available
[2020.02.28-13.15.23:350][  0]LogNetVersion: RealeaseGame 1.0.0, NetCL: 10570792, EngineNetVer: 13, GameNetVer: 0 (Checksum: 1803780436)
[2020.02.28-13.15.24:212][  0]LogPackageLocalizationCache: Processed 10 localized package path(s) for 1 prioritized culture(s) in 0.035679 seconds
[2020.02.28-13.15.24:218][  0]LogUObjectArray: 46750 objects as part of root set at end of initial load.
[2020.02.28-13.15.24:219][  0]LogUObjectAllocator: 8137160 out of 0 bytes used by permanent object pool.
[2020.02.28-13.15.24:219][  0]LogUObjectArray: CloseDisregardForGC: 0/0 objects in disregard for GC pool
[2020.02.28-13.15.24:560][  0]LogTcpMessaging: Initializing TcpMessaging bridge
[2020.02.28-13.15.24:562][  0]LogUdpMessaging: Initializing bridge on interface 0.0.0.0:0 to multicast group 230.0.0.1:6666.
[2020.02.28-13.15.24:960][  0]SourceControl: Source control is disabled
[2020.02.28-13.15.24:960][  0]SourceControl: Source control is disabled
[2020.02.28-13.15.24:960][  0]SourceControl: Source control is disabled
[2020.02.28-13.15.24:961][  0]SourceControl: Source control is disabled
[2020.02.28-13.15.24:961][  0]SourceControl: Source control is disabled
[2020.02.28-13.15.25:020][  0]LogAndroidPermission: UAndroidPermissionCallbackProxy::GetInstance
[2020.02.28-13.15.25:028][  0]LogAudioCaptureCore: Display: No Audio Capture implementations found. Audio input will be silent.
[2020.02.28-13.15.25:028][  0]LogAudioCaptureCore: Display: No Audio Capture implementations found. Audio input will be silent.
[2020.02.28-13.15.25:098][  0]LogOcInput: OculusInput pre-init called
[2020.02.28-13.15.25:104][  0]LogWindows: Failed to load 'OVRPlugin.dll' (GetLastError=126)
[2020.02.28-13.15.25:104][  0]LogWindows: File 'OVRPlugin.dll' does not exist
[2020.02.28-13.15.25:161][  0]LogEngine: Initializing Engine...
[2020.02.28-13.15.25:162][  0]LogHMD: Failed to initialize OpenVR with code 110
[2020.02.28-13.15.25:162][  0]LogStats: UGameplayTagsManager::InitializeManager -  0.000 s
[2020.02.28-13.15.25:455][  0]LogInit: Initializing FReadOnlyCVARCache
[2020.02.28-13.15.25:460][  0]LogAIModule: Creating AISystem for world Untitled
[2020.02.28-13.15.25:478][  0]LogAudioMixer: Display: Audio Mixer Platform Settings:
[2020.02.28-13.15.25:478][  0]LogAudioMixer: Display: 	Sample Rate:						  48000
[2020.02.28-13.15.25:478][  0]LogAudioMixer: Display: 	Callback Buffer Frame Size Requested: 1024
[2020.02.28-13.15.25:478][  0]LogAudioMixer: Display: 	Callback Buffer Frame Size To Use:	  1024
[2020.02.28-13.15.25:478][  0]LogAudioMixer: Display: 	Number of buffers to queue:			  2
[2020.02.28-13.15.25:478][  0]LogAudioMixer: Display: 	Max Channels (voices):				  32
[2020.02.28-13.15.25:478][  0]LogAudioMixer: Display: 	Number of Async Source Workers:		  0
[2020.02.28-13.15.25:478][  0]LogAudio: Display: AudioDevice MaxSources: 32
[2020.02.28-13.15.25:479][  0]LogAudio: Display: Using built-in audio occlusion.
[2020.02.28-13.15.25:479][  0]LogAudioMixer: Display: Initializing audio mixer.
[2020.02.28-13.15.25:500][  0]LogAudioMixer: Display: Audio Device Output Speaker Info:
[2020.02.28-13.15.25:500][  0]LogAudioMixer: Display: Name: HeadPhone/Digital Output (Realtek High Definition Audio)
[2020.02.28-13.15.25:500][  0]LogAudioMixer: Display: Is Default: Yes
[2020.02.28-13.15.25:500][  0]LogAudioMixer: Display: Sample Rate: 96000
[2020.02.28-13.15.25:500][  0]LogAudioMixer: Display: Channel Count Used: 2
[2020.02.28-13.15.25:500][  0]LogAudioMixer: Display: Device Channel Count: 2
[2020.02.28-13.15.25:500][  0]LogAudioMixer: Display: Channel Order:
[2020.02.28-13.15.25:500][  0]LogAudioMixer: Display: 0: FrontLeft
[2020.02.28-13.15.25:500][  0]LogAudioMixer: Display: 1: FrontRight
[2020.02.28-13.15.25:615][  0]LogAudioMixer: Display: Using Audio Device HeadPhone/Digital Output (Realtek High Definition Audio)
[2020.02.28-13.15.25:622][  0]LogInit: FAudioDevice initialized.
[2020.02.28-13.15.25:622][  0]LogNetVersion: Set ProjectVersion to 1.0.0.0. Version Checksum will be recalculated on next use.
[2020.02.28-13.15.25:813][  0]LogDerivedDataCache: Saved boot cache 0.19s 83MB C:/Users/Mihai/AppData/Local/UnrealEngine/4.24/DerivedDataCache/Boot.ddc.
[2020.02.28-13.15.25:819][  0]LogInit: Texture streaming: Enabled
[2020.02.28-13.15.25:826][  0]LogEngineSessionManager: EngineSessionManager initialized
[2020.02.28-13.15.25:826][  0]LogEditorSessionSummary: Verbose: Initializing EditorSessionSummaryWriter for editor session tracking
[2020.02.28-13.15.25:827][  0]LogEditorSessionSummary: EditorSessionSummaryWriter initialized
[2020.02.28-13.15.25:872][  0]LogInit: Transaction tracking system initialized
[2020.02.28-13.15.25:879][  0]BlueprintLog: New page: Editor Load
[2020.02.28-13.15.25:899][  0]LocalizationService: Localization service is disabled
[2020.02.28-13.15.26:126][  0]LogAutoReimportManager: Warning: Unable to watch directory ../../../../../ProjectStartUp/StartUp/RealeaseGame/Content/ as it will conflict with another watching ../../../../../ProjectStartUp/StartUp/RealeaseGame/Content/.
[2020.02.28-13.15.26:133][  0]LogFileCache: Scanning file cache for directory 'F:/ProjectStartUp/StartUp/RealeaseGame/Content/' took 0.00s
[2020.02.28-13.15.26:133][  0]LogCook: Display: Max memory allowance for cook 16384mb min free memory 0mb
[2020.02.28-13.15.26:133][  0]LogCook: Display: Mobile HDR setting 1
[2020.02.28-13.15.26:709][  0]SourceControl: Source control is disabled
[2020.02.28-13.15.26:837][  0]LogSlate: Took 0.000181 seconds to synchronously load lazily loaded font '../../../Engine/Content/Slate/Fonts/Roboto-Regular.ttf' (155K)
[2020.02.28-13.15.31:737][  0]LogSlate: Window 'Restore Packages' being destroyed
[2020.02.28-13.15.31:737][  0]LogWindowsTextInputMethodSystem: Display: IME system now deactivated.
[2020.02.28-13.15.31:740][  0]LogWindowsTextInputMethodSystem: Display: IME system now deactivated.
[2020.02.28-13.15.33:672][  0]LogSlate: Window 'Unable to Check Out From Source Control!' being destroyed
[2020.02.28-13.15.33:672][  0]LogWindowsTextInputMethodSystem: Display: IME system now deactivated.
[2020.02.28-13.15.33:674][  0]LogWindowsTextInputMethodSystem: Display: IME system now deactivated.
[2020.02.28-13.15.33:690][  0]Cmd: MAP LOAD FILE="../../../../../ProjectStartUp/StartUp/RealeaseGame/Content/TopDownCPP/Maps/TopDownExampleMap.umap" TEMPLATE=0 SHOWPROGRESS=1 FEATURELEVEL=3
[2020.02.28-13.15.33:691][  0]LightingResults: New page: Lighting Build
[2020.02.28-13.15.33:691][  0]LogWorld: UWorld::CleanupWorld for Untitled, bSessionEnded=true, bCleanupResources=true
[2020.02.28-13.15.33:691][  0]LogSlate: InvalidateAllWidgets triggered.  All widgets were invalidated
[2020.02.28-13.15.33:691][  0]MapCheck: New page: Map Check
[2020.02.28-13.15.33:691][  0]LightingResults: New page: Lighting Build
[2020.02.28-13.15.33:722][  0]LogUObjectHash: Compacting FUObjectHashTables data took   2.07ms
[2020.02.28-13.15.33:939][  0]LogAIModule: Creating AISystem for world TopDownExampleMap
[2020.02.28-13.15.33:955][  0]LogEditorServer: Finished looking for orphan Actors (0.000 secs)
[2020.02.28-13.15.33:982][  0]LogUObjectHash: Compacting FUObjectHashTables data took   1.93ms
[2020.02.28-13.15.33:982][  0]Cmd: MAP CHECKDEP NOCLEARLOG
[2020.02.28-13.15.33:982][  0]MapCheck: Map check complete: 0 Error(s), 0 Warning(s), took 0.093ms to complete.
[2020.02.28-13.15.33:982][  0]LogFileHelpers: Loading map 'TopDownExampleMap' took 0.291
[2020.02.28-13.15.34:048][  0]LogCollectionManager: Loaded 0 collections in 0.000669 seconds
[2020.02.28-13.15.34:060][  0]LogFileCache: Scanning file cache for directory 'F:/ProjectStartUp/StartUp/RealeaseGame/Saved/Collections/' took 0.00s
[2020.02.28-13.15.34:060][  0]LogFileCache: Scanning file cache for directory 'F:/ProjectStartUp/StartUp/RealeaseGame/Content/Developers/Mihai/Collections/' took 0.00s
[2020.02.28-13.15.34:060][  0]LogFileCache: Scanning file cache for directory 'F:/ProjectStartUp/StartUp/RealeaseGame/Content/Collections/' took 0.00s
[2020.02.28-13.15.34:060][  0]LogContentBrowser: Native class hierarchy populated in 0.0078 seconds. Added 3018 classes and 719 folders.
[2020.02.28-13.15.34:062][  0]LogContentBrowser: Native class hierarchy updated for 'WidgetCarousel' in 0.0003 seconds. Added 0 classes and 0 folders.
[2020.02.28-13.15.34:100][  0]LogContentBrowser: Native class hierarchy updated for 'AddContentDialog' in 0.0003 seconds. Added 0 classes and 0 folders.
[2020.02.28-13.15.34:109][  0]LogSlate: Updating window title bar state: overlay mode, drag disabled, window buttons hidden, title bar hidden
[2020.02.28-13.15.34:116][  0]LogSlate: Updating window title bar state: overlay mode, drag disabled, window buttons hidden, title bar hidden
[2020.02.28-13.15.34:122][  0]LogSlate: Updating window title bar state: overlay mode, drag disabled, window buttons hidden, title bar hidden
[2020.02.28-13.15.34:129][  0]LogSlate: Updating window title bar state: overlay mode, drag disabled, window buttons hidden, title bar hidden
[2020.02.28-13.15.34:136][  0]LogContentBrowser: Native class hierarchy updated for 'SceneOutliner' in 0.0003 seconds. Added 2 classes and 3 folders.
[2020.02.28-13.15.34:170][  0]LogSlate: Took 0.000183 seconds to synchronously load lazily loaded font '../../../Engine/Content/Editor/Slate/Fonts/FontAwesome.ttf' (139K)
[2020.02.28-13.15.34:171][  0]LogSlate: Took 0.000109 seconds to synchronously load lazily loaded font '../../../Engine/Content/Slate/Fonts/Roboto-Bold.ttf' (160K)
[2020.02.28-13.15.34:175][  0]LogSlate: Took 0.000118 seconds to synchronously load lazily loaded font '../../../Engine/Content/Slate/Fonts/DroidSansMono.ttf' (77K)
[2020.02.28-13.15.34:227][  0]LogSlate: Took 0.000160 seconds to synchronously load lazily loaded font '../../../Engine/Content/Slate/Fonts/Roboto-Light.ttf' (167K)
[2020.02.28-13.15.34:255][  0]LogRenderer: Reallocating scene render targets to support 1176x656 Format 10 NumSamples 1 (Frame:1).
[2020.02.28-13.15.34:371][  0]LogContentBrowser: Native class hierarchy updated for 'HierarchicalLODOutliner' in 0.0003 seconds. Added 0 classes and 0 folders.
[2020.02.28-13.15.34:371][  0]LogLoad: (Engine Initialization) Total time: 14.94 seconds
[2020.02.28-13.15.34:371][  0]LogLoad: (Engine Initialization) Total Blueprint compile time: 0.00 seconds
[2020.02.28-13.15.34:440][  0]LogAssetRegistry: Asset discovery search completed in 11.4833 seconds
[2020.02.28-13.15.34:442][  0]LogCollectionManager: Fixed up redirectors for 0 collections in 0.000007 seconds (updated 0 objects)
[2020.02.28-13.15.34:443][  0]LogContentStreaming: Texture pool size now 1000 MB
[2020.02.28-13.16.13:043][523]LogAudioMixer: Warning: Changing default audio render device to new device: {0.0.0.00000000}.{5caa9aac-2112-4427-9d28-d18c9557d87b}.
[2020.02.28-13.16.13:043][523]LogTemp: Resetting audio stream to device id 
[2020.02.28-13.16.13:087][523]LogAudioMixer: Display: Audio Device Output Speaker Info:
[2020.02.28-13.16.13:087][523]LogAudioMixer: Display: Name: SONY PJ-C (NVIDIA High Definition Audio)
[2020.02.28-13.16.13:087][523]LogAudioMixer: Display: Is Default: Yes
[2020.02.28-13.16.13:087][523]LogAudioMixer: Display: Sample Rate: 48000
[2020.02.28-13.16.13:087][523]LogAudioMixer: Display: Channel Count Used: 2
[2020.02.28-13.16.13:087][523]LogAudioMixer: Display: Device Channel Count: 2
[2020.02.28-13.16.13:087][523]LogAudioMixer: Display: Channel Order:
[2020.02.28-13.16.13:087][523]LogAudioMixer: Display: 0: FrontLeft
[2020.02.28-13.16.13:088][523]LogAudioMixer: Display: 1: FrontRight
[2020.02.28-13.16.42:768][641]LogTemp: Repeating last play command: Selected Viewport
[2020.02.28-13.16.42:784][641]LogBlueprintUserMessages: Early PlayInEditor Detection: Level '/Game/TopDownCPP/Maps/TopDownExampleMap.TopDownExampleMap:PersistentLevel' has LevelScriptBlueprint '/Game/TopDownCPP/Maps/TopDownExampleMap.TopDownExampleMap:PersistentLevel.TopDownExampleMap' with GeneratedClass '/Game/TopDownCPP/Maps/TopDownExampleMap.TopDownExampleMap_C' with ClassGeneratedBy '/Game/TopDownCPP/Maps/TopDownExampleMap.TopDownExampleMap:PersistentLevel.TopDownExampleMap'
[2020.02.28-13.16.42:785][641]LogPlayLevel: PlayLevel: No blueprints needed recompiling
[2020.02.28-13.16.42:785][641]PIE: New page: PIE session: TopDownExampleMap (Feb 28, 2020, 3:16:42 PM)
[2020.02.28-13.16.42:786][641]LogOnline: OSS: Creating online subsystem instance for: NULL
[2020.02.28-13.16.42:787][641]LogOnline: OSS: TryLoadSubsystemAndSetDefault: Loaded subsystem for module [NULL]
[2020.02.28-13.16.42:787][641]LogPlayLevel: Creating play world package: /Game/TopDownCPP/Maps/UEDPIE_0_TopDownExampleMap
[2020.02.28-13.16.42:804][641]LogPlayLevel: PIE: StaticDuplicateObject took: (0.017010s)
[2020.02.28-13.16.42:806][641]LogAIModule: Creating AISystem for world TopDownExampleMap
[2020.02.28-13.16.42:806][641]LogPlayLevel: PIE: World Init took: (0.001765s)
[2020.02.28-13.16.42:806][641]LogPlayLevel: PIE: Created PIE world by copying editor world from /Game/TopDownCPP/Maps/TopDownExampleMap.TopDownExampleMap to /Game/TopDownCPP/Maps/UEDPIE_0_TopDownExampleMap.TopDownExampleMap (0.019095s)
[2020.02.28-13.16.42:836][641]LogUObjectHash: Compacting FUObjectHashTables data took   1.36ms
[2020.02.28-13.16.42:837][641]LogAudioMixer: Display: Audio Mixer Platform Settings:
[2020.02.28-13.16.42:837][641]LogAudioMixer: Display: 	Sample Rate:						  48000
[2020.02.28-13.16.42:837][641]LogAudioMixer: Display: 	Callback Buffer Frame Size Requested: 1024
[2020.02.28-13.16.42:837][641]LogAudioMixer: Display: 	Callback Buffer Frame Size To Use:	  1024
[2020.02.28-13.16.42:837][641]LogAudioMixer: Display: 	Number of buffers to queue:			  2
[2020.02.28-13.16.42:837][641]LogAudioMixer: Display: 	Max Channels (voices):				  32
[2020.02.28-13.16.42:837][641]LogAudioMixer: Display: 	Number of Async Source Workers:		  0
[2020.02.28-13.16.42:837][641]LogAudio: Display: AudioDevice MaxSources: 32
[2020.02.28-13.16.42:838][641]LogAudio: Display: Using built-in audio occlusion.
[2020.02.28-13.16.42:838][641]LogAudioMixer: Display: Initializing audio mixer.
[2020.02.28-13.16.42:857][641]LogAudioMixer: Display: Audio Device Output Speaker Info:
[2020.02.28-13.16.42:857][641]LogAudioMixer: Display: Name: SONY PJ-C (NVIDIA High Definition Audio)
[2020.02.28-13.16.42:857][641]LogAudioMixer: Display: Is Default: Yes
[2020.02.28-13.16.42:857][641]LogAudioMixer: Display: Sample Rate: 48000
[2020.02.28-13.16.42:857][641]LogAudioMixer: Display: Channel Count Used: 2
[2020.02.28-13.16.42:857][641]LogAudioMixer: Display: Device Channel Count: 2
[2020.02.28-13.16.42:857][641]LogAudioMixer: Display: Channel Order:
[2020.02.28-13.16.42:857][641]LogAudioMixer: Display: 0: FrontLeft
[2020.02.28-13.16.42:857][641]LogAudioMixer: Display: 1: FrontRight
[2020.02.28-13.16.42:867][641]LogAudioMixer: Display: Using Audio Device SONY PJ-C (NVIDIA High Definition Audio)
[2020.02.28-13.16.42:868][641]LogInit: FAudioDevice initialized.
[2020.02.28-13.16.42:877][641]LogLoad: Game class is 'RealeaseGameGameMode'
[2020.02.28-13.16.42:879][641]LogWorld: Bringing World /Game/TopDownCPP/Maps/UEDPIE_0_TopDownExampleMap.TopDownExampleMap up for play (max tick rate 0) at 2020.02.28-14.16.42
[2020.02.28-13.16.42:880][641]LogWorld: Bringing up level for play took: 0.001469
[2020.02.28-13.16.42:880][641]LogOnline: OSS: Creating online subsystem instance for: :Context_11
[2020.02.28-13.16.42:882][641]LogContentBrowser: Native class hierarchy updated for 'MovieSceneCapture' in 0.0003 seconds. Added 20 classes and 0 folders.
[2020.02.28-13.16.42:885][641]LogLevel: Warning: EnableInput on a LevelScript actor can not be specified for only one PlayerController.  Enabling for all PlayerControllers.
[2020.02.28-13.16.42:885][641]PIE: Play in editor start time for /Game/TopDownCPP/Maps/UEDPIE_0_TopDownExampleMap -0.762
[2020.02.28-13.16.42:886][641]LogBlueprintUserMessages: Late PlayInEditor Detection: Level '/Game/TopDownCPP/Maps/TopDownExampleMap.TopDownExampleMap:PersistentLevel' has LevelScriptBlueprint '/Game/TopDownCPP/Maps/TopDownExampleMap.TopDownExampleMap:PersistentLevel.TopDownExampleMap' with GeneratedClass '/Game/TopDownCPP/Maps/TopDownExampleMap.TopDownExampleMap_C' with ClassGeneratedBy '/Game/TopDownCPP/Maps/TopDownExampleMap.TopDownExampleMap:PersistentLevel.TopDownExampleMap'
[2020.02.28-13.16.53:797][713]PIE: Warning: Applying invalid scale V(X=1.00, Y=1.00, Z=.00) to body WallStraight6
[2020.02.28-13.16.53:797][713]PIE: Warning: Applying invalid scale V(X=1.00, Y=1.00, Z=.00) to body WallStraight6
[2020.02.28-13.17.17:517][ 72]LogBlueprintUserMessages: [BuildMenu_C_0] set to 1
[2020.02.28-13.17.17:560][ 77]LogScript: Warning: Attempted to access Golem via property Golem, but Golem is pending kill
	Golem_C /Game/TopDownCPP/Maps/UEDPIE_0_TopDownExampleMap.TopDownExampleMap:PersistentLevel.Golem_C_2
	Function /Game/TopDownCPP/Blueprints/Golem.Golem_C:Move Golem:01B0
[2020.02.28-13.17.17:560][ 77]PIE: Error: Blueprint Runtime Error: "Attempted to access Golem via property Golem, but Golem is pending kill". Blueprint:  Golem Function:  Move Golem Graph:  Move Golem Node:  Set direction
[2020.02.28-13.17.43:150][785]LogAudioMixer: Display: No commands were queued while flushing the source manager.
[2020.02.28-13.17.43:150][785]LogAudioMixer: Display: No commands were queued while flushing the source manager.
[2020.02.28-13.17.43:150][785]LogBlueprintUserMessages: Early EndPlayMap Detection: Level '/Game/TopDownCPP/Maps/TopDownExampleMap.TopDownExampleMap:PersistentLevel' has LevelScriptBlueprint '/Game/TopDownCPP/Maps/TopDownExampleMap.TopDownExampleMap:PersistentLevel.TopDownExampleMap' with GeneratedClass '/Game/TopDownCPP/Maps/TopDownExampleMap.TopDownExampleMap_C' with ClassGeneratedBy '/Game/TopDownCPP/Maps/TopDownExampleMap.TopDownExampleMap:PersistentLevel.TopDownExampleMap'
[2020.02.28-13.17.43:150][785]LogSlate: Updating window title bar state: overlay mode, drag disabled, window buttons hidden, title bar hidden
[2020.02.28-13.17.43:150][785]LogWorld: BeginTearingDown for /Game/TopDownCPP/Maps/UEDPIE_0_TopDownExampleMap
[2020.02.28-13.17.43:151][785]LogAudioMixer: Display: No commands were queued while flushing the source manager.
[2020.02.28-13.17.43:151][785]LogWorld: UWorld::CleanupWorld for TopDownExampleMap, bSessionEnded=true, bCleanupResources=true
[2020.02.28-13.17.43:151][785]LogSlate: InvalidateAllWidgets triggered.  All widgets were invalidated
[2020.02.28-13.17.43:161][785]LogPlayLevel: Display: Shutting down PIE online subsystems
[2020.02.28-13.17.43:161][785]LogBlueprintUserMessages: Late EndPlayMap Detection: Level '/Game/TopDownCPP/Maps/TopDownExampleMap.TopDownExampleMap:PersistentLevel' has LevelScriptBlueprint '/Game/TopDownCPP/Maps/TopDownExampleMap.TopDownExampleMap:PersistentLevel.TopDownExampleMap' with GeneratedClass '/Game/TopDownCPP/Maps/TopDownExampleMap.TopDownExampleMap_C' with ClassGeneratedBy '/Game/TopDownCPP/Maps/TopDownExampleMap.TopDownExampleMap:PersistentLevel.TopDownExampleMap'
[2020.02.28-13.17.43:165][785]LogSlate: InvalidateAllWidgets triggered.  All widgets were invalidated
[2020.02.28-13.17.43:189][785]LogAudioMixer: Display: No commands were queued while flushing the source manager.
[2020.02.28-13.17.43:192][785]LogSlate: Updating window title bar state: overlay mode, drag disabled, window buttons hidden, title bar hidden
[2020.02.28-13.17.43:197][785]LogUObjectHash: Compacting FUObjectHashTables data took   1.51ms
[2020.02.28-13.17.43:281][786]LogPlayLevel: Display: Destroying online subsystem :Context_11
[2020.02.28-13.17.48:270][885]LogRenderer: Reallocating scene render targets to support 1176x688 Format 10 NumSamples 1 (Frame:6747).
[2020.02.28-13.26.19:296][408]LogAudioMixer: Warning: Changing default audio render device to new device: {0.0.0.00000000}.{f1101516-4aab-4031-a46d-6afbac9e4d38}.
[2020.02.28-13.26.19:471][408]LogTemp: Resetting audio stream to device id 
[2020.02.28-13.26.19:492][408]LogAudioMixer: Display: Audio Device Output Speaker Info:
[2020.02.28-13.26.19:492][408]LogAudioMixer: Display: Name: HeadPhone/Digital Output (Realtek High Definition Audio)
[2020.02.28-13.26.19:492][408]LogAudioMixer: Display: Is Default: Yes
[2020.02.28-13.26.19:493][408]LogAudioMixer: Display: Sample Rate: 96000
[2020.02.28-13.26.19:493][408]LogAudioMixer: Display: Channel Count Used: 2
[2020.02.28-13.26.19:493][408]LogAudioMixer: Display: Device Channel Count: 2
[2020.02.28-13.26.19:493][408]LogAudioMixer: Display: Channel Order:
[2020.02.28-13.26.19:493][408]LogAudioMixer: Display: 0: FrontLeft
[2020.02.28-13.26.19:493][408]LogAudioMixer: Display: 1: FrontRight
[2020.02.28-13.26.21:707][414]LogTemp: Resetting audio stream to device id 
[2020.02.28-13.26.21:753][414]LogAudioMixer: Display: Audio Device Output Speaker Info:
[2020.02.28-13.26.21:753][414]LogAudioMixer: Display: Name: HeadPhone/Digital Output (Realtek High Definition Audio)
[2020.02.28-13.26.21:753][414]LogAudioMixer: Display: Is Default: Yes
[2020.02.28-13.26.21:753][414]LogAudioMixer: Display: Sample Rate: 96000
[2020.02.28-13.26.21:753][414]LogAudioMixer: Display: Channel Count Used: 2
[2020.02.28-13.26.21:753][414]LogAudioMixer: Display: Device Channel Count: 2
[2020.02.28-13.26.21:753][414]LogAudioMixer: Display: Channel Order:
[2020.02.28-13.26.21:753][414]LogAudioMixer: Display: 0: FrontLeft
[2020.02.28-13.26.21:753][414]LogAudioMixer: Display: 1: FrontRight
[2020.02.28-13.26.48:991][415]LogTemp: Resetting audio stream to device id 
[2020.02.28-13.26.49:129][415]LogAudioMixer: Display: Audio Device Output Speaker Info:
[2020.02.28-13.26.49:129][415]LogAudioMixer: Display: Name: Speakers (Realtek High Definition Audio)
[2020.02.28-13.26.49:129][415]LogAudioMixer: Display: Is Default: Yes
[2020.02.28-13.26.49:129][415]LogAudioMixer: Display: Sample Rate: 48000
[2020.02.28-13.26.49:129][415]LogAudioMixer: Display: Channel Count Used: 2
[2020.02.28-13.26.49:129][415]LogAudioMixer: Display: Device Channel Count: 2
[2020.02.28-13.26.49:131][415]LogAudioMixer: Display: Channel Order:
[2020.02.28-13.26.49:131][415]LogAudioMixer: Display: 0: FrontLeft
[2020.02.28-13.26.49:131][415]LogAudioMixer: Display: 1: FrontRight
[2020.02.28-13.26.49:976][417]LogSlate: Took 0.000169 seconds to synchronously load lazily loaded font '../../../Engine/Content/Slate/Fonts/Roboto-Light.ttf' (167K)
