Log file open, 02/26/20 15:28:43
LogWindows: Failed to load 'aqProf.dll' (GetLastError=126)
LogWindows: File 'aqProf.dll' does not exist
LogWindows: Failed to load 'VtuneApi.dll' (GetLastError=126)
LogWindows: File 'VtuneApi.dll' does not exist
LogWindows: Failed to load 'VtuneApi32e.dll' (GetLastError=126)
LogWindows: File 'VtuneApi32e.dll' does not exist
LogConsoleResponse: Display: Failed to find resolution value strings in scalability ini. Falling back to default.
LogInit: Display: Running engine for game: RealeaseGame
LogPlatformFile: Not using cached read wrapper
LogTaskGraph: Started task graph with 5 named threads and 35 total threads with 3 sets of task threads.
LogStats: Stats thread started at 5.245681
LogD3D11RHI: Loaded GFSDK_Aftermath_Lib.x64.dll
LogICUInternationalization: ICU TimeZone Detection - Raw Offset: +1:00, Platform Override: ''
LogPluginManager: Mounting plugin Paper2D
LogPluginManager: Mounting plugin AISupport
LogPluginManager: Mounting plugin LightPropagationVolume
LogPluginManager: Mounting plugin ActorLayerUtilities
LogPluginManager: Mounting plugin AnimationSharing
LogPluginManager: Mounting plugin CLionSourceCodeAccess
LogPluginManager: Mounting plugin CodeLiteSourceCodeAccess
LogPluginManager: Mounting plugin GitSourceControl
LogPluginManager: Mounting plugin KDevelopSourceCodeAccess
LogPluginManager: Mounting plugin NullSourceCodeAccess
LogPluginManager: Mounting plugin PerforceSourceControl
LogPluginManager: Mounting plugin PlasticSourceControl
LogPluginManager: Mounting plugin SubversionSourceControl
LogPluginManager: Mounting plugin UObjectPlugin
LogPluginManager: Mounting plugin VisualStudioCodeSourceCodeAccess
LogPluginManager: Mounting plugin VisualStudioSourceCodeAccess
LogPluginManager: Mounting plugin XCodeSourceCodeAccess
LogPluginManager: Mounting plugin AssetManagerEditor
LogPluginManager: Mounting plugin CryptoKeys
LogPluginManager: Mounting plugin CurveEditorTools
LogPluginManager: Mounting plugin DataValidation
LogPluginManager: Mounting plugin FacialAnimation
LogPluginManager: Mounting plugin GameplayTagsEditor
LogPluginManager: Mounting plugin MacGraphicsSwitching
LogPluginManager: Mounting plugin MaterialAnalyzer
LogPluginManager: Mounting plugin MobileLauncherProfileWizard
LogPluginManager: Mounting plugin PluginBrowser
LogPluginManager: Mounting plugin SpeedTreeImporter
LogPluginManager: Mounting plugin DatasmithContent
LogPluginManager: Mounting plugin VariantManagerContent
LogPluginManager: Mounting plugin AlembicImporter
LogPluginManager: Mounting plugin AutomationUtils
LogPluginManager: Mounting plugin BackChannel
LogPluginManager: Mounting plugin CharacterAI
LogPluginManager: Mounting plugin GeometryCache
LogPluginManager: Mounting plugin PlatformCrypto
LogPluginManager: Mounting plugin ProxyLODPlugin
LogPluginManager: Mounting plugin SkeletalReduction
LogPluginManager: Mounting plugin MagicLeap
LogPluginManager: Mounting plugin MagicLeapMedia
LogPluginManager: Mounting plugin MLSDK
LogPluginManager: Mounting plugin AndroidMedia
LogPluginManager: Mounting plugin AvfMedia
LogPluginManager: Mounting plugin ImgMedia
LogPluginManager: Mounting plugin MediaCompositing
LogPluginManager: Mounting plugin MediaPlayerEditor
LogPluginManager: Mounting plugin WebMMedia
LogPluginManager: Mounting plugin WmfMedia
LogPluginManager: Mounting plugin TcpMessaging
LogPluginManager: Mounting plugin UdpMessaging
LogPluginManager: Mounting plugin ActorSequence
LogPluginManager: Mounting plugin LevelSequenceEditor
LogPluginManager: Mounting plugin MatineeToLevelSequence
LogPluginManager: Mounting plugin NetcodeUnitTest
LogPluginManager: Mounting plugin NUTUnrealEngine4
LogPluginManager: Mounting plugin OnlineSubsystemGooglePlay
LogPluginManager: Mounting plugin OnlineSubsystemIOS
LogPluginManager: Mounting plugin OnlineSubsystem
LogPluginManager: Mounting plugin OnlineSubsystemNull
LogPluginManager: Mounting plugin OnlineSubsystemUtils
LogPluginManager: Mounting plugin LauncherChunkInstaller
LogPluginManager: Mounting plugin AndroidDeviceProfileSelector
LogPluginManager: Mounting plugin AndroidMoviePlayer
LogPluginManager: Mounting plugin AndroidPermission
LogPluginManager: Mounting plugin AppleImageUtils
LogPluginManager: Mounting plugin AppleMoviePlayer
LogPluginManager: Mounting plugin ArchVisCharacter
LogPluginManager: Mounting plugin AssetTags
LogPluginManager: Mounting plugin AudioCapture
LogPluginManager: Mounting plugin CableComponent
LogPluginManager: Mounting plugin CustomMeshComponent
LogPluginManager: Mounting plugin EditableMesh
LogPluginManager: Mounting plugin ExampleDeviceProfileSelector
LogPluginManager: Mounting plugin GoogleCloudMessaging
LogPluginManager: Mounting plugin IOSDeviceProfileSelector
LogPluginManager: Mounting plugin LinuxDeviceProfileSelector
LogPluginManager: Mounting plugin LocationServicesBPLibrary
LogPluginManager: Mounting plugin MobilePatchingUtils
LogPluginManager: Mounting plugin OculusVR
LogPluginManager: Mounting plugin PhysXVehicles
LogPluginManager: Mounting plugin PostSplashScreen
LogPluginManager: Mounting plugin ProceduralMeshComponent
LogPluginManager: Mounting plugin RuntimePhysXCooking
LogPluginManager: Mounting plugin SignificanceManager
LogPluginManager: Mounting plugin SteamVR
LogPluginManager: Mounting plugin WebMMoviePlayer
LogPluginManager: Mounting plugin WindowsMoviePlayer
LogPluginManager: Mounting plugin ScreenshotTools
LogInit: Using libcurl 7.55.1-DEV
LogInit:  - built for x86_64-pc-win32
LogInit:  - supports SSL with OpenSSL/1.1.1
LogInit:  - supports HTTP deflate (compression) using libz 1.2.8
LogInit:  - other features:
LogInit:      CURL_VERSION_SSL
LogInit:      CURL_VERSION_LIBZ
LogInit:      CURL_VERSION_IPV6
LogInit:      CURL_VERSION_ASYNCHDNS
LogInit:      CURL_VERSION_LARGEFILE
LogInit:      CURL_VERSION_IDN
LogInit:  CurlRequestOptions (configurable via config and command line):
LogInit:  - bVerifyPeer = true  - Libcurl will verify peer certificate
LogInit:  - bUseHttpProxy = false  - Libcurl will NOT use HTTP proxy
LogInit:  - bDontReuseConnections = false  - Libcurl will reuse connections
LogInit:  - MaxHostConnections = 16  - Libcurl will limit the number of connections to a host
LogInit:  - LocalHostAddr = Default
LogInit:  - BufferSize = 65536
LogOnline: OSS: Creating online subsystem instance for: NULL
LogInit: WinSock: version 1.1 (2.2), MaxSocks=32767, MaxUdp=65467
LogOnline: OSS: TryLoadSubsystemAndSetDefault: Loaded subsystem for module [NULL]
LogInit: Build: ++UE4+Release-4.24-CL-11590370
LogInit: Engine Version: 4.24.3-11590370+++UE4+Release-4.24
LogInit: Compatible Engine Version: 4.24.0-10570792+++UE4+Release-4.24
LogInit: Net CL: 10570792
LogInit: OS: Windows 10 (Release 1903) (), CPU: Intel(R) Core(TM) i7-8750H CPU @ 2.20GHz, GPU: Intel(R) UHD Graphics 630
LogInit: Compiled (64-bit): Feb 24 2020 15:39:18
LogInit: Compiled with Visual C++: 19.16.27032.01
LogInit: Build Configuration: Development
LogInit: Branch Name: ++UE4+Release-4.24
LogInit: Command Line:  /Game/TopDownCPP/Maps/TopDownExampleMap -game -PIEVIACONSOLE -ResX=1280 -ResY=720 -Multiprocess -messaging -SessionName="Play in Standalone Game" -featureleveles31 -faketouches -MultiprocessSaveConfig -windowed
LogInit: Base Directory: E:/batman/UE_4.24/Engine/Binaries/Win64/
LogInit: Installed Engine Build: 1
LogDevObjectVersion: Number of dev versions registered: 25
LogDevObjectVersion:   Dev-Blueprints (B0D832E4-1F89-4F0D-ACCF-7EB736FD4AA2): 10
LogDevObjectVersion:   Dev-Build (E1C64328-A22C-4D53-A36C-8E866417BD8C): 0
LogDevObjectVersion:   Dev-Core (375EC13C-06E4-48FB-B500-84F0262A717E): 3
LogDevObjectVersion:   Dev-Editor (E4B068ED-F494-42E9-A231-DA0B2E46BB41): 37
LogDevObjectVersion:   Dev-Framework (CFFC743F-43B0-4480-9391-14DF171D2073): 36
LogDevObjectVersion:   Dev-Mobile (B02B49B5-BB20-44E9-A304-32B752E40360): 2
LogDevObjectVersion:   Dev-Networking (A4E4105C-59A1-49B5-A7C5-40C4547EDFEE): 0
LogDevObjectVersion:   Dev-Online (39C831C9-5AE6-47DC-9A44-9C173E1C8E7C): 0
LogDevObjectVersion:   Dev-Physics (78F01B33-EBEA-4F98-B9B4-84EACCB95AA2): 2
LogDevObjectVersion:   Dev-Platform (6631380F-2D4D-43E0-8009-CF276956A95A): 0
LogDevObjectVersion:   Dev-Rendering (12F88B9F-8875-4AFC-A67C-D90C383ABD29): 36
LogDevObjectVersion:   Dev-Sequencer (7B5AE74C-D270-4C10-A958-57980B212A5A): 11
LogDevObjectVersion:   Dev-VR (D7296918-1DD6-4BDD-9DE2-64A83CC13884): 2
LogDevObjectVersion:   Dev-LoadTimes (C2A15278-BFE7-4AFE-6C17-90FF531DF755): 1
LogDevObjectVersion:   Private-Geometry (6EACA3D4-40EC-4CC1-B786-8BED09428FC5): 3
LogDevObjectVersion:   Dev-AnimPhys (29E575DD-E0A3-4627-9D10-D276232CDCEA): 17
LogDevObjectVersion:   Dev-Anim (AF43A65D-7FD3-4947-9873-3E8ED9C1BB05): 2
LogDevObjectVersion:   Dev-ReflectionCapture (6B266CEC-1EC7-4B8F-A30B-E4D90942FC07): 1
LogDevObjectVersion:   Dev-Automation (0DF73D61-A23F-47EA-B727-89E90C41499A): 1
LogDevObjectVersion:   FortniteMain (601D1886-AC64-4F84-AA16-D3DE0DEAC7D6): 31
LogDevObjectVersion:   Dev-Enterprise (9DFFBCD6-494F-0158-E221-12823C92A888): 8
LogDevObjectVersion:   Dev-Niagara (F2AED0AC-9AFE-416F-8664-AA7FFA26D6FC): 1
LogDevObjectVersion:   Dev-Destruction (174F1F0B-B4C6-45A5-B13F-2EE8D0FB917D): 9
LogDevObjectVersion:   Dev-Physics-Ext (35F94A83-E258-406C-A318-09F59610247C): 8
LogDevObjectVersion:   Dev-CineCamera (B2E18506-4273-CFC2-A54E-F4BB758BBA07): 1
LogInit: Presizing for max 25165824 objects, including 0 objects not considered by GC, pre-allocating 0 bytes for permanent pool.
LogInit: Object subsystem initialized
LogConfig: Setting CVar [[con.DebugEarlyDefault:1]]
LogConfig: Setting CVar [[r.setres:1280x720]]
[2020.02.26-14.28.45:041][  0]LogConfig: Setting CVar [[con.DebugEarlyDefault:1]]
[2020.02.26-14.28.45:041][  0]LogConfig: Setting CVar [[r.setres:1280x720]]
[2020.02.26-14.28.45:044][  0]LogConfig: Applying CVar settings from Section [/Script/Engine.RendererSettings] File [E:/BaseDefenseGit/StartUp/RealeaseGame/Saved/Config/Windows/Engine.ini]
[2020.02.26-14.28.45:044][  0]LogConfig: Setting CVar [[r.GPUCrashDebugging:0]]
[2020.02.26-14.28.45:044][  0]LogConfig: Setting CVar [[r.MobileHDR:1]]
[2020.02.26-14.28.45:044][  0]LogConfig: Setting CVar [[r.Mobile.DisableVertexFog:1]]
[2020.02.26-14.28.45:044][  0]LogConfig: Setting CVar [[r.Shadow.CSM.MaxMobileCascades:2]]
[2020.02.26-14.28.45:044][  0]LogConfig: Setting CVar [[r.MobileMSAA:1]]
[2020.02.26-14.28.45:044][  0]LogConfig: Setting CVar [[r.Mobile.UseLegacyShadingModel:0]]
[2020.02.26-14.28.45:044][  0]LogConfig: Setting CVar [[r.Mobile.UseHWsRGBEncoding:0]]
[2020.02.26-14.28.45:044][  0]LogConfig: Setting CVar [[r.Mobile.AllowDitheredLODTransition:0]]
[2020.02.26-14.28.45:044][  0]LogConfig: Setting CVar [[r.Mobile.AllowSoftwareOcclusion:0]]
[2020.02.26-14.28.45:044][  0]LogConfig: Setting CVar [[r.DiscardUnusedQuality:0]]
[2020.02.26-14.28.45:044][  0]LogConfig: Setting CVar [[r.AllowOcclusionQueries:1]]
[2020.02.26-14.28.45:044][  0]LogConfig: Setting CVar [[r.MinScreenRadiusForLights:0.030000]]
[2020.02.26-14.28.45:045][  0]LogConfig: Setting CVar [[r.MinScreenRadiusForDepthPrepass:0.030000]]
[2020.02.26-14.28.45:045][  0]LogConfig: Setting CVar [[r.MinScreenRadiusForCSMDepth:0.010000]]
[2020.02.26-14.28.45:045][  0]LogConfig: Setting CVar [[r.PrecomputedVisibilityWarning:0]]
[2020.02.26-14.28.45:045][  0]LogConfig: Setting CVar [[r.TextureStreaming:1]]
[2020.02.26-14.28.45:045][  0]LogConfig: Setting CVar [[Compat.UseDXT5NormalMaps:0]]
[2020.02.26-14.28.45:045][  0]LogConfig: Setting CVar [[r.VirtualTextures:0]]
[2020.02.26-14.28.45:045][  0]LogConfig: Setting CVar [[r.VirtualTexturedLightmaps:0]]
[2020.02.26-14.28.45:045][  0]LogConfig: Setting CVar [[r.VT.TileSize:128]]
[2020.02.26-14.28.45:045][  0]LogConfig: Setting CVar [[r.VT.TileBorderSize:4]]
[2020.02.26-14.28.45:045][  0]LogConfig: Setting CVar [[r.vt.FeedbackFactor:16]]
[2020.02.26-14.28.45:045][  0]LogConfig: Setting CVar [[r.VT.EnableCompressZlib:1]]
[2020.02.26-14.28.45:045][  0]LogConfig: Setting CVar [[r.VT.EnableCompressCrunch:0]]
[2020.02.26-14.28.45:045][  0]LogConfig: Setting CVar [[r.ClearCoatNormal:0]]
[2020.02.26-14.28.45:045][  0]LogConfig: Setting CVar [[r.ReflectionCaptureResolution:128]]
[2020.02.26-14.28.45:045][  0]LogConfig: Setting CVar [[r.ReflectionEnvironmentLightmapMixBasedOnRoughness:1]]
[2020.02.26-14.28.45:045][  0]LogConfig: Setting CVar [[r.ForwardShading:0]]
[2020.02.26-14.28.45:045][  0]LogConfig: Setting CVar [[r.VertexFoggingForOpaque:1]]
[2020.02.26-14.28.45:045][  0]LogConfig: Setting CVar [[r.AllowStaticLighting:1]]
[2020.02.26-14.28.45:045][  0]LogConfig: Setting CVar [[r.NormalMapsForStaticLighting:0]]
[2020.02.26-14.28.45:045][  0]LogConfig: Setting CVar [[r.GenerateMeshDistanceFields:0]]
[2020.02.26-14.28.45:045][  0]LogConfig: Setting CVar [[r.DistanceFieldBuild.EightBit:0]]
[2020.02.26-14.28.45:045][  0]LogConfig: Setting CVar [[r.GenerateLandscapeGIData:0]]
[2020.02.26-14.28.45:045][  0]LogConfig: Setting CVar [[r.DistanceFieldBuild.Compress:0]]
[2020.02.26-14.28.45:045][  0]LogConfig: Setting CVar [[r.TessellationAdaptivePixelsPerTriangle:48.000000]]
[2020.02.26-14.28.45:045][  0]LogConfig: Setting CVar [[r.SeparateTranslucency:0]]
[2020.02.26-14.28.45:045][  0]LogConfig: Setting CVar [[r.TranslucentSortPolicy:0]]
[2020.02.26-14.28.45:045][  0]LogConfig: Setting CVar [[r.CustomDepth:1]]
[2020.02.26-14.28.45:045][  0]LogConfig: Setting CVar [[r.CustomDepthTemporalAAJitter:1]]
[2020.02.26-14.28.45:045][  0]LogConfig: Setting CVar [[r.PostProcessing.PropagateAlpha:0]]
[2020.02.26-14.28.45:045][  0]LogConfig: Setting CVar [[r.DefaultFeature.Bloom:1]]
[2020.02.26-14.28.45:045][  0]LogConfig: Setting CVar [[r.DefaultFeature.AmbientOcclusion:0]]
[2020.02.26-14.28.45:045][  0]LogConfig: Setting CVar [[r.DefaultFeature.AmbientOcclusionStaticFraction:1]]
[2020.02.26-14.28.45:045][  0]LogConfig: Setting CVar [[r.DefaultFeature.AutoExposure:0]]
[2020.02.26-14.28.45:045][  0]LogConfig: Setting CVar [[r.DefaultFeature.AutoExposure.Method:0]]
[2020.02.26-14.28.45:045][  0]LogConfig: Setting CVar [[r.DefaultFeature.AutoExposure.ExtendDefaultLuminanceRange:0]]
[2020.02.26-14.28.45:045][  0]LogConfig: Setting CVar [[r.UsePreExposure:1]]
[2020.02.26-14.28.45:045][  0]LogConfig: Setting CVar [[r.EyeAdaptation.EditorOnly:1]]
[2020.02.26-14.28.45:045][  0]LogConfig: Setting CVar [[r.DefaultFeature.MotionBlur:0]]
[2020.02.26-14.28.45:045][  0]LogConfig: Setting CVar [[r.DefaultFeature.LensFlare:0]]
[2020.02.26-14.28.45:045][  0]LogConfig: Setting CVar [[r.TemporalAA.Upsampling:0]]
[2020.02.26-14.28.45:045][  0]LogConfig: Setting CVar [[r.SSGI.Enable:0]]
[2020.02.26-14.28.45:045][  0]LogConfig: Setting CVar [[r.DefaultFeature.AntiAliasing:0]]
[2020.02.26-14.28.45:045][  0]LogConfig: Setting CVar [[r.DefaultFeature.LightUnits:1]]
[2020.02.26-14.28.45:045][  0]LogConfig: Setting CVar [[r.DefaultBackBufferPixelFormat:4]]
[2020.02.26-14.28.45:045][  0]LogConfig: Setting CVar [[r.Shadow.UnbuiltPreviewInGame:1]]
[2020.02.26-14.28.45:045][  0]LogConfig: Setting CVar [[r.StencilForLODDither:0]]
[2020.02.26-14.28.45:045][  0]LogConfig: Setting CVar [[r.EarlyZPass:3]]
[2020.02.26-14.28.45:045][  0]LogConfig: Setting CVar [[r.EarlyZPassOnlyMaterialMasking:0]]
[2020.02.26-14.28.45:045][  0]LogConfig: Setting CVar [[r.DBuffer:1]]
[2020.02.26-14.28.45:045][  0]LogConfig: Setting CVar [[r.ClearSceneMethod:1]]
[2020.02.26-14.28.45:045][  0]LogConfig: Setting CVar [[r.BasePassOutputsVelocity:0]]
[2020.02.26-14.28.45:045][  0]LogConfig: Setting CVar [[r.SelectiveBasePassOutputs:0]]
[2020.02.26-14.28.45:045][  0]LogConfig: Setting CVar [[fx.GPUSimulationTextureSizeX:1024]]
[2020.02.26-14.28.45:045][  0]LogConfig: Setting CVar [[fx.GPUSimulationTextureSizeY:1024]]
[2020.02.26-14.28.45:045][  0]LogConfig: Setting CVar [[r.AllowGlobalClipPlane:0]]
[2020.02.26-14.28.45:045][  0]LogConfig: Setting CVar [[r.GBufferFormat:1]]
[2020.02.26-14.28.45:045][  0]LogConfig: Setting CVar [[r.MorphTarget.Mode:1]]
[2020.02.26-14.28.45:045][  0]LogConfig: Setting CVar [[vr.InstancedStereo:0]]
[2020.02.26-14.28.45:045][  0]LogConfig: Setting CVar [[vr.MultiView:0]]
[2020.02.26-14.28.45:045][  0]LogConfig: Setting CVar [[vr.MobileMultiView:0]]
[2020.02.26-14.28.45:045][  0]LogConfig: Setting CVar [[vr.MobileMultiView.Direct:0]]
[2020.02.26-14.28.45:045][  0]LogConfig: Setting CVar [[vr.RoundRobinOcclusion:0]]
[2020.02.26-14.28.45:045][  0]LogConfig: Setting CVar [[vr.ODSCapture:0]]
[2020.02.26-14.28.45:045][  0]LogConfig: Setting CVar [[r.WireframeCullThreshold:5.000000]]
[2020.02.26-14.28.45:045][  0]LogConfig: Setting CVar [[r.RayTracing:0]]
[2020.02.26-14.28.45:045][  0]LogConfig: Setting CVar [[r.RayTracing.UseTextureLod:0]]
[2020.02.26-14.28.45:045][  0]LogConfig: Setting CVar [[r.SupportStationarySkylight:1]]
[2020.02.26-14.28.45:045][  0]LogConfig: Setting CVar [[r.SupportLowQualityLightmaps:1]]
[2020.02.26-14.28.45:045][  0]LogConfig: Setting CVar [[r.SupportPointLightWholeSceneShadows:1]]
[2020.02.26-14.28.45:045][  0]LogConfig: Setting CVar [[r.SupportAtmosphericFog:1]]
[2020.02.26-14.28.45:045][  0]LogConfig: Setting CVar [[r.SupportSkyAtmosphere:1]]
[2020.02.26-14.28.45:045][  0]LogConfig: Setting CVar [[r.SupportSkyAtmosphereAffectsHeightFog:0]]
[2020.02.26-14.28.45:045][  0]LogConfig: Setting CVar [[r.SkinCache.CompileShaders:0]]
[2020.02.26-14.28.45:045][  0]LogConfig: Setting CVar [[r.Mobile.EnableStaticAndCSMShadowReceivers:1]]
[2020.02.26-14.28.45:045][  0]LogConfig: Setting CVar [[r.Mobile.EnableMovableLightCSMShaderCulling:1]]
[2020.02.26-14.28.45:045][  0]LogConfig: Setting CVar [[r.Mobile.AllowDistanceFieldShadows:1]]
[2020.02.26-14.28.45:045][  0]LogConfig: Setting CVar [[r.Mobile.AllowMovableDirectionalLights:1]]
[2020.02.26-14.28.45:045][  0]LogConfig: Setting CVar [[r.MobileNumDynamicPointLights:4]]
[2020.02.26-14.28.45:045][  0]LogConfig: Setting CVar [[r.MobileDynamicPointLightsUseStaticBranch:1]]
[2020.02.26-14.28.45:045][  0]LogConfig: Setting CVar [[r.Mobile.EnableMovableSpotlights:0]]
[2020.02.26-14.28.45:046][  0]LogConfig: Setting CVar [[r.SkinCache.SceneMemoryLimitInMB:128.000000]]
[2020.02.26-14.28.45:046][  0]LogConfig: Setting CVar [[r.GPUSkin.Limit2BoneInfluences:0]]
[2020.02.26-14.28.45:046][  0]LogConfig: Setting CVar [[r.SupportDepthOnlyIndexBuffers:1]]
[2020.02.26-14.28.45:046][  0]LogConfig: Setting CVar [[r.SupportReversedIndexBuffers:1]]
[2020.02.26-14.28.45:046][  0]LogConfig: Setting CVar [[r.SupportMaterialLayers:0]]
[2020.02.26-14.28.45:046][  0]LogConfig: Setting CVar [[r.LightPropagationVolume:0]]
[2020.02.26-14.28.45:046][  0]LogConfig: Applying CVar settings from Section [/Script/Engine.RendererOverrideSettings] File [E:/BaseDefenseGit/StartUp/RealeaseGame/Saved/Config/Windows/Engine.ini]
[2020.02.26-14.28.45:046][  0]LogConfig: Applying CVar settings from Section [/Script/Engine.StreamingSettings] File [E:/BaseDefenseGit/StartUp/RealeaseGame/Saved/Config/Windows/Engine.ini]
[2020.02.26-14.28.45:046][  0]LogConfig: Setting CVar [[s.MinBulkDataSizeForAsyncLoading:131072]]
[2020.02.26-14.28.45:046][  0]LogConfig: Setting CVar [[s.AsyncLoadingThreadEnabled:0]]
[2020.02.26-14.28.45:046][  0]LogConfig: Setting CVar [[s.EventDrivenLoaderEnabled:1]]
[2020.02.26-14.28.45:046][  0]LogConfig: Setting CVar [[s.WarnIfTimeLimitExceeded:0]]
[2020.02.26-14.28.45:046][  0]LogConfig: Setting CVar [[s.TimeLimitExceededMultiplier:1.5]]
[2020.02.26-14.28.45:046][  0]LogConfig: Setting CVar [[s.TimeLimitExceededMinTime:0.005]]
[2020.02.26-14.28.45:046][  0]LogConfig: Setting CVar [[s.UseBackgroundLevelStreaming:1]]
[2020.02.26-14.28.45:046][  0]LogConfig: Setting CVar [[s.PriorityAsyncLoadingExtraTime:15.0]]
[2020.02.26-14.28.45:046][  0]LogConfig: Setting CVar [[s.LevelStreamingActorsUpdateTimeLimit:5.0]]
[2020.02.26-14.28.45:046][  0]LogConfig: Setting CVar [[s.PriorityLevelStreamingActorsUpdateExtraTime:5.0]]
[2020.02.26-14.28.45:046][  0]LogConfig: Setting CVar [[s.LevelStreamingComponentsRegistrationGranularity:10]]
[2020.02.26-14.28.45:046][  0]LogConfig: Setting CVar [[s.UnregisterComponentsTimeLimit:1.0]]
[2020.02.26-14.28.45:046][  0]LogConfig: Setting CVar [[s.LevelStreamingComponentsUnregistrationGranularity:5]]
[2020.02.26-14.28.45:046][  0]LogConfig: Setting CVar [[s.FlushStreamingOnExit:1]]
[2020.02.26-14.28.45:046][  0]LogConfig: Applying CVar settings from Section [/Script/Engine.GarbageCollectionSettings] File [E:/BaseDefenseGit/StartUp/RealeaseGame/Saved/Config/Windows/Engine.ini]
[2020.02.26-14.28.45:046][  0]LogConfig: Setting CVar [[gc.MaxObjectsNotConsideredByGC:1]]
[2020.02.26-14.28.45:046][  0]LogConfig: Setting CVar [[gc.SizeOfPermanentObjectPool:0]]
[2020.02.26-14.28.45:046][  0]LogConfig: Setting CVar [[gc.FlushStreamingOnGC:0]]
[2020.02.26-14.28.45:046][  0]LogConfig: Setting CVar [[gc.NumRetriesBeforeForcingGC:10]]
[2020.02.26-14.28.45:046][  0]LogConfig: Setting CVar [[gc.AllowParallelGC:1]]
[2020.02.26-14.28.45:046][  0]LogConfig: Setting CVar [[gc.TimeBetweenPurgingPendingKillObjects:61.1]]
[2020.02.26-14.28.45:046][  0]LogConfig: Setting CVar [[gc.MaxObjectsInEditor:25165824]]
[2020.02.26-14.28.45:046][  0]LogConfig: Setting CVar [[gc.IncrementalBeginDestroyEnabled:1]]
[2020.02.26-14.28.45:046][  0]LogConfig: Setting CVar [[gc.CreateGCClusters:1]]
[2020.02.26-14.28.45:046][  0]LogConfig: Setting CVar [[gc.MinGCClusterSize:5]]
[2020.02.26-14.28.45:046][  0]LogConfig: Setting CVar [[gc.ActorClusteringEnabled:0]]
[2020.02.26-14.28.45:046][  0]LogConfig: Setting CVar [[gc.BlueprintClusteringEnabled:0]]
[2020.02.26-14.28.45:046][  0]LogConfig: Setting CVar [[gc.UseDisregardForGCOnDedicatedServers:0]]
[2020.02.26-14.28.45:046][  0]LogConfig: Applying CVar settings from Section [/Script/Engine.NetworkSettings] File [E:/BaseDefenseGit/StartUp/RealeaseGame/Saved/Config/Windows/Engine.ini]
[2020.02.26-14.28.45:046][  0]LogConfig: Applying CVar settings from Section [/Script/UnrealEd.CookerSettings] File [E:/BaseDefenseGit/StartUp/RealeaseGame/Saved/Config/Windows/Engine.ini]
[2020.02.26-14.28.45:063][  0]LogConfig: Applying CVar settings from Section [ViewDistanceQuality@3] File [E:/BaseDefenseGit/StartUp/RealeaseGame/Saved/Config/Windows/Scalability.ini]
[2020.02.26-14.28.45:063][  0]LogConfig: Setting CVar [[r.SkeletalMeshLODBias:0]]
[2020.02.26-14.28.45:063][  0]LogConfig: Setting CVar [[r.ViewDistanceScale:1.0]]
[2020.02.26-14.28.45:063][  0]LogConfig: Applying CVar settings from Section [AntiAliasingQuality@3] File [E:/BaseDefenseGit/StartUp/RealeaseGame/Saved/Config/Windows/Scalability.ini]
[2020.02.26-14.28.45:063][  0]LogConfig: Setting CVar [[r.PostProcessAAQuality:4]]
[2020.02.26-14.28.45:063][  0]LogConfig: Applying CVar settings from Section [ShadowQuality@3] File [E:/BaseDefenseGit/StartUp/RealeaseGame/Saved/Config/Windows/Scalability.ini]
[2020.02.26-14.28.45:063][  0]LogConfig: Setting CVar [[r.LightFunctionQuality:1]]
[2020.02.26-14.28.45:063][  0]LogConfig: Setting CVar [[r.ShadowQuality:5]]
[2020.02.26-14.28.45:063][  0]LogConfig: Setting CVar [[r.Shadow.CSM.MaxCascades:10]]
[2020.02.26-14.28.45:063][  0]LogConfig: Setting CVar [[r.Shadow.MaxResolution:2048]]
[2020.02.26-14.28.45:063][  0]LogConfig: Setting CVar [[r.Shadow.MaxCSMResolution:2048]]
[2020.02.26-14.28.45:063][  0]LogConfig: Setting CVar [[r.Shadow.RadiusThreshold:0.01]]
[2020.02.26-14.28.45:063][  0]LogConfig: Setting CVar [[r.Shadow.DistanceScale:1.0]]
[2020.02.26-14.28.45:063][  0]LogConfig: Setting CVar [[r.Shadow.CSM.TransitionScale:1.0]]
[2020.02.26-14.28.45:063][  0]LogConfig: Setting CVar [[r.Shadow.PreShadowResolutionFactor:1.0]]
[2020.02.26-14.28.45:063][  0]LogConfig: Setting CVar [[r.DistanceFieldShadowing:1]]
[2020.02.26-14.28.45:064][  0]LogConfig: Setting CVar [[r.DistanceFieldAO:1]]
[2020.02.26-14.28.45:064][  0]LogConfig: Setting CVar [[r.AOQuality:2]]
[2020.02.26-14.28.45:064][  0]LogConfig: Setting CVar [[r.VolumetricFog:1]]
[2020.02.26-14.28.45:064][  0]LogConfig: Setting CVar [[r.VolumetricFog.GridPixelSize:8]]
[2020.02.26-14.28.45:064][  0]LogConfig: Setting CVar [[r.VolumetricFog.GridSizeZ:128]]
[2020.02.26-14.28.45:064][  0]LogConfig: Setting CVar [[r.VolumetricFog.HistoryMissSupersampleCount:4]]
[2020.02.26-14.28.45:064][  0]LogConfig: Setting CVar [[r.LightMaxDrawDistanceScale:1]]
[2020.02.26-14.28.45:064][  0]LogConfig: Setting CVar [[r.CapsuleShadows:1]]
[2020.02.26-14.28.45:064][  0]LogConfig: Applying CVar settings from Section [PostProcessQuality@3] File [E:/BaseDefenseGit/StartUp/RealeaseGame/Saved/Config/Windows/Scalability.ini]
[2020.02.26-14.28.45:064][  0]LogConfig: Setting CVar [[r.MotionBlurQuality:4]]
[2020.02.26-14.28.45:064][  0]LogConfig: Setting CVar [[r.AmbientOcclusionMipLevelFactor:0.4]]
[2020.02.26-14.28.45:064][  0]LogConfig: Setting CVar [[r.AmbientOcclusionMaxQuality:100]]
[2020.02.26-14.28.45:064][  0]LogConfig: Setting CVar [[r.AmbientOcclusionLevels:-1]]
[2020.02.26-14.28.45:064][  0]LogConfig: Setting CVar [[r.AmbientOcclusionRadiusScale:1.0]]
[2020.02.26-14.28.45:064][  0]LogConfig: Setting CVar [[r.DepthOfFieldQuality:2]]
[2020.02.26-14.28.45:064][  0]LogConfig: Setting CVar [[r.RenderTargetPoolMin:400]]
[2020.02.26-14.28.45:064][  0]LogConfig: Setting CVar [[r.LensFlareQuality:2]]
[2020.02.26-14.28.45:064][  0]LogConfig: Setting CVar [[r.SceneColorFringeQuality:1]]
[2020.02.26-14.28.45:064][  0]LogConfig: Setting CVar [[r.EyeAdaptationQuality:2]]
[2020.02.26-14.28.45:064][  0]LogConfig: Setting CVar [[r.BloomQuality:5]]
[2020.02.26-14.28.45:064][  0]LogConfig: Setting CVar [[r.FastBlurThreshold:100]]
[2020.02.26-14.28.45:064][  0]LogConfig: Setting CVar [[r.Upscale.Quality:3]]
[2020.02.26-14.28.45:064][  0]LogConfig: Setting CVar [[r.Tonemapper.GrainQuantization:1]]
[2020.02.26-14.28.45:064][  0]LogConfig: Setting CVar [[r.LightShaftQuality:1]]
[2020.02.26-14.28.45:064][  0]LogConfig: Setting CVar [[r.Filter.SizeScale:1]]
[2020.02.26-14.28.45:064][  0]LogConfig: Setting CVar [[r.Tonemapper.Quality:5]]
[2020.02.26-14.28.45:064][  0]LogConfig: Setting CVar [[r.DOF.Gather.AccumulatorQuality:1        ; higher gathering accumulator quality]]
[2020.02.26-14.28.45:064][  0]LogConfig: Setting CVar [[r.DOF.Gather.PostfilterMethod:1          ; Median3x3 postfilering method]]
[2020.02.26-14.28.45:064][  0]LogConfig: Setting CVar [[r.DOF.Gather.EnableBokehSettings:0       ; no bokeh simulation when gathering]]
[2020.02.26-14.28.45:064][  0]LogConfig: Setting CVar [[r.DOF.Gather.RingCount:4                 ; medium number of samples when gathering]]
[2020.02.26-14.28.45:064][  0]LogConfig: Setting CVar [[r.DOF.Scatter.ForegroundCompositing:1    ; additive foreground scattering]]
[2020.02.26-14.28.45:064][  0]LogConfig: Setting CVar [[r.DOF.Scatter.BackgroundCompositing:2    ; additive background scattering]]
[2020.02.26-14.28.45:064][  0]LogConfig: Setting CVar [[r.DOF.Scatter.EnableBokehSettings:1      ; bokeh simulation when scattering]]
[2020.02.26-14.28.45:064][  0]LogConfig: Setting CVar [[r.DOF.Scatter.MaxSpriteRatio:0.1         ; only a maximum of 10% of scattered bokeh]]
[2020.02.26-14.28.45:064][  0]LogConfig: Setting CVar [[r.DOF.Recombine.Quality:1                ; cheap slight out of focus]]
[2020.02.26-14.28.45:064][  0]LogConfig: Setting CVar [[r.DOF.Recombine.EnableBokehSettings:0    ; no bokeh simulation on slight out of focus]]
[2020.02.26-14.28.45:064][  0]LogConfig: Setting CVar [[r.DOF.TemporalAAQuality:1                ; more stable temporal accumulation]]
[2020.02.26-14.28.45:064][  0]LogConfig: Setting CVar [[r.DOF.Kernel.MaxForegroundRadius:0.025]]
[2020.02.26-14.28.45:064][  0]LogConfig: Setting CVar [[r.DOF.Kernel.MaxBackgroundRadius:0.025]]
[2020.02.26-14.28.45:064][  0]LogConfig: Applying CVar settings from Section [TextureQuality@3] File [E:/BaseDefenseGit/StartUp/RealeaseGame/Saved/Config/Windows/Scalability.ini]
[2020.02.26-14.28.45:064][  0]LogConfig: Setting CVar [[r.Streaming.MipBias:0]]
[2020.02.26-14.28.45:064][  0]LogConfig: Setting CVar [[r.Streaming.AmortizeCPUToGPUCopy:0]]
[2020.02.26-14.28.45:064][  0]LogConfig: Setting CVar [[r.Streaming.MaxNumTexturesToStreamPerFrame:0]]
[2020.02.26-14.28.45:064][  0]LogConfig: Setting CVar [[r.Streaming.Boost:1]]
[2020.02.26-14.28.45:064][  0]LogConfig: Setting CVar [[r.MaxAnisotropy:8]]
[2020.02.26-14.28.45:064][  0]LogConfig: Setting CVar [[r.VT.MaxAnisotropy:8]]
[2020.02.26-14.28.45:064][  0]LogConfig: Setting CVar [[r.Streaming.LimitPoolSizeToVRAM:0]]
[2020.02.26-14.28.45:064][  0]LogConfig: Setting CVar [[r.Streaming.PoolSize:1000]]
[2020.02.26-14.28.45:064][  0]LogConfig: Setting CVar [[r.Streaming.MaxEffectiveScreenSize:0]]
[2020.02.26-14.28.45:064][  0]LogConfig: Applying CVar settings from Section [EffectsQuality@3] File [E:/BaseDefenseGit/StartUp/RealeaseGame/Saved/Config/Windows/Scalability.ini]
[2020.02.26-14.28.45:064][  0]LogConfig: Setting CVar [[r.TranslucencyLightingVolumeDim:64]]
[2020.02.26-14.28.45:064][  0]LogConfig: Setting CVar [[r.RefractionQuality:2]]
[2020.02.26-14.28.45:064][  0]LogConfig: Setting CVar [[r.SSR.Quality:3]]
[2020.02.26-14.28.45:064][  0]LogConfig: Setting CVar [[r.SSR.HalfResSceneColor:0]]
[2020.02.26-14.28.45:064][  0]LogConfig: Setting CVar [[r.SceneColorFormat:4]]
[2020.02.26-14.28.45:064][  0]LogConfig: Setting CVar [[r.DetailMode:2]]
[2020.02.26-14.28.45:064][  0]LogConfig: Setting CVar [[r.TranslucencyVolumeBlur:1]]
[2020.02.26-14.28.45:064][  0]LogConfig: Setting CVar [[r.MaterialQualityLevel:1 ; High quality]]
[2020.02.26-14.28.45:064][  0]LogConfig: Setting CVar [[r.SSS.Scale:1]]
[2020.02.26-14.28.45:064][  0]LogConfig: Setting CVar [[r.SSS.SampleSet:2]]
[2020.02.26-14.28.45:064][  0]LogConfig: Setting CVar [[r.SSS.Quality:1]]
[2020.02.26-14.28.45:064][  0]LogConfig: Setting CVar [[r.SSS.HalfRes:1]]
[2020.02.26-14.28.45:064][  0]LogConfig: Setting CVar [[r.SSGI.Quality:3]]
[2020.02.26-14.28.45:064][  0]LogConfig: Setting CVar [[r.EmitterSpawnRateScale:1.0]]
[2020.02.26-14.28.45:064][  0]LogConfig: Setting CVar [[r.ParticleLightQuality:2]]
[2020.02.26-14.28.45:064][  0]LogConfig: Setting CVar [[r.SkyAtmosphere.AerialPerspectiveLUT.FastApplyOnOpaque:1 ; Always have FastSkyLUT 1 in this case to avoid wrong sky]]
[2020.02.26-14.28.45:064][  0]LogConfig: Setting CVar [[r.SkyAtmosphere.AerialPerspectiveLUT.SampleCountPerSlice:1]]
[2020.02.26-14.28.45:064][  0]LogConfig: Setting CVar [[r.SkyAtmosphere.AerialPerspectiveLUT.DepthResolution:16.0]]
[2020.02.26-14.28.45:064][  0]LogConfig: Setting CVar [[r.SkyAtmosphere.FastSkyLUT:1]]
[2020.02.26-14.28.45:064][  0]LogConfig: Setting CVar [[r.SkyAtmosphere.FastSkyLUT.SampleCountMin:4.0]]
[2020.02.26-14.28.45:064][  0]LogConfig: Setting CVar [[r.SkyAtmosphere.FastSkyLUT.SampleCountMax:32.0]]
[2020.02.26-14.28.45:064][  0]LogConfig: Setting CVar [[r.SkyAtmosphere.SampleCountMin:4.0]]
[2020.02.26-14.28.45:064][  0]LogConfig: Setting CVar [[r.SkyAtmosphere.SampleCountMax:32.0]]
[2020.02.26-14.28.45:064][  0]LogConfig: Setting CVar [[r.SkyAtmosphere.TransmittanceLUT.UseSmallFormat:0]]
[2020.02.26-14.28.45:064][  0]LogConfig: Setting CVar [[r.SkyAtmosphere.TransmittanceLUT.SampleCount:10.0]]
[2020.02.26-14.28.45:064][  0]LogConfig: Setting CVar [[r.SkyAtmosphere.MultiScatteringLUT.SampleCount:15.0]]
[2020.02.26-14.28.45:064][  0]LogConfig: Applying CVar settings from Section [FoliageQuality@3] File [E:/BaseDefenseGit/StartUp/RealeaseGame/Saved/Config/Windows/Scalability.ini]
[2020.02.26-14.28.45:064][  0]LogConfig: Setting CVar [[foliage.DensityScale:1.0]]
[2020.02.26-14.28.45:064][  0]LogConfig: Setting CVar [[grass.DensityScale:1.0]]
[2020.02.26-14.28.45:064][  0]LogConfig: Applying CVar settings from Section [ShadingQuality@3] File [E:/BaseDefenseGit/StartUp/RealeaseGame/Saved/Config/Windows/Scalability.ini]
[2020.02.26-14.28.45:064][  0]LogConfig: Setting CVar [[r.HairStrands.SkyLighting.SampleCount:16]]
[2020.02.26-14.28.45:064][  0]LogConfig: Setting CVar [[r.HairStrands.SkyLighting.JitterIntegration:0]]
[2020.02.26-14.28.45:064][  0]LogConfig: Setting CVar [[r.HairStrands.SkyAO.SampleCount:16]]
[2020.02.26-14.28.45:065][  0]LogInit: Selected Device Profile: [Windows]
[2020.02.26-14.28.45:065][  0]LogInit: Applying CVar settings loaded from the selected device profile: [Windows]
[2020.02.26-14.28.45:096][  0]LogHAL: Display: Platform has ~ 16 GB [17014095872 / 17179869184 / 16], which maps to Larger [LargestMinGB=32, LargerMinGB=12, DefaultMinGB=8, SmallerMinGB=6, SmallestMinGB=0)
[2020.02.26-14.28.45:096][  0]LogInit: Going up to parent DeviceProfile []
[2020.02.26-14.28.45:096][  0]LogConfig: Applying CVar settings from Section [ViewDistanceQuality@3] File [E:/BaseDefenseGit/StartUp/RealeaseGame/Saved/Config/Windows/Scalability.ini]
[2020.02.26-14.28.45:096][  0]LogConfig: Setting CVar [[r.SkeletalMeshLODBias:0]]
[2020.02.26-14.28.45:096][  0]LogConfig: Setting CVar [[r.ViewDistanceScale:1.0]]
[2020.02.26-14.28.45:096][  0]LogConfig: Applying CVar settings from Section [AntiAliasingQuality@3] File [E:/BaseDefenseGit/StartUp/RealeaseGame/Saved/Config/Windows/Scalability.ini]
[2020.02.26-14.28.45:096][  0]LogConfig: Setting CVar [[r.PostProcessAAQuality:4]]
[2020.02.26-14.28.45:096][  0]LogConfig: Applying CVar settings from Section [ShadowQuality@3] File [E:/BaseDefenseGit/StartUp/RealeaseGame/Saved/Config/Windows/Scalability.ini]
[2020.02.26-14.28.45:096][  0]LogConfig: Setting CVar [[r.LightFunctionQuality:1]]
[2020.02.26-14.28.45:096][  0]LogConfig: Setting CVar [[r.ShadowQuality:5]]
[2020.02.26-14.28.45:096][  0]LogConfig: Setting CVar [[r.Shadow.CSM.MaxCascades:10]]
[2020.02.26-14.28.45:096][  0]LogConfig: Setting CVar [[r.Shadow.MaxResolution:2048]]
[2020.02.26-14.28.45:096][  0]LogConfig: Setting CVar [[r.Shadow.MaxCSMResolution:2048]]
[2020.02.26-14.28.45:096][  0]LogConfig: Setting CVar [[r.Shadow.RadiusThreshold:0.01]]
[2020.02.26-14.28.45:096][  0]LogConfig: Setting CVar [[r.Shadow.DistanceScale:1.0]]
[2020.02.26-14.28.45:096][  0]LogConfig: Setting CVar [[r.Shadow.CSM.TransitionScale:1.0]]
[2020.02.26-14.28.45:096][  0]LogConfig: Setting CVar [[r.Shadow.PreShadowResolutionFactor:1.0]]
[2020.02.26-14.28.45:096][  0]LogConfig: Setting CVar [[r.DistanceFieldShadowing:1]]
[2020.02.26-14.28.45:096][  0]LogConfig: Setting CVar [[r.DistanceFieldAO:1]]
[2020.02.26-14.28.45:096][  0]LogConfig: Setting CVar [[r.AOQuality:2]]
[2020.02.26-14.28.45:096][  0]LogConfig: Setting CVar [[r.VolumetricFog:1]]
[2020.02.26-14.28.45:096][  0]LogConfig: Setting CVar [[r.VolumetricFog.GridPixelSize:8]]
[2020.02.26-14.28.45:096][  0]LogConfig: Setting CVar [[r.VolumetricFog.GridSizeZ:128]]
[2020.02.26-14.28.45:096][  0]LogConfig: Setting CVar [[r.VolumetricFog.HistoryMissSupersampleCount:4]]
[2020.02.26-14.28.45:096][  0]LogConfig: Setting CVar [[r.LightMaxDrawDistanceScale:1]]
[2020.02.26-14.28.45:096][  0]LogConfig: Setting CVar [[r.CapsuleShadows:1]]
[2020.02.26-14.28.45:096][  0]LogConfig: Applying CVar settings from Section [PostProcessQuality@3] File [E:/BaseDefenseGit/StartUp/RealeaseGame/Saved/Config/Windows/Scalability.ini]
[2020.02.26-14.28.45:096][  0]LogConfig: Setting CVar [[r.MotionBlurQuality:4]]
[2020.02.26-14.28.45:096][  0]LogConfig: Setting CVar [[r.AmbientOcclusionMipLevelFactor:0.4]]
[2020.02.26-14.28.45:096][  0]LogConfig: Setting CVar [[r.AmbientOcclusionMaxQuality:100]]
[2020.02.26-14.28.45:096][  0]LogConfig: Setting CVar [[r.AmbientOcclusionLevels:-1]]
[2020.02.26-14.28.45:096][  0]LogConfig: Setting CVar [[r.AmbientOcclusionRadiusScale:1.0]]
[2020.02.26-14.28.45:096][  0]LogConfig: Setting CVar [[r.DepthOfFieldQuality:2]]
[2020.02.26-14.28.45:096][  0]LogConfig: Setting CVar [[r.RenderTargetPoolMin:400]]
[2020.02.26-14.28.45:096][  0]LogConfig: Setting CVar [[r.LensFlareQuality:2]]
[2020.02.26-14.28.45:096][  0]LogConfig: Setting CVar [[r.SceneColorFringeQuality:1]]
[2020.02.26-14.28.45:096][  0]LogConfig: Setting CVar [[r.EyeAdaptationQuality:2]]
[2020.02.26-14.28.45:096][  0]LogConfig: Setting CVar [[r.BloomQuality:5]]
[2020.02.26-14.28.45:097][  0]LogConfig: Setting CVar [[r.FastBlurThreshold:100]]
[2020.02.26-14.28.45:097][  0]LogConfig: Setting CVar [[r.Upscale.Quality:3]]
[2020.02.26-14.28.45:097][  0]LogConfig: Setting CVar [[r.Tonemapper.GrainQuantization:1]]
[2020.02.26-14.28.45:097][  0]LogConfig: Setting CVar [[r.LightShaftQuality:1]]
[2020.02.26-14.28.45:097][  0]LogConfig: Setting CVar [[r.Filter.SizeScale:1]]
[2020.02.26-14.28.45:097][  0]LogConfig: Setting CVar [[r.Tonemapper.Quality:5]]
[2020.02.26-14.28.45:097][  0]LogConfig: Setting CVar [[r.DOF.Gather.AccumulatorQuality:1        ; higher gathering accumulator quality]]
[2020.02.26-14.28.45:097][  0]LogConfig: Setting CVar [[r.DOF.Gather.PostfilterMethod:1          ; Median3x3 postfilering method]]
[2020.02.26-14.28.45:097][  0]LogConfig: Setting CVar [[r.DOF.Gather.EnableBokehSettings:0       ; no bokeh simulation when gathering]]
[2020.02.26-14.28.45:097][  0]LogConfig: Setting CVar [[r.DOF.Gather.RingCount:4                 ; medium number of samples when gathering]]
[2020.02.26-14.28.45:097][  0]LogConfig: Setting CVar [[r.DOF.Scatter.ForegroundCompositing:1    ; additive foreground scattering]]
[2020.02.26-14.28.45:097][  0]LogConfig: Setting CVar [[r.DOF.Scatter.BackgroundCompositing:2    ; additive background scattering]]
[2020.02.26-14.28.45:097][  0]LogConfig: Setting CVar [[r.DOF.Scatter.EnableBokehSettings:1      ; bokeh simulation when scattering]]
[2020.02.26-14.28.45:097][  0]LogConfig: Setting CVar [[r.DOF.Scatter.MaxSpriteRatio:0.1         ; only a maximum of 10% of scattered bokeh]]
[2020.02.26-14.28.45:097][  0]LogConfig: Setting CVar [[r.DOF.Recombine.Quality:1                ; cheap slight out of focus]]
[2020.02.26-14.28.45:097][  0]LogConfig: Setting CVar [[r.DOF.Recombine.EnableBokehSettings:0    ; no bokeh simulation on slight out of focus]]
[2020.02.26-14.28.45:097][  0]LogConfig: Setting CVar [[r.DOF.TemporalAAQuality:1                ; more stable temporal accumulation]]
[2020.02.26-14.28.45:097][  0]LogConfig: Setting CVar [[r.DOF.Kernel.MaxForegroundRadius:0.025]]
[2020.02.26-14.28.45:097][  0]LogConfig: Setting CVar [[r.DOF.Kernel.MaxBackgroundRadius:0.025]]
[2020.02.26-14.28.45:097][  0]LogConfig: Applying CVar settings from Section [TextureQuality@3] File [E:/BaseDefenseGit/StartUp/RealeaseGame/Saved/Config/Windows/Scalability.ini]
[2020.02.26-14.28.45:097][  0]LogConfig: Setting CVar [[r.Streaming.MipBias:0]]
[2020.02.26-14.28.45:097][  0]LogConfig: Setting CVar [[r.Streaming.AmortizeCPUToGPUCopy:0]]
[2020.02.26-14.28.45:097][  0]LogConfig: Setting CVar [[r.Streaming.MaxNumTexturesToStreamPerFrame:0]]
[2020.02.26-14.28.45:097][  0]LogConfig: Setting CVar [[r.Streaming.Boost:1]]
[2020.02.26-14.28.45:097][  0]LogConfig: Setting CVar [[r.MaxAnisotropy:8]]
[2020.02.26-14.28.45:097][  0]LogConfig: Setting CVar [[r.VT.MaxAnisotropy:8]]
[2020.02.26-14.28.45:097][  0]LogConfig: Setting CVar [[r.Streaming.LimitPoolSizeToVRAM:0]]
[2020.02.26-14.28.45:097][  0]LogConfig: Setting CVar [[r.Streaming.PoolSize:1000]]
[2020.02.26-14.28.45:097][  0]LogConfig: Setting CVar [[r.Streaming.MaxEffectiveScreenSize:0]]
[2020.02.26-14.28.45:097][  0]LogConfig: Applying CVar settings from Section [EffectsQuality@3] File [E:/BaseDefenseGit/StartUp/RealeaseGame/Saved/Config/Windows/Scalability.ini]
[2020.02.26-14.28.45:097][  0]LogConfig: Setting CVar [[r.TranslucencyLightingVolumeDim:64]]
[2020.02.26-14.28.45:097][  0]LogConfig: Setting CVar [[r.RefractionQuality:2]]
[2020.02.26-14.28.45:097][  0]LogConfig: Setting CVar [[r.SSR.Quality:3]]
[2020.02.26-14.28.45:097][  0]LogConfig: Setting CVar [[r.SSR.HalfResSceneColor:0]]
[2020.02.26-14.28.45:097][  0]LogConfig: Setting CVar [[r.SceneColorFormat:4]]
[2020.02.26-14.28.45:097][  0]LogConfig: Setting CVar [[r.DetailMode:2]]
[2020.02.26-14.28.45:097][  0]LogConfig: Setting CVar [[r.TranslucencyVolumeBlur:1]]
[2020.02.26-14.28.45:097][  0]LogConfig: Setting CVar [[r.MaterialQualityLevel:1 ; High quality]]
[2020.02.26-14.28.45:097][  0]LogConfig: Setting CVar [[r.SSS.Scale:1]]
[2020.02.26-14.28.45:097][  0]LogConfig: Setting CVar [[r.SSS.SampleSet:2]]
[2020.02.26-14.28.45:097][  0]LogConfig: Setting CVar [[r.SSS.Quality:1]]
[2020.02.26-14.28.45:097][  0]LogConfig: Setting CVar [[r.SSS.HalfRes:1]]
[2020.02.26-14.28.45:097][  0]LogConfig: Setting CVar [[r.SSGI.Quality:3]]
[2020.02.26-14.28.45:097][  0]LogConfig: Setting CVar [[r.EmitterSpawnRateScale:1.0]]
[2020.02.26-14.28.45:097][  0]LogConfig: Setting CVar [[r.ParticleLightQuality:2]]
[2020.02.26-14.28.45:097][  0]LogConfig: Setting CVar [[r.SkyAtmosphere.AerialPerspectiveLUT.FastApplyOnOpaque:1 ; Always have FastSkyLUT 1 in this case to avoid wrong sky]]
[2020.02.26-14.28.45:097][  0]LogConfig: Setting CVar [[r.SkyAtmosphere.AerialPerspectiveLUT.SampleCountPerSlice:1]]
[2020.02.26-14.28.45:097][  0]LogConfig: Setting CVar [[r.SkyAtmosphere.AerialPerspectiveLUT.DepthResolution:16.0]]
[2020.02.26-14.28.45:097][  0]LogConfig: Setting CVar [[r.SkyAtmosphere.FastSkyLUT:1]]
[2020.02.26-14.28.45:097][  0]LogConfig: Setting CVar [[r.SkyAtmosphere.FastSkyLUT.SampleCountMin:4.0]]
[2020.02.26-14.28.45:097][  0]LogConfig: Setting CVar [[r.SkyAtmosphere.FastSkyLUT.SampleCountMax:32.0]]
[2020.02.26-14.28.45:097][  0]LogConfig: Setting CVar [[r.SkyAtmosphere.SampleCountMin:4.0]]
[2020.02.26-14.28.45:097][  0]LogConfig: Setting CVar [[r.SkyAtmosphere.SampleCountMax:32.0]]
[2020.02.26-14.28.45:097][  0]LogConfig: Setting CVar [[r.SkyAtmosphere.TransmittanceLUT.UseSmallFormat:0]]
[2020.02.26-14.28.45:097][  0]LogConfig: Setting CVar [[r.SkyAtmosphere.TransmittanceLUT.SampleCount:10.0]]
[2020.02.26-14.28.45:097][  0]LogConfig: Setting CVar [[r.SkyAtmosphere.MultiScatteringLUT.SampleCount:15.0]]
[2020.02.26-14.28.45:097][  0]LogConfig: Applying CVar settings from Section [FoliageQuality@3] File [E:/BaseDefenseGit/StartUp/RealeaseGame/Saved/Config/Windows/Scalability.ini]
[2020.02.26-14.28.45:097][  0]LogConfig: Setting CVar [[foliage.DensityScale:1.0]]
[2020.02.26-14.28.45:097][  0]LogConfig: Setting CVar [[grass.DensityScale:1.0]]
[2020.02.26-14.28.45:097][  0]LogConfig: Applying CVar settings from Section [ShadingQuality@3] File [E:/BaseDefenseGit/StartUp/RealeaseGame/Saved/Config/Windows/Scalability.ini]
[2020.02.26-14.28.45:097][  0]LogConfig: Setting CVar [[r.HairStrands.SkyLighting.SampleCount:16]]
[2020.02.26-14.28.45:097][  0]LogConfig: Setting CVar [[r.HairStrands.SkyLighting.JitterIntegration:0]]
[2020.02.26-14.28.45:097][  0]LogConfig: Setting CVar [[r.HairStrands.SkyAO.SampleCount:16]]
[2020.02.26-14.28.45:097][  0]LogConfig: Applying CVar settings from Section [Startup] File [../../../Engine/Config/ConsoleVariables.ini]
[2020.02.26-14.28.45:097][  0]LogConfig: Setting CVar [[net.UseAdaptiveNetUpdateFrequency:0]]
[2020.02.26-14.28.45:097][  0]LogConfig: Setting CVar [[p.chaos.AllowCreatePhysxBodies:1]]
[2020.02.26-14.28.45:098][  0]LogConfig: Applying CVar settings from Section [ConsoleVariables] File [E:/BaseDefenseGit/StartUp/RealeaseGame/Saved/Config/Windows/Engine.ini]
[2020.02.26-14.28.45:101][  0]LogInit: Computer: DESKTOP-DDF4DFO
[2020.02.26-14.28.45:101][  0]LogInit: User: theod
[2020.02.26-14.28.45:101][  0]LogInit: CPU Page size=4096, Cores=6
[2020.02.26-14.28.45:101][  0]LogInit: High frequency timer resolution =10.000000 MHz
[2020.02.26-14.28.45:101][  0]LogMemory: Memory total: Physical=15.8GB (16GB approx)
[2020.02.26-14.28.45:101][  0]LogMemory: Platform Memory Stats for Windows
[2020.02.26-14.28.45:101][  0]LogMemory: Process Physical Memory: 105.89 MB used, 105.89 MB peak
[2020.02.26-14.28.45:101][  0]LogMemory: Process Virtual Memory: 101.29 MB used, 101.29 MB peak
[2020.02.26-14.28.45:101][  0]LogMemory: Physical Memory: 11889.07 MB used,  4336.83 MB free, 16225.91 MB total
[2020.02.26-14.28.45:101][  0]LogMemory: Virtual Memory: 5159.27 MB used,  134212568.00 MB free, 134217728.00 MB total
[2020.02.26-14.28.45:105][  0]LogWindows: WindowsPlatformFeatures enabled
[2020.02.26-14.28.45:769][  0]LogInit: Using OS detected language (en-US).
[2020.02.26-14.28.45:769][  0]LogInit: Using OS detected locale (en-US).
[2020.02.26-14.28.45:781][  0]LogTextLocalizationManager: No specific localization for 'en-US' exists, so the 'en' localization will be used.
[2020.02.26-14.28.46:675][  0]LogSlate: New Slate User Created.  User Index 0, Is Virtual User: 0
[2020.02.26-14.28.46:675][  0]LogSlate: Slate User Registered.  User Index 0, Is Virtual User: 0
[2020.02.26-14.28.46:801][  0]LogHMD: Failed to initialize OpenVR with code 110
[2020.02.26-14.28.46:801][  0]LogD3D11RHI: D3D11 min allowed feature level: 11_0
[2020.02.26-14.28.46:801][  0]LogD3D11RHI: D3D11 max allowed feature level: 11_0
[2020.02.26-14.28.46:801][  0]LogD3D11RHI: D3D11 adapters:
[2020.02.26-14.28.46:929][  0]LogD3D11RHI:    0. 'NVIDIA GeForce RTX 2060' (Feature Level 11_0)
[2020.02.26-14.28.46:929][  0]LogD3D11RHI:       5980/0/8112 MB DedicatedVideo/DedicatedSystem/SharedSystem, Outputs:1, VendorId:0x10de
[2020.02.26-14.28.46:963][  0]LogD3D11RHI:    1. 'Intel(R) UHD Graphics 630' (Feature Level 11_0)
[2020.02.26-14.28.46:963][  0]LogD3D11RHI:       128/0/8112 MB DedicatedVideo/DedicatedSystem/SharedSystem, Outputs:0, VendorId:0x8086
[2020.02.26-14.28.46:968][  0]LogD3D11RHI:    2. 'Microsoft Basic Render Driver' (Feature Level 11_0)
[2020.02.26-14.28.46:968][  0]LogD3D11RHI:       0/0/8112 MB DedicatedVideo/DedicatedSystem/SharedSystem, Outputs:0, VendorId:0x1414
[2020.02.26-14.28.46:968][  0]LogD3D11RHI: Chosen D3D11 Adapter: 0
[2020.02.26-14.28.47:010][  0]LogD3D11RHI: Creating new Direct3DDevice
[2020.02.26-14.28.47:010][  0]LogD3D11RHI:     GPU DeviceId: 0x1f11 (for the marketing name, search the web for "GPU Device Id")
[2020.02.26-14.28.47:010][  0]LogWindows: EnumDisplayDevices:
[2020.02.26-14.28.47:011][  0]LogWindows:    0. 'Intel(R) UHD Graphics 630' (P:1 D:1)
[2020.02.26-14.28.47:011][  0]LogWindows:    1. 'Intel(R) UHD Graphics 630' (P:0 D:0)
[2020.02.26-14.28.47:011][  0]LogWindows:    2. 'Intel(R) UHD Graphics 630' (P:0 D:0)
[2020.02.26-14.28.47:011][  0]LogWindows:    3. 'NVIDIA GeForce RTX 2060' (P:0 D:0)
[2020.02.26-14.28.47:011][  0]LogWindows:    4. 'NVIDIA GeForce RTX 2060' (P:0 D:0)
[2020.02.26-14.28.47:012][  0]LogWindows:    5. 'NVIDIA GeForce RTX 2060' (P:0 D:0)
[2020.02.26-14.28.47:012][  0]LogWindows:    6. 'NVIDIA GeForce RTX 2060' (P:0 D:0)
[2020.02.26-14.28.47:012][  0]LogWindows: DebugString: PrimaryIsNotTheChoosenAdapter PrimaryIsNotTheChoosenAdapter PrimaryIsNotTheChoosenAdapter FoundDriverCount:4 
[2020.02.26-14.28.47:012][  0]LogD3D11RHI:     Adapter Name: NVIDIA GeForce RTX 2060
[2020.02.26-14.28.47:012][  0]LogD3D11RHI:   Driver Version: 442.19 (internal:26.21.14.4219, unified:442.19)
[2020.02.26-14.28.47:012][  0]LogD3D11RHI:      Driver Date: 1-29-2020
[2020.02.26-14.28.47:012][  0]LogRHI: Texture pool is 4186 MB (70% of 5980 MB)
[2020.02.26-14.28.47:076][  0]LogD3D11RHI: RHI has support for 64 bit atomics
[2020.02.26-14.28.47:077][  0]LogD3D11RHI: Async texture creation enabled
[2020.02.26-14.28.47:176][  0]LogD3D11RHI: GPU Timing Frequency: 1000.000000 (Debug: 2 1)
[2020.02.26-14.28.47:788][  0]LogTargetPlatformManager: Display: Loaded TargetPlatform 'WindowsNoEditor'
[2020.02.26-14.28.47:810][  0]LogTargetPlatformManager: Display: Loaded TargetPlatform 'Windows'
[2020.02.26-14.28.47:828][  0]LogTargetPlatformManager: Display: Loaded TargetPlatform 'WindowsClient'
[2020.02.26-14.28.47:849][  0]LogTargetPlatformManager: Display: Loaded TargetPlatform 'WindowsServer'
[2020.02.26-14.28.47:849][  0]LogTargetPlatformManager: Display: Building Assets For Windows
[2020.02.26-14.28.47:989][  0]LogAudioDebug: Display: Lib vorbis DLL was dynamically loaded.
[2020.02.26-14.28.48:374][  0]LogShaderCompilers: Guid format shader working directory is -4 characters bigger than the processId version (../../../../../BaseDefenseGit/StartUp/RealeaseGame/Intermediate/Shaders/WorkingDirectory/9696/).
[2020.02.26-14.28.48:374][  0]LogShaderCompilers: Cleaned the shader compiler working directory 'C:/Users/theod/AppData/Local/Temp/UnrealShaderWorkingDir/28181E3040A7D8559069B995062D58A1/'.
[2020.02.26-14.28.48:398][  0]LogXGEController: Cannot use XGE Controller as Incredibuild is not installed on this machine.
[2020.02.26-14.28.48:399][  0]LogShaderCompilers: Cannot use XGE Shader Compiler as Incredibuild is not installed on this machine.
[2020.02.26-14.28.48:399][  0]LogShaderCompilers: Display: Using Local Shader Compiler.
[2020.02.26-14.28.49:599][  0]LogDerivedDataCache: Display: Max Cache Size: 512 MB
[2020.02.26-14.28.49:709][  0]LogDerivedDataCache: Loaded boot cache 0.11s 80MB C:/Users/theod/AppData/Local/UnrealEngine/4.24/DerivedDataCache/Boot.ddc.
[2020.02.26-14.28.49:709][  0]LogDerivedDataCache: Display: Loaded Boot cache: C:/Users/theod/AppData/Local/UnrealEngine/4.24/DerivedDataCache/Boot.ddc
[2020.02.26-14.28.49:709][  0]LogDerivedDataCache: FDerivedDataBackendGraph:  Pak pak cache file ../../../../../BaseDefenseGit/StartUp/RealeaseGame/DerivedDataCache/DDC.ddp not found, will not use a pak cache.
[2020.02.26-14.28.49:709][  0]LogDerivedDataCache: Unable to find inner node Pak for hierarchical cache Hierarchy.
[2020.02.26-14.28.49:709][  0]LogDerivedDataCache: FDerivedDataBackendGraph:  CompressedPak pak cache file ../../../../../BaseDefenseGit/StartUp/RealeaseGame/DerivedDataCache/Compressed.ddp not found, will not use a pak cache.
[2020.02.26-14.28.49:709][  0]LogDerivedDataCache: Unable to find inner node CompressedPak for hierarchical cache Hierarchy.
[2020.02.26-14.28.49:730][  0]LogDerivedDataCache: Display: Pak cache opened for reading ../../../Engine/DerivedDataCache/Compressed.ddp.
[2020.02.26-14.28.49:730][  0]LogDerivedDataCache: FDerivedDataBackendGraph:  EnterprisePak pak cache file ../../../Enterprise/DerivedDataCache/Compressed.ddp not found, will not use a pak cache.
[2020.02.26-14.28.49:730][  0]LogDerivedDataCache: Unable to find inner node EnterprisePak for hierarchical cache Hierarchy.
[2020.02.26-14.28.49:731][  0]LogDerivedDataCache: Using Local data cache path C:/Users/theod/AppData/Local/UnrealEngine/Common/DerivedDataCache: Writable
[2020.02.26-14.28.49:731][  0]LogDerivedDataCache: Shared data cache path not found in *engine.ini, will not use an Shared cache.
[2020.02.26-14.28.49:731][  0]LogDerivedDataCache: Unable to find inner node Shared for hierarchical cache Hierarchy.
[2020.02.26-14.28.49:791][  0]LogMaterial: Verifying Global Shaders for PCD3D_ES31
[2020.02.26-14.28.49:834][  0]LogSlate: Using FreeType 2.10.0
[2020.02.26-14.28.49:882][  0]LogSlate: SlateFontServices - WITH_FREETYPE: 1, WITH_HARFBUZZ: 1
[2020.02.26-14.28.50:556][  0]LogInit: Using OS detected language (en-US).
[2020.02.26-14.28.50:556][  0]LogInit: Using OS detected locale (en-US).
[2020.02.26-14.28.50:557][  0]LogTextLocalizationManager: No localization for 'en-US' exists, so 'en' will be used for the language.
[2020.02.26-14.28.50:557][  0]LogTextLocalizationManager: No localization for 'en-US' exists, so 'en' will be used for the locale.
[2020.02.26-14.28.50:557][  0]LogSlate: FontCache flush requested. Reason: Culture for localization was changed
[2020.02.26-14.28.50:557][  0]LogSlate: FontCache flush requested. Reason: Culture for localization was changed
[2020.02.26-14.28.50:558][  0]LogTextLocalizationManager: Compacting localization data took   0.00ms
[2020.02.26-14.28.50:573][  0]LogAssetRegistry: FAssetRegistry took 0.0018 seconds to start up
[2020.02.26-14.28.51:986][  0]LogPackageLocalizationCache: Processed 10 localized package path(s) for 1 prioritized culture(s) in 0.000460 seconds
[2020.02.26-14.28.52:179][  0]LogInit: Selected Device Profile: [Windows]
[2020.02.26-14.28.52:995][  0]LogMeshReduction: Using QuadricMeshReduction for automatic static mesh reduction
[2020.02.26-14.28.52:995][  0]LogMeshReduction: Using SimplygonMeshReduction for automatic skeletal mesh reduction
[2020.02.26-14.28.52:995][  0]LogMeshReduction: Using ProxyLODMeshReduction for automatic mesh merging
[2020.02.26-14.28.52:995][  0]LogMeshReduction: No distributed automatic mesh merging module available
[2020.02.26-14.28.52:996][  0]LogMeshMerging: No distributed automatic mesh merging module available
[2020.02.26-14.28.53:143][  0]LogNetVersion: RealeaseGame 1.0.0, NetCL: 10570792, EngineNetVer: 13, GameNetVer: 0 (Checksum: 1803780436)
[2020.02.26-14.28.57:817][  0]LogMoviePlayer: Initializing movie player
[2020.02.26-14.28.58:486][  0]LogTcpMessaging: Initializing TcpMessaging bridge
[2020.02.26-14.28.58:504][  0]LogUdpMessaging: Initializing bridge on interface 0.0.0.0:0 to multicast group 230.0.0.1:6666.
[2020.02.26-14.29.00:556][  0]SourceControl: Source control is disabled
[2020.02.26-14.29.00:556][  0]SourceControl: Source control is disabled
[2020.02.26-14.29.00:574][  0]SourceControl: Source control is disabled
[2020.02.26-14.29.01:057][  0]LogAndroidPermission: UAndroidPermissionCallbackProxy::GetInstance
[2020.02.26-14.29.01:158][  0]LogAudioCaptureCore: Display: No Audio Capture implementations found. Audio input will be silent.
[2020.02.26-14.29.01:158][  0]LogAudioCaptureCore: Display: No Audio Capture implementations found. Audio input will be silent.
[2020.02.26-14.29.01:511][  0]LogOcInput: OculusInput pre-init called
[2020.02.26-14.29.01:546][  0]LogUObjectArray: 55280 objects as part of root set at end of initial load.
[2020.02.26-14.29.01:546][  0]LogUObjectAllocator: 10209896 out of 0 bytes used by permanent object pool.
[2020.02.26-14.29.01:546][  0]LogUObjectArray: CloseDisregardForGC: 0/0 objects in disregard for GC pool
[2020.02.26-14.29.02:139][  0]LogEngine: Initializing Engine...
[2020.02.26-14.29.02:164][  0]LogHMD: Failed to initialize OpenVR with code 110
[2020.02.26-14.29.02:189][  0]LogStats: UGameplayTagsManager::InitializeManager -  0.001 s
[2020.02.26-14.29.02:695][  0]LogInit: Initializing FReadOnlyCVARCache
[2020.02.26-14.29.02:709][  0]LogAudioMixer: Display: Audio Mixer Platform Settings:
[2020.02.26-14.29.02:709][  0]LogAudioMixer: Display: 	Sample Rate:						  48000
[2020.02.26-14.29.02:709][  0]LogAudioMixer: Display: 	Callback Buffer Frame Size Requested: 1024
[2020.02.26-14.29.02:709][  0]LogAudioMixer: Display: 	Callback Buffer Frame Size To Use:	  1024
[2020.02.26-14.29.02:709][  0]LogAudioMixer: Display: 	Number of buffers to queue:			  2
[2020.02.26-14.29.02:709][  0]LogAudioMixer: Display: 	Max Channels (voices):				  32
[2020.02.26-14.29.02:709][  0]LogAudioMixer: Display: 	Number of Async Source Workers:		  0
[2020.02.26-14.29.02:709][  0]LogAudio: Display: AudioDevice MaxSources: 32
[2020.02.26-14.29.02:709][  0]LogAudio: Display: Using built-in audio occlusion.
[2020.02.26-14.29.02:709][  0]LogAudioMixer: Display: Initializing audio mixer.
[2020.02.26-14.29.02:788][  0]LogAudioMixer: Display: Audio Device Output Speaker Info:
[2020.02.26-14.29.02:788][  0]LogAudioMixer: Display: Name: Speakers (Realtek(R) Audio)
[2020.02.26-14.29.02:788][  0]LogAudioMixer: Display: Is Default: Yes
[2020.02.26-14.29.02:788][  0]LogAudioMixer: Display: Sample Rate: 48000
[2020.02.26-14.29.02:788][  0]LogAudioMixer: Display: Channel Count Used: 2
[2020.02.26-14.29.02:788][  0]LogAudioMixer: Display: Device Channel Count: 2
[2020.02.26-14.29.02:788][  0]LogAudioMixer: Display: Channel Order:
[2020.02.26-14.29.02:788][  0]LogAudioMixer: Display: 0: FrontLeft
[2020.02.26-14.29.02:788][  0]LogAudioMixer: Display: 1: FrontRight
[2020.02.26-14.29.02:854][  0]LogAudioMixer: Display: Using Audio Device Speakers (Realtek(R) Audio)
[2020.02.26-14.29.02:856][  0]LogInit: FAudioDevice initialized.
[2020.02.26-14.29.02:866][  0]LogNetVersion: Set ProjectVersion to 1.0.0.0. Version Checksum will be recalculated on next use.
[2020.02.26-14.29.02:867][  0]LogInit: Texture streaming: Enabled
[2020.02.26-14.29.03:389][  0]LogSlate: Updating window title bar state: overlay mode, drag disabled, window buttons hidden, title bar hidden
[2020.02.26-14.29.03:390][  0]LogInit: Display: Game Engine Initialized.
[2020.02.26-14.29.03:601][  0]LogInit: Display: Starting Game.
[2020.02.26-14.29.03:613][  0]LogNet: Browse: /Game/TopDownCPP/Maps/TopDownExampleMap?Name=Player
[2020.02.26-14.29.03:613][  0]LogLoad: LoadMap: /Game/TopDownCPP/Maps/TopDownExampleMap?Name=Player
[2020.02.26-14.29.03:613][  0]LogWorld: BeginTearingDown for /Temp/Untitled_0
[2020.02.26-14.29.03:618][  0]LogWorld: UWorld::CleanupWorld for Untitled, bSessionEnded=true, bCleanupResources=true
[2020.02.26-14.29.03:619][  0]LogSlate: InvalidateAllWidgets triggered.  All widgets were invalidated
[2020.02.26-14.29.03:708][  0]LogAudioMixer: Display: No commands were queued while flushing the source manager.
[2020.02.26-14.29.03:729][  0]LogUObjectHash: Compacting FUObjectHashTables data took   1.93ms
[2020.02.26-14.29.04:259][  0]LogAIModule: Creating AISystem for world TopDownExampleMap
[2020.02.26-14.29.04:260][  0]LogLoad: Game class is 'RealeaseGameGameMode'
[2020.02.26-14.29.04:284][  0]LogWorld: Bringing World /Game/TopDownCPP/Maps/TopDownExampleMap.TopDownExampleMap up for play (max tick rate 0) at 2020.02.26-15.29.04
[2020.02.26-14.29.04:285][  0]LogWorld: Bringing up level for play took: 0.025023
[2020.02.26-14.29.04:465][  0]LogLoad: Took 0.851656 seconds to LoadMap(/Game/TopDownCPP/Maps/TopDownExampleMap)
[2020.02.26-14.29.04:603][  0]LogRenderer: Reallocating scene render targets to support 1280x720 Format 10 NumSamples 1 (Frame:1).
[2020.02.26-14.29.04:603][  0]LogLoad: (Engine Initialization) Total time: 35.30 seconds
[2020.02.26-14.29.04:603][  0]LogLoad: (Engine Initialization) Total Blueprint compile time: 0.00 seconds
[2020.02.26-14.29.04:682][  0]LogContentStreaming: Texture pool size now 1000 MB
[2020.02.26-14.29.04:686][  0]LogRenderer: Reallocating scene render targets to support 128x128 Format 10 NumSamples 1 (Frame:1).
[2020.02.26-14.29.04:686][  0]LogSlate: InvalidateAllWidgets triggered.  All widgets were invalidated
[2020.02.26-14.29.04:697][  0]LogRenderer: Reallocating scene render targets to support 1280x720 Format 10 NumSamples 1 (Frame:2).
[2020.02.26-14.29.35:808][967]LogScript: Warning: Attempted to access Golem via property Golem, but Golem is pending kill
	Golem_C /Game/TopDownCPP/Maps/TopDownExampleMap.TopDownExampleMap:PersistentLevel.Golem_C_13
	Function /Game/TopDownCPP/Blueprints/Golem.Golem_C:Move Golem:01AC
[2020.02.26-14.29.35:808][967]LogScript: Warning: Script call stack:
	Function /Game/TopDownCPP/Blueprints/Golem.Golem_C:ReceiveTick
	Function /Game/TopDownCPP/Blueprints/Golem.Golem_C:ExecuteUbergraph_Golem
	Function /Game/TopDownCPP/Blueprints/Golem.Golem_C:Move Golem

[2020.02.26-14.29.36:564][195]LogSlate: Window 'RealeaseGame (64-bit Development PCD3D_ES31) ' being destroyed
[2020.02.26-14.29.36:565][195]LogWindowsTextInputMethodSystem: Display: IME system now deactivated.
[2020.02.26-14.29.36:572][195]LogSlate: Updating window title bar state: overlay mode, drag disabled, window buttons hidden, title bar hidden
[2020.02.26-14.29.36:572][195]LogEngine: All Windows Closed
[2020.02.26-14.29.36:572][195]LogWindows: FPlatformMisc::RequestExit(0)
[2020.02.26-14.29.36:572][195]LogCore: Engine exit requested (reason: Win RequestExit)
[2020.02.26-14.29.36:622][196]LogCore: Engine exit requested (reason: EngineExit() was called; note: exit was already requested)
[2020.02.26-14.29.36:682][196]LogAudioMixer: Display: No commands were queued while flushing the source manager.
[2020.02.26-14.29.36:690][196]LogInit: Display: PreExit Game.
[2020.02.26-14.29.36:738][196]LogWorld: BeginTearingDown for /Game/TopDownCPP/Maps/TopDownExampleMap
[2020.02.26-14.29.36:746][196]LogWorld: UWorld::CleanupWorld for TopDownExampleMap, bSessionEnded=true, bCleanupResources=true
[2020.02.26-14.29.36:746][196]LogSlate: InvalidateAllWidgets triggered.  All widgets were invalidated
[2020.02.26-14.29.37:254][196]LogExit: Preparing to exit.
[2020.02.26-14.29.37:541][196]LogMoviePlayer: Shutting down movie player
[2020.02.26-14.29.37:909][196]LogSlate: Updating window title bar state: overlay mode, drag disabled, window buttons hidden, title bar hidden
[2020.02.26-14.29.37:933][196]LogDemo: Cleaned up 0 splitscreen connections with owner deletion
[2020.02.26-14.29.37:972][196]LogExit: Game engine shut down
[2020.02.26-14.29.38:625][196]LogExit: Object subsystem successfully closed.
[2020.02.26-14.29.38:804][196]LogShaderCompilers: Display: Shaders left to compile 0
[2020.02.26-14.29.39:277][196]LogModuleManager: Shutting down and abandoning module SequenceRecorderSections (436)
[2020.02.26-14.29.39:277][196]LogModuleManager: Shutting down and abandoning module SequenceRecorder (434)
[2020.02.26-14.29.39:277][196]LogModuleManager: Shutting down and abandoning module AutomationController (432)
[2020.02.26-14.29.39:277][196]LogModuleManager: Shutting down and abandoning module AutomationWorker (430)
[2020.02.26-14.29.39:277][196]LogModuleManager: Shutting down and abandoning module Voice (428)
[2020.02.26-14.29.39:277][196]LogModuleManager: Shutting down and abandoning module AIModule (426)
[2020.02.26-14.29.39:277][196]LogModuleManager: Shutting down and abandoning module GameplayDebugger (425)
[2020.02.26-14.29.39:301][196]LogModuleManager: Shutting down and abandoning module AITestSuite (423)
[2020.02.26-14.29.39:301][196]LogModuleManager: Shutting down and abandoning module NavigationSystem (421)
[2020.02.26-14.29.39:301][196]LogModuleManager: Shutting down and abandoning module OculusMR (418)
[2020.02.26-14.29.39:301][196]LogModuleManager: Shutting down and abandoning module WmfMediaFactory (416)
[2020.02.26-14.29.39:301][196]LogModuleManager: Shutting down and abandoning module WebMMediaFactory (414)
[2020.02.26-14.29.39:301][196]LogModuleManager: Shutting down and abandoning module WebMMedia (412)
[2020.02.26-14.29.39:301][196]LogModuleManager: Shutting down and abandoning module OpenExrWrapper (410)
[2020.02.26-14.29.39:301][196]LogModuleManager: Shutting down and abandoning module ImgMediaFactory (408)
[2020.02.26-14.29.39:301][196]LogModuleManager: Shutting down and abandoning module AvfMediaFactory (406)
[2020.02.26-14.29.39:301][196]LogModuleManager: Shutting down and abandoning module MagicLeapMediaCodecFactory (404)
[2020.02.26-14.29.39:301][196]LogModuleManager: Shutting down and abandoning module MagicLeapMediaFactory (402)
[2020.02.26-14.29.39:301][196]LogModuleManager: Shutting down and abandoning module CharacterAI (400)
[2020.02.26-14.29.39:301][196]LogModuleManager: Shutting down and abandoning module SessionServices (398)
[2020.02.26-14.29.39:301][196]LogModuleManager: Shutting down and abandoning module MovieSceneCapture (396)
[2020.02.26-14.29.39:301][196]LogModuleManager: Shutting down and abandoning module LiveCoding (394)
[2020.02.26-14.29.39:309][196]LogModuleManager: Shutting down and abandoning module LevelSequence (392)
[2020.02.26-14.29.39:309][196]LogModuleManager: Shutting down and abandoning module MovieSceneTracks (390)
[2020.02.26-14.29.39:309][196]LogModuleManager: Shutting down and abandoning module MovieScene (388)
[2020.02.26-14.29.39:309][196]LogModuleManager: Shutting down and abandoning module StreamingPauseRendering (386)
[2020.02.26-14.29.39:309][196]LogModuleManager: Shutting down and abandoning module PortalServices (384)
[2020.02.26-14.29.39:309][196]LogModuleManager: Shutting down and abandoning module PortalRpc (382)
[2020.02.26-14.29.39:309][196]LogModuleManager: Shutting down and abandoning module MessagingRpc (380)
[2020.02.26-14.29.39:309][196]LogModuleManager: Shutting down and abandoning module AudioMixerXAudio2 (378)
[2020.02.26-14.29.39:309][196]LogModuleManager: Shutting down and abandoning module ImageWriteQueue (376)
[2020.02.26-14.29.39:311][196]LogModuleManager: Shutting down and abandoning module ProfilerService (374)
[2020.02.26-14.29.39:454][196]LogModuleManager: Shutting down and abandoning module TaskGraph (372)
[2020.02.26-14.29.39:455][196]LogModuleManager: Shutting down and abandoning module ProceduralMeshComponent (370)
[2020.02.26-14.29.39:455][196]LogModuleManager: Shutting down and abandoning module OculusInput (368)
[2020.02.26-14.29.39:455][196]LogModuleManager: Shutting down and abandoning module MobilePatchingUtils (366)
[2020.02.26-14.29.39:455][196]LogModuleManager: Shutting down and abandoning module EditableMesh (364)
[2020.02.26-14.29.39:471][196]LogModuleManager: Shutting down and abandoning module CustomMeshComponent (362)
[2020.02.26-14.29.39:471][196]LogModuleManager: Shutting down and abandoning module CableComponent (360)
[2020.02.26-14.29.39:471][196]LogModuleManager: Shutting down and abandoning module AudioCapture (358)
[2020.02.26-14.29.39:471][196]LogModuleManager: Shutting down and abandoning module AudioCaptureRtAudio (357)
[2020.02.26-14.29.39:471][196]LogModuleManager: Shutting down and abandoning module AssetTags (354)
[2020.02.26-14.29.39:471][196]LogModuleManager: Shutting down and abandoning module ArchVisCharacter (352)
[2020.02.26-14.29.39:471][196]LogModuleManager: Shutting down and abandoning module AppleImageUtilsBlueprintSupport (350)
[2020.02.26-14.29.39:471][196]LogModuleManager: Shutting down and abandoning module AppleImageUtils (348)
[2020.02.26-14.29.39:471][196]LogModuleManager: Shutting down and abandoning module AndroidPermission (346)
[2020.02.26-14.29.39:471][196]LogModuleManager: Shutting down and abandoning module NUTUnrealEngine4 (344)
[2020.02.26-14.29.39:471][196]LogModuleManager: Shutting down and abandoning module NetcodeUnitTest (342)
[2020.02.26-14.29.39:471][196]LogModuleManager: Shutting down and abandoning module MediaCompositing (340)
[2020.02.26-14.29.39:471][196]LogModuleManager: Shutting down and abandoning module ImgMedia (338)
[2020.02.26-14.29.39:481][196]LogModuleManager: Shutting down and abandoning module MagicLeapHelperVulkan (336)
[2020.02.26-14.29.39:481][196]LogModuleManager: Shutting down and abandoning module MagicLeapHelperOpenGL (334)
[2020.02.26-14.29.39:481][196]LogModuleManager: Shutting down and abandoning module MagicLeapAudio (332)
[2020.02.26-14.29.39:481][196]LogModuleManager: Shutting down and abandoning module GeometryCacheTracks (330)
[2020.02.26-14.29.39:481][196]LogModuleManager: Shutting down and abandoning module GeometryCacheSequencer (329)
[2020.02.26-14.29.39:502][196]LogModuleManager: Shutting down and abandoning module GeometryCache (326)
[2020.02.26-14.29.39:502][196]LogModuleManager: Shutting down and abandoning module GeometryCacheEd (325)
[2020.02.26-14.29.39:502][196]LogModuleManager: Shutting down and abandoning module BackChannel (322)
[2020.02.26-14.29.39:502][196]LogModuleManager: Shutting down and abandoning module AutomationUtils (320)
[2020.02.26-14.29.39:515][196]LogModuleManager: Shutting down and abandoning module VisualStudioSourceCodeAccess (318)
[2020.02.26-14.29.39:515][196]LogModuleManager: Shutting down and abandoning module HotReload (317)
[2020.02.26-14.29.39:515][196]LogModuleManager: Shutting down and abandoning module DirectoryWatcher (316)
[2020.02.26-14.29.39:515][196]LogModuleManager: Shutting down and abandoning module VisualStudioCodeSourceCodeAccess (312)
[2020.02.26-14.29.39:515][196]LogModuleManager: Shutting down and abandoning module UObjectPlugin (310)
[2020.02.26-14.29.39:515][196]LogModuleManager: Shutting down and abandoning module SubversionSourceControl (308)
[2020.02.26-14.29.39:515][196]LogModuleManager: Shutting down and abandoning module PerforceSourceControl (306)
[2020.02.26-14.29.39:515][196]LogModuleManager: Shutting down and abandoning module SourceControl (305)
[2020.02.26-14.29.39:515][196]LogModuleManager: Shutting down and abandoning module CLionSourceCodeAccess (302)
[2020.02.26-14.29.39:515][196]LogModuleManager: Shutting down and abandoning module ActorLayerUtilities (300)
[2020.02.26-14.29.39:515][196]LogModuleManager: Shutting down and abandoning module RealeaseGame (298)
[2020.02.26-14.29.39:515][196]LogModuleManager: Shutting down and abandoning module SignificanceManager (296)
[2020.02.26-14.29.39:516][196]LogModuleManager: Shutting down and abandoning module RuntimePhysXCooking (294)
[2020.02.26-14.29.39:516][196]LogModuleManager: Shutting down and abandoning module PhysXVehiclesEditor (292)
[2020.02.26-14.29.39:516][196]LogModuleManager: Shutting down and abandoning module LocationServicesBPLibrary (288)
[2020.02.26-14.29.39:516][196]LogModuleManager: Shutting down and abandoning module ActorSequence (286)
[2020.02.26-14.29.39:516][196]LogModuleManager: Shutting down and abandoning module UdpMessaging (284)
[2020.02.26-14.29.39:616][196]LogModuleManager: Shutting down and abandoning module TcpMessaging (282)
[2020.02.26-14.29.39:717][196]LogModuleManager: Shutting down and abandoning module MagicLeapPrivileges (280)
[2020.02.26-14.29.39:717][196]LogModuleManager: Shutting down and abandoning module MagicLeapPlanes (278)
[2020.02.26-14.29.39:717][196]LogMagicLeapPlanes: Planes tracker already destroyed.
[2020.02.26-14.29.39:717][196]LogModuleManager: Shutting down and abandoning module MagicLeapIdentity (276)
[2020.02.26-14.29.39:717][196]LogModuleManager: Shutting down and abandoning module MagicLeapSecureStorage (274)
[2020.02.26-14.29.39:717][196]LogModuleManager: Shutting down and abandoning module MagicLeapImageTracker (272)
[2020.02.26-14.29.39:717][196]LogModuleManager: Shutting down and abandoning module MagicLeapHandTracking (270)
[2020.02.26-14.29.39:717][196]LogModuleManager: Shutting down and abandoning module MagicLeapHandMeshing (268)
[2020.02.26-14.29.39:717][196]LogModuleManager: Shutting down and abandoning module MagicLeapEyeTracker (266)
[2020.02.26-14.29.39:717][196]LogModuleManager: Shutting down and abandoning module MagicLeapController (264)
[2020.02.26-14.29.39:717][196]LogSlate: Slate User Destroyed.  User Index 0, Is Virtual User: 0
[2020.02.26-14.29.39:717][196]LogModuleManager: Shutting down and abandoning module MagicLeapARPin (262)
[2020.02.26-14.29.39:717][196]LogModuleManager: Shutting down and abandoning module MagicLeapAR (260)
[2020.02.26-14.29.39:717][196]LogModuleManager: Shutting down and abandoning module AugmentedReality (259)
[2020.02.26-14.29.39:717][196]LogModuleManager: Shutting down and abandoning module GameplayTagsEditor (256)
[2020.02.26-14.29.39:717][196]LogModuleManager: Shutting down and abandoning module FacialAnimation (254)
[2020.02.26-14.29.39:717][196]LogModuleManager: Shutting down and abandoning module AssetManagerEditor (252)
[2020.02.26-14.29.39:737][196]LogModuleManager: Shutting down and abandoning module TreeMap (251)
[2020.02.26-14.29.39:737][196]LogModuleManager: Shutting down and abandoning module AnimationSharing (248)
[2020.02.26-14.29.39:737][196]LogModuleManager: Shutting down and abandoning module LightPropagationVolumeRuntime (246)
[2020.02.26-14.29.39:737][196]LogModuleManager: Shutting down and abandoning module Paper2D (244)
[2020.02.26-14.29.39:737][196]LogModuleManager: Shutting down and abandoning module WindowsMoviePlayer (242)
[2020.02.26-14.29.39:739][196]LogModuleManager: Shutting down and abandoning module WebMMoviePlayer (240)
[2020.02.26-14.29.39:739][196]LogModuleManager: Shutting down and abandoning module NetworkReplayStreaming (238)
[2020.02.26-14.29.39:739][196]LogModuleManager: Shutting down and abandoning module PacketHandler (236)
[2020.02.26-14.29.39:739][196]LogModuleManager: Shutting down and abandoning module ClothingSystemEditor (234)
[2020.02.26-14.29.39:739][196]LogModuleManager: Shutting down and abandoning module ClothingSystemRuntimeNv (232)
[2020.02.26-14.29.39:753][196]LogModuleManager: Shutting down and abandoning module MediaAssets (230)
[2020.02.26-14.29.39:754][196]LogModuleManager: Shutting down and abandoning module Overlay (228)
[2020.02.26-14.29.39:754][196]LogModuleManager: Shutting down and abandoning module OverlayEditor (227)
[2020.02.26-14.29.39:754][196]LogModuleManager: Shutting down and abandoning module VREditor (224)
[2020.02.26-14.29.39:754][196]LogModuleManager: Shutting down and abandoning module StringTableEditor (222)
[2020.02.26-14.29.39:755][196]LogModuleManager: Shutting down and abandoning module GameplayTasksEditor (220)
[2020.02.26-14.29.39:755][196]LogModuleManager: Shutting down and abandoning module BehaviorTreeEditor (218)
[2020.02.26-14.29.39:775][196]LogModuleManager: Shutting down and abandoning module FunctionalTesting (216)
[2020.02.26-14.29.39:775][196]LogModuleManager: Shutting down and abandoning module CollisionAnalyzer (214)
[2020.02.26-14.29.39:775][196]LogModuleManager: Shutting down and abandoning module WorkspaceMenuStructure (213)
[2020.02.26-14.29.39:775][196]LogModuleManager: Shutting down and abandoning module UMG (210)
[2020.02.26-14.29.39:775][196]LogModuleManager: Shutting down and abandoning module UMGEditor (209)
[2020.02.26-14.29.39:785][196]LogModuleManager: Shutting down and abandoning module Sequencer (208)
[2020.02.26-14.29.39:844][196]LogModuleManager: Shutting down and abandoning module MessageLog (205)
[2020.02.26-14.29.39:845][196]LogModuleManager: Shutting down and abandoning module SlateReflector (200)
[2020.02.26-14.29.39:865][196]LogModuleManager: Shutting down and abandoning module Slate (198)
[2020.02.26-14.29.39:865][196]LogModuleManager: Shutting down and abandoning module SlateCore (196)
[2020.02.26-14.29.39:865][196]LogModuleManager: Shutting down and abandoning module LandscapeEditorUtilities (194)
[2020.02.26-14.29.39:865][196]LogModuleManager: Shutting down and abandoning module EditorStyle (192)
[2020.02.26-14.29.39:866][196]LogModuleManager: Shutting down and abandoning module UnrealEd (190)
[2020.02.26-14.29.39:873][196]LogModuleManager: Shutting down and abandoning module MRMesh (188)
[2020.02.26-14.29.39:873][196]LogModuleManager: Shutting down and abandoning module Messaging (186)
[2020.02.26-14.29.39:873][196]LogModuleManager: Shutting down and abandoning module SourceCodeAccess (184)
[2020.02.26-14.29.39:873][196]LogModuleManager: Shutting down and abandoning module HeadMountedDisplay (182)
[2020.02.26-14.29.39:873][196]LogModuleManager: Shutting down and abandoning module XAudio2 (180)
[2020.02.26-14.29.39:873][196]LogModuleManager: Shutting down and abandoning module Networking (178)
[2020.02.26-14.29.39:873][196]LogModuleManager: Shutting down and abandoning module Core (176)
[2020.02.26-14.29.39:873][196]LogModuleManager: Shutting down and abandoning module MovieSceneTools (174)
[2020.02.26-14.29.39:885][196]LogModuleManager: Shutting down and abandoning module KismetCompiler (172)
[2020.02.26-14.29.39:885][196]LogModuleManager: Shutting down and abandoning module MeshUtilities (170)
[2020.02.26-14.29.39:896][196]LogModuleManager: Shutting down and abandoning module MeshMergeUtilities (169)
[2020.02.26-14.29.39:896][196]LogModuleManager: Shutting down and abandoning module MeshReductionInterface (168)
[2020.02.26-14.29.39:897][196]LogModuleManager: Shutting down and abandoning module MeshBoneReduction (167)
[2020.02.26-14.29.39:897][196]LogModuleManager: Shutting down and abandoning module SkeletalMeshReduction (165)
[2020.02.26-14.29.39:908][196]LogModuleManager: Shutting down and abandoning module ProxyLODMeshReduction (163)
[2020.02.26-14.29.39:927][196]LogModuleManager: Shutting down and abandoning module QuadricMeshReduction (161)
[2020.02.26-14.29.39:927][196]LogModuleManager: Shutting down and abandoning module MaterialBaking (157)
[2020.02.26-14.29.39:937][196]LogModuleManager: Shutting down and abandoning module NullInstallBundleManager (152)
[2020.02.26-14.29.39:937][196]LogModuleManager: Shutting down and abandoning module PIEPreviewDeviceProfileSelector (150)
[2020.02.26-14.29.39:946][196]LogModuleManager: Shutting down and abandoning module DerivedDataCache (148)
[2020.02.26-14.29.39:946][196]LogDerivedDataCache: Shutdown
[2020.02.26-14.29.39:946][196]LogModuleManager: Shutting down and abandoning module XGEController (146)
[2020.02.26-14.29.39:946][196]LogModuleManager: Shutting down and abandoning module TargetPlatform (144)
[2020.02.26-14.29.39:946][196]LogModuleManager: Shutting down and abandoning module VulkanShaderFormat (143)
[2020.02.26-14.29.39:946][196]LogModuleManager: Shutting down and abandoning module ShaderFormatVectorVM (141)
[2020.02.26-14.29.39:946][196]LogModuleManager: Shutting down and abandoning module ShaderFormatOpenGL (139)
[2020.02.26-14.29.39:951][196]LogModuleManager: Shutting down and abandoning module ShaderFormatD3D (137)
[2020.02.26-14.29.39:951][196]LogModuleManager: Shutting down and abandoning module MetalShaderFormat (135)
[2020.02.26-14.29.39:962][196]LogModuleManager: Shutting down and abandoning module TextureFormatUncompressed (133)
[2020.02.26-14.29.39:962][196]LogModuleManager: Shutting down and abandoning module TextureFormatPVR (131)
[2020.02.26-14.29.39:962][196]LogModuleManager: Shutting down and abandoning module TextureFormatDXT (129)
[2020.02.26-14.29.39:962][196]LogModuleManager: Shutting down and abandoning module TextureFormatIntelISPCTexComp (127)
[2020.02.26-14.29.39:962][196]LogModuleManager: Shutting down and abandoning module TextureFormatASTC (125)
[2020.02.26-14.29.39:962][196]LogModuleManager: Shutting down and abandoning module ImageWrapper (124)
[2020.02.26-14.29.39:962][196]LogModuleManager: Shutting down and abandoning module TextureFormatAndroid (121)
[2020.02.26-14.29.39:962][196]LogModuleManager: Shutting down and abandoning module AudioFormatOpus (119)
[2020.02.26-14.29.39:962][196]LogModuleManager: Shutting down and abandoning module AudioFormatOgg (117)
[2020.02.26-14.29.39:962][196]LogModuleManager: Shutting down and abandoning module AudioFormatADPCM (115)
[2020.02.26-14.29.39:962][196]LogModuleManager: Shutting down and abandoning module WindowsServerTargetPlatform (113)
[2020.02.26-14.29.39:962][196]LogModuleManager: Shutting down and abandoning module WindowsClientTargetPlatform (111)
[2020.02.26-14.29.39:962][196]LogModuleManager: Shutting down and abandoning module WindowsTargetPlatform (109)
[2020.02.26-14.29.39:962][196]LogModuleManager: Shutting down and abandoning module WindowsNoEditorTargetPlatform (107)
[2020.02.26-14.29.39:962][196]LogModuleManager: Shutting down and abandoning module InputCore (104)
[2020.02.26-14.29.39:962][196]LogModuleManager: Shutting down and abandoning module Settings (102)
[2020.02.26-14.29.39:962][196]LogModuleManager: Shutting down and abandoning module PhysXCooking (100)
[2020.02.26-14.29.39:962][196]LogModuleManager: Shutting down and abandoning module ChaosSolvers (98)
[2020.02.26-14.29.39:962][196]LogModuleManager: Shutting down and abandoning module FieldSystemEngine (97)
[2020.02.26-14.29.39:962][196]LogModuleManager: Shutting down and abandoning module Chaos (94)
[2020.02.26-14.29.39:962][196]LogModuleManager: Shutting down and abandoning module WindowsPlatformFeatures (92)
[2020.02.26-14.29.39:962][196]LogModuleManager: Shutting down and abandoning module GameplayMediaEncoder (91)
[2020.02.26-14.29.39:967][196]LogModuleManager: Shutting down and abandoning module SteamVRInputDevice (88)
[2020.02.26-14.29.39:967][196]LogModuleManager: Shutting down and abandoning module SteamVRInput (86)
[2020.02.26-14.29.39:967][196]LogModuleManager: Shutting down and abandoning module SteamVR (84)
[2020.02.26-14.29.39:967][196]LogHMD: Freeing OpenVRDLLHandle.
[2020.02.26-14.29.39:967][196]LogModuleManager: Shutting down and abandoning module OculusHMD (82)
[2020.02.26-14.29.39:967][196]LogModuleManager: Shutting down and abandoning module ExampleDeviceProfileSelector (80)
[2020.02.26-14.29.39:967][196]LogModuleManager: Shutting down and abandoning module LauncherChunkInstaller (78)
[2020.02.26-14.29.39:967][196]LogModuleManager: Shutting down and abandoning module OnlineBlueprintSupport (76)
[2020.02.26-14.29.39:968][196]LogModuleManager: Shutting down and abandoning module OnlineSubsystem (72)
[2020.02.26-14.29.39:978][196]LogModuleManager: Shutting down and abandoning module XMPP (67)
[2020.02.26-14.29.39:978][196]LogModuleManager: Shutting down and abandoning module WebSockets (66)
[2020.02.26-14.29.40:019][196]LogModuleManager: Shutting down and abandoning module HTTP (63)
[2020.02.26-14.29.40:043][196]LogModuleManager: Shutting down and abandoning module SSL (62)
[2020.02.26-14.29.40:044][196]LogModuleManager: Shutting down and abandoning module WmfMedia (58)
[2020.02.26-14.29.40:046][196]LogModuleManager: Shutting down and abandoning module Media (57)
[2020.02.26-14.29.40:047][196]LogModuleManager: Shutting down and abandoning module MagicLeap (54)
[2020.02.26-14.29.40:047][196]LogModuleManager: Shutting down and abandoning module VariantManagerContent (52)
[2020.02.26-14.29.40:047][196]LogModuleManager: Shutting down and abandoning module DatasmithContent (50)
[2020.02.26-14.29.40:047][196]LogModuleManager: Shutting down and abandoning module AISupportModule (48)
[2020.02.26-14.29.40:047][196]LogModuleManager: Shutting down and abandoning module DesktopPlatform (46)
[2020.02.26-14.29.40:047][196]LogModuleManager: Shutting down and abandoning module PlatformCryptoOpenSSL (44)
[2020.02.26-14.29.40:047][196]LogModuleManager: Shutting down and abandoning module PlatformCryptoTypes (42)
[2020.02.26-14.29.40:047][196]LogModuleManager: Shutting down and abandoning module PlatformCrypto (40)
[2020.02.26-14.29.40:047][196]LogModuleManager: Shutting down and abandoning module AnimationModifiers (38)
[2020.02.26-14.29.40:062][196]LogModuleManager: Shutting down and abandoning module PropertyEditor (37)
[2020.02.26-14.29.40:062][196]LogModuleManager: Shutting down and abandoning module AudioEditor (34)
[2020.02.26-14.29.40:080][196]LogModuleManager: Shutting down and abandoning module TextureCompressor (32)
[2020.02.26-14.29.40:080][196]LogModuleManager: Shutting down and abandoning module RenderCore (30)
[2020.02.26-14.29.40:080][196]LogModuleManager: Shutting down and abandoning module Landscape (28)
[2020.02.26-14.29.40:080][196]LogModuleManager: Shutting down and abandoning module SlateRHIRenderer (26)
[2020.02.26-14.29.40:084][196]LogModuleManager: Shutting down and abandoning module OpenGLDrv (24)
[2020.02.26-14.29.40:094][196]LogModuleManager: Shutting down and abandoning module D3D11RHI (22)
[2020.02.26-14.29.40:094][196]LogModuleManager: Shutting down and abandoning module AnimGraphRuntime (20)
[2020.02.26-14.29.40:094][196]LogModuleManager: Shutting down and abandoning module Renderer (18)
[2020.02.26-14.29.40:094][196]LogModuleManager: Shutting down and abandoning module Engine (16)
[2020.02.26-14.29.40:094][196]LogModuleManager: Shutting down and abandoning module CoreUObject (14)
[2020.02.26-14.29.40:094][196]LogModuleManager: Shutting down and abandoning module NetworkFile (12)
[2020.02.26-14.29.40:094][196]LogModuleManager: Shutting down and abandoning module CookedIterativeFile (10)
[2020.02.26-14.29.40:095][196]LogModuleManager: Shutting down and abandoning module StreamingFile (8)
[2020.02.26-14.29.40:095][196]LogModuleManager: Shutting down and abandoning module SandboxFile (6)
[2020.02.26-14.29.40:095][196]LogModuleManager: Shutting down and abandoning module PakFile (4)
[2020.02.26-14.29.40:095][196]LogModuleManager: Shutting down and abandoning module RSA (3)
[2020.02.26-14.29.40:095][196]LogD3D11RHI: Shutdown
[2020.02.26-14.29.40:095][196]LogD3D11RHI: CleanupD3DDevice
[2020.02.26-14.29.40:134][196]LogExit: Exiting.
[2020.02.26-14.29.40:153][196]Log file closed, 02/26/20 15:29:40
